2025-11-24 12:00:23.384446: I tensorflow/core/util/port.cc:153] oneDNN custom operations are on. You may see slightly different numerical results due to floating-point round-off errors from different computation orders. To turn them off, set the environment variable `TF_ENABLE_ONEDNN_OPTS=0`.
2025-11-24 12:00:23.528420: I tensorflow/core/platform/cpu_feature_guard.cc:210] This TensorFlow binary is optimized to use available CPU instructions in performance-critical operations.
To enable the following instructions: AVX2 AVX_VNNI FMA, in other operations, rebuild TensorFlow with the appropriate compiler flags.
2025-11-24 12:00:25.912882: I tensorflow/core/util/port.cc:153] oneDNN custom operations are on. You may see slightly different numerical results due to floating-point round-off errors from different computation orders. To turn them off, set the environment variable `TF_ENABLE_ONEDNN_OPTS=0`.

  0%|          | 0/2000 [00:00<?, ?it/s]
  0%|          | 1/2000 [00:00<12:07,  2.75it/s]
  2%|▏         | 49/2000 [00:00<00:14, 136.41it/s]
  5%|▍         | 91/2000 [00:00<00:08, 216.98it/s]
  6%|▋         | 126/2000 [00:00<00:07, 251.95it/s]
  9%|▊         | 171/2000 [00:00<00:05, 308.02it/s]
 11%|█         | 218/2000 [00:00<00:05, 353.24it/s]
 13%|█▎        | 259/2000 [00:00<00:04, 359.96it/s]
 15%|█▌        | 307/2000 [00:01<00:04, 392.98it/s]
 17%|█▋        | 349/2000 [00:01<00:04, 361.90it/s]
 19%|█▉        | 389/2000 [00:01<00:04, 371.05it/s]
 22%|██▏       | 436/2000 [00:01<00:03, 396.82it/s]
 24%|██▍       | 482/2000 [00:01<00:03, 413.60it/s]
 26%|██▋       | 525/2000 [00:01<00:03, 415.82it/s]
 28%|██▊       | 568/2000 [00:01<00:03, 417.68it/s]
 31%|███       | 611/2000 [00:01<00:03, 382.36it/s]
 33%|███▎      | 651/2000 [00:02<00:04, 281.35it/s]
 35%|███▍      | 698/2000 [00:02<00:04, 321.78it/s]
 37%|███▋      | 735/2000 [00:02<00:03, 319.48it/s]
 38%|███▊      | 770/2000 [00:02<00:03, 316.29it/s]
 40%|████      | 807/2000 [00:02<00:03, 329.89it/s]
 43%|████▎     | 851/2000 [00:02<00:03, 358.90it/s]
 45%|████▍     | 892/2000 [00:02<00:02, 371.18it/s]
 47%|████▋     | 934/2000 [00:02<00:02, 382.86it/s]
 49%|████▊     | 974/2000 [00:02<00:02, 376.15it/s]
 51%|█████     | 1013/2000 [00:03<00:06, 143.97it/s]
 52%|█████▏    | 1042/2000 [00:04<00:08, 112.67it/s]
 53%|█████▎    | 1064/2000 [00:04<00:09, 101.09it/s]
 54%|█████▍    | 1082/2000 [00:04<00:10, 90.97it/s] 
 55%|█████▍    | 1097/2000 [00:04<00:11, 81.55it/s]
 55%|█████▌    | 1109/2000 [00:05<00:11, 77.28it/s]
 56%|█████▌    | 1119/2000 [00:05<00:12, 71.64it/s]
 56%|█████▋    | 1128/2000 [00:05<00:13, 65.15it/s]
 57%|█████▋    | 1136/2000 [00:05<00:14, 58.61it/s]
 57%|█████▋    | 1143/2000 [00:05<00:14, 59.98it/s]
 57%|█████▊    | 1150/2000 [00:05<00:15, 56.33it/s]
 58%|█████▊    | 1156/2000 [00:06<00:15, 55.92it/s]
 58%|█████▊    | 1162/2000 [00:06<00:16, 49.98it/s]
 58%|█████▊    | 1168/2000 [00:06<00:16, 49.89it/s]
 59%|█████▊    | 1174/2000 [00:06<00:16, 50.32it/s]
 59%|█████▉    | 1180/2000 [00:06<00:16, 51.18it/s]
 59%|█████▉    | 1186/2000 [00:06<00:16, 50.49it/s]
 60%|█████▉    | 1192/2000 [00:06<00:16, 49.62it/s]
 60%|█████▉    | 1198/2000 [00:06<00:15, 50.70it/s]
 60%|██████    | 1204/2000 [00:07<00:15, 50.85it/s]
 60%|██████    | 1210/2000 [00:07<00:16, 49.30it/s]
 61%|██████    | 1215/2000 [00:07<00:16, 48.98it/s]
 61%|██████    | 1221/2000 [00:07<00:15, 49.41it/s]
 61%|██████▏   | 1226/2000 [00:07<00:15, 48.50it/s]
 62%|██████▏   | 1231/2000 [00:07<00:16, 47.81it/s]
 62%|██████▏   | 1236/2000 [00:07<00:16, 46.91it/s]
 62%|██████▏   | 1241/2000 [00:07<00:16, 45.73it/s]
 62%|██████▏   | 1246/2000 [00:07<00:16, 45.42it/s]
 63%|██████▎   | 1252/2000 [00:08<00:15, 47.58it/s]
 63%|██████▎   | 1259/2000 [00:08<00:14, 51.57it/s]
 63%|██████▎   | 1265/2000 [00:08<00:14, 49.35it/s]
 64%|██████▎   | 1270/2000 [00:08<00:14, 48.91it/s]
 64%|██████▍   | 1275/2000 [00:08<00:15, 47.29it/s]
 64%|██████▍   | 1280/2000 [00:08<00:15, 46.92it/s]
 64%|██████▍   | 1285/2000 [00:08<00:15, 45.58it/s]
 64%|██████▍   | 1290/2000 [00:08<00:15, 45.78it/s]
 65%|██████▍   | 1295/2000 [00:09<00:16, 42.00it/s]
 65%|██████▌   | 1301/2000 [00:09<00:15, 46.06it/s]
 65%|██████▌   | 1308/2000 [00:09<00:13, 51.89it/s]
 66%|██████▌   | 1315/2000 [00:09<00:12, 56.05it/s]
 66%|██████▌   | 1321/2000 [00:09<00:14, 48.23it/s]
 66%|██████▋   | 1327/2000 [00:09<00:14, 45.62it/s]
 67%|██████▋   | 1332/2000 [00:09<00:17, 38.87it/s]
 67%|██████▋   | 1337/2000 [00:09<00:18, 36.19it/s]
 67%|██████▋   | 1342/2000 [00:10<00:17, 37.78it/s]
 67%|██████▋   | 1348/2000 [00:10<00:15, 41.14it/s]
 68%|██████▊   | 1353/2000 [00:10<00:15, 42.53it/s]
 68%|██████▊   | 1359/2000 [00:10<00:13, 45.80it/s]
 68%|██████▊   | 1364/2000 [00:10<00:14, 44.30it/s]
 68%|██████▊   | 1369/2000 [00:10<00:14, 44.01it/s]
 69%|██████▊   | 1374/2000 [00:10<00:13, 45.03it/s]
 69%|██████▉   | 1379/2000 [00:10<00:13, 46.15it/s]
 69%|██████▉   | 1385/2000 [00:11<00:12, 48.95it/s]
 70%|██████▉   | 1392/2000 [00:11<00:11, 53.34it/s]
 70%|██████▉   | 1399/2000 [00:11<00:10, 57.51it/s]
 70%|███████   | 1406/2000 [00:11<00:10, 59.08it/s]
 71%|███████   | 1412/2000 [00:11<00:10, 57.16it/s]
 71%|███████   | 1418/2000 [00:11<00:10, 53.63it/s]
 71%|███████   | 1424/2000 [00:11<00:11, 50.71it/s]
 72%|███████▏  | 1430/2000 [00:11<00:11, 50.33it/s]
 72%|███████▏  | 1436/2000 [00:11<00:11, 51.19it/s]
 72%|███████▏  | 1442/2000 [00:12<00:10, 52.93it/s]
 72%|███████▏  | 1448/2000 [00:12<00:10, 51.21it/s]
 73%|███████▎  | 1454/2000 [00:12<00:10, 51.73it/s]
 73%|███████▎  | 1460/2000 [00:12<00:10, 51.66it/s]
 73%|███████▎  | 1466/2000 [00:12<00:10, 51.67it/s]
 74%|███████▎  | 1472/2000 [00:12<00:10, 52.15it/s]
 74%|███████▍  | 1478/2000 [00:12<00:09, 52.54it/s]
 74%|███████▍  | 1485/2000 [00:12<00:09, 56.26it/s]
 75%|███████▍  | 1492/2000 [00:12<00:08, 57.52it/s]
 75%|███████▍  | 1498/2000 [00:13<00:09, 55.12it/s]
 75%|███████▌  | 1504/2000 [00:13<00:09, 54.84it/s]
 76%|███████▌  | 1510/2000 [00:13<00:09, 54.05it/s]
 76%|███████▌  | 1516/2000 [00:13<00:09, 53.44it/s]
 76%|███████▌  | 1522/2000 [00:13<00:08, 53.69it/s]
 76%|███████▋  | 1529/2000 [00:13<00:08, 56.62it/s]
 77%|███████▋  | 1535/2000 [00:13<00:08, 55.67it/s]
 77%|███████▋  | 1541/2000 [00:13<00:08, 53.08it/s]
 77%|███████▋  | 1547/2000 [00:13<00:08, 54.00it/s]
 78%|███████▊  | 1553/2000 [00:14<00:08, 54.39it/s]
 78%|███████▊  | 1559/2000 [00:14<00:07, 55.41it/s]
 78%|███████▊  | 1565/2000 [00:14<00:08, 53.83it/s]
 79%|███████▊  | 1571/2000 [00:14<00:07, 54.74it/s]
 79%|███████▉  | 1577/2000 [00:14<00:07, 55.93it/s]
 79%|███████▉  | 1583/2000 [00:14<00:07, 55.40it/s]
 79%|███████▉  | 1589/2000 [00:14<00:07, 56.25it/s]
 80%|███████▉  | 1596/2000 [00:14<00:06, 57.74it/s]
 80%|████████  | 1602/2000 [00:14<00:06, 58.31it/s]
 80%|████████  | 1609/2000 [00:15<00:06, 58.82it/s]
 81%|████████  | 1615/2000 [00:15<00:06, 57.90it/s]
 81%|████████  | 1621/2000 [00:15<00:06, 57.88it/s]
 81%|████████▏ | 1627/2000 [00:15<00:06, 57.45it/s]
 82%|████████▏ | 1633/2000 [00:15<00:06, 57.76it/s]
 82%|████████▏ | 1639/2000 [00:15<00:06, 55.87it/s]
 82%|████████▏ | 1645/2000 [00:15<00:06, 56.06it/s]
 83%|████████▎ | 1652/2000 [00:15<00:06, 57.87it/s]
 83%|████████▎ | 1658/2000 [00:15<00:05, 57.85it/s]
 83%|████████▎ | 1665/2000 [00:16<00:05, 58.61it/s]
 84%|████████▎ | 1671/2000 [00:16<00:05, 55.80it/s]
 84%|████████▍ | 1677/2000 [00:16<00:05, 56.78it/s]
 84%|████████▍ | 1683/2000 [00:16<00:05, 57.51it/s]
 84%|████████▍ | 1690/2000 [00:16<00:05, 60.46it/s]
 85%|████████▍ | 1698/2000 [00:16<00:04, 64.26it/s]
 85%|████████▌ | 1706/2000 [00:16<00:04, 66.87it/s]
 86%|████████▌ | 1714/2000 [00:16<00:04, 68.34it/s]
 86%|████████▌ | 1721/2000 [00:16<00:04, 67.35it/s]
 86%|████████▋ | 1728/2000 [00:17<00:04, 61.71it/s]
 87%|████████▋ | 1735/2000 [00:17<00:04, 58.97it/s]
 87%|████████▋ | 1741/2000 [00:17<00:04, 55.26it/s]
 87%|████████▋ | 1747/2000 [00:17<00:04, 53.03it/s]
 88%|████████▊ | 1753/2000 [00:17<00:04, 52.00it/s]
 88%|████████▊ | 1760/2000 [00:17<00:04, 55.14it/s]
 88%|████████▊ | 1767/2000 [00:17<00:04, 57.31it/s]
 89%|████████▊ | 1773/2000 [00:17<00:04, 53.12it/s]
 89%|████████▉ | 1779/2000 [00:18<00:04, 53.84it/s]
 89%|████████▉ | 1785/2000 [00:18<00:04, 50.79it/s]
 90%|████████▉ | 1791/2000 [00:18<00:04, 50.29it/s]
 90%|████████▉ | 1797/2000 [00:18<00:04, 50.25it/s]
 90%|█████████ | 1803/2000 [00:18<00:03, 50.64it/s]
 90%|█████████ | 1810/2000 [00:18<00:03, 54.97it/s]
 91%|█████████ | 1817/2000 [00:18<00:03, 56.26it/s]
 91%|█████████ | 1823/2000 [00:18<00:03, 51.50it/s]
 91%|█████████▏| 1829/2000 [00:18<00:03, 53.52it/s]
 92%|█████████▏| 1836/2000 [00:19<00:02, 55.46it/s]
 92%|█████████▏| 1843/2000 [00:19<00:02, 57.00it/s]
 92%|█████████▏| 1849/2000 [00:19<00:02, 54.97it/s]
 93%|█████████▎| 1855/2000 [00:19<00:02, 52.65it/s]
 93%|█████████▎| 1861/2000 [00:19<00:02, 48.48it/s]
 93%|█████████▎| 1866/2000 [00:19<00:02, 46.03it/s]
 94%|█████████▎| 1872/2000 [00:19<00:02, 47.44it/s]
 94%|█████████▍| 1877/2000 [00:19<00:02, 43.67it/s]
 94%|█████████▍| 1883/2000 [00:20<00:02, 45.67it/s]
 94%|█████████▍| 1889/2000 [00:20<00:02, 48.35it/s]
 95%|█████████▍| 1895/2000 [00:20<00:02, 50.93it/s]
 95%|█████████▌| 1901/2000 [00:20<00:01, 50.91it/s]
 95%|█████████▌| 1907/2000 [00:20<00:01, 52.96it/s]
 96%|█████████▌| 1913/2000 [00:20<00:01, 52.65it/s]
 96%|█████████▌| 1920/2000 [00:20<00:01, 56.46it/s]
 96%|█████████▋| 1927/2000 [00:20<00:01, 59.82it/s]
 97%|█████████▋| 1934/2000 [00:20<00:01, 57.81it/s]
 97%|█████████▋| 1940/2000 [00:21<00:01, 57.49it/s]
 97%|█████████▋| 1947/2000 [00:21<00:00, 59.50it/s]
 98%|█████████▊| 1954/2000 [00:21<00:00, 61.95it/s]
 98%|█████████▊| 1961/2000 [00:21<00:00, 61.54it/s]
 98%|█████████▊| 1968/2000 [00:21<00:00, 57.28it/s]
 99%|█████████▊| 1974/2000 [00:21<00:00, 56.10it/s]
 99%|█████████▉| 1981/2000 [00:21<00:00, 58.83it/s]
 99%|█████████▉| 1988/2000 [00:21<00:00, 60.80it/s]
100%|█████████▉| 1995/2000 [00:22<00:00, 59.38it/s]
100%|██████████| 2000/2000 [00:22<00:00, 90.47it/s]
