Bad value in file PosixPath('/home/heisenberg/Documentos/GitHub/RL-SAC/sac/utils/custom.mplstyle'), line 4 ("axes.prop_cycle : cycler('color', ['#0000FF', '#FFA500', '#006400', '#8B0000']) + cycler('linestyle', ['-'])"): Key axes.prop_cycle: "cycler('color', ['" is not a valid cycler construction: unterminated string literal (detected at line 1) (<unknown>, line 1)

  0%|          | 0/300 [00:00<?, ?it/s]
  4%|▍         | 13/300 [00:00<00:02, 129.72it/s]
 10%|█         | 31/300 [00:00<00:01, 157.73it/s]
 16%|█▌        | 48/300 [00:00<00:01, 158.85it/s]
 21%|██▏       | 64/300 [00:00<00:01, 157.37it/s]
 27%|██▋       | 82/300 [00:00<00:01, 165.10it/s]
 33%|███▎      | 99/300 [00:01<00:03, 66.43it/s] 
 37%|███▋      | 111/300 [00:01<00:05, 36.95it/s]
 40%|████      | 120/300 [00:02<00:06, 26.02it/s]
 42%|████▏     | 127/300 [00:05<00:21,  7.98it/s]
 44%|████▍     | 132/300 [00:10<00:42,  3.97it/s]
 45%|████▌     | 136/300 [00:13<00:51,  3.17it/s]
 46%|████▋     | 139/300 [00:14<00:58,  2.76it/s]
 47%|████▋     | 141/300 [00:16<01:01,  2.57it/s]
 48%|████▊     | 143/300 [00:17<01:09,  2.25it/s]
 48%|████▊     | 144/300 [00:18<01:11,  2.17it/s]
 48%|████▊     | 145/300 [00:18<01:13,  2.10it/s]
 49%|████▊     | 146/300 [00:19<01:16,  2.01it/s]
 49%|████▉     | 147/300 [00:20<01:18,  1.95it/s]
 49%|████▉     | 148/300 [00:20<01:20,  1.89it/s]
 50%|████▉     | 149/300 [00:21<01:21,  1.86it/s]
 50%|█████     | 150/300 [00:21<01:24,  1.78it/s]
 50%|█████     | 151/300 [00:22<01:28,  1.68it/s]
 51%|█████     | 152/300 [00:23<01:34,  1.56it/s]
 51%|█████     | 153/300 [00:24<01:43,  1.42it/s]
 51%|█████▏    | 154/300 [00:25<01:57,  1.25it/s]
 52%|█████▏    | 155/300 [00:26<02:00,  1.20it/s]
 52%|█████▏    | 156/300 [00:26<01:56,  1.24it/s]
 52%|█████▏    | 157/300 [00:27<01:46,  1.35it/s]
 53%|█████▎    | 158/300 [00:28<01:52,  1.26it/s]
 53%|█████▎    | 159/300 [00:29<01:46,  1.33it/s]
 53%|█████▎    | 160/300 [00:29<01:43,  1.35it/s]
 54%|█████▎    | 161/300 [00:30<01:34,  1.48it/s]
 54%|█████▍    | 162/300 [00:30<01:29,  1.53it/s]
 54%|█████▍    | 163/300 [00:31<01:26,  1.59it/s]
 55%|█████▍    | 164/300 [00:32<01:23,  1.63it/s]
 55%|█████▌    | 165/300 [00:32<01:18,  1.72it/s]
 55%|█████▌    | 166/300 [00:33<01:25,  1.57it/s]
 56%|█████▌    | 167/300 [00:33<01:19,  1.68it/s]
 56%|█████▌    | 168/300 [00:34<01:19,  1.66it/s]
 56%|█████▋    | 169/300 [00:34<01:14,  1.75it/s]
 57%|█████▋    | 170/300 [00:35<01:10,  1.85it/s]
 57%|█████▋    | 171/300 [00:35<01:08,  1.87it/s]
 57%|█████▋    | 172/300 [00:36<01:05,  1.97it/s]
 58%|█████▊    | 173/300 [00:36<01:04,  1.98it/s]
 58%|█████▊    | 174/300 [00:37<01:01,  2.03it/s]
 58%|█████▊    | 175/300 [00:37<01:00,  2.07it/s]
 59%|█████▊    | 176/300 [00:38<01:00,  2.07it/s]
 59%|█████▉    | 177/300 [00:38<00:58,  2.09it/s]
 59%|█████▉    | 178/300 [00:39<00:56,  2.15it/s]
 60%|█████▉    | 179/300 [00:39<00:55,  2.19it/s]
 60%|██████    | 180/300 [00:40<00:55,  2.18it/s]
 60%|██████    | 181/300 [00:40<00:54,  2.18it/s]
 61%|██████    | 182/300 [00:40<00:53,  2.19it/s]
 61%|██████    | 183/300 [00:41<00:51,  2.27it/s]
 61%|██████▏   | 184/300 [00:41<00:50,  2.29it/s]
 62%|██████▏   | 185/300 [00:42<00:50,  2.27it/s]
 62%|██████▏   | 186/300 [00:42<00:50,  2.25it/s]
 62%|██████▏   | 187/300 [00:43<00:49,  2.29it/s]
 63%|██████▎   | 188/300 [00:43<00:48,  2.30it/s]
 63%|██████▎   | 189/300 [00:43<00:48,  2.30it/s]
 63%|██████▎   | 190/300 [00:44<00:47,  2.29it/s]
 64%|██████▎   | 191/300 [00:44<00:46,  2.36it/s]
 64%|██████▍   | 192/300 [00:45<00:49,  2.16it/s]
 64%|██████▍   | 193/300 [00:45<00:48,  2.21it/s]
 65%|██████▍   | 194/300 [00:46<00:47,  2.22it/s]
 65%|██████▌   | 195/300 [00:46<00:46,  2.25it/s]
 65%|██████▌   | 196/300 [00:47<00:45,  2.29it/s]
 66%|██████▌   | 197/300 [00:47<00:44,  2.32it/s]
 66%|██████▌   | 198/300 [00:47<00:43,  2.33it/s]
 66%|██████▋   | 199/300 [00:48<00:43,  2.34it/s]
 67%|██████▋   | 200/300 [00:48<00:42,  2.37it/s]
 67%|██████▋   | 201/300 [00:49<00:41,  2.38it/s]
 67%|██████▋   | 202/300 [00:49<00:40,  2.43it/s]
 68%|██████▊   | 203/300 [00:49<00:39,  2.45it/s]
 68%|██████▊   | 204/300 [00:50<00:38,  2.51it/s]
 68%|██████▊   | 205/300 [00:50<00:38,  2.46it/s]
 69%|██████▊   | 206/300 [00:51<00:38,  2.45it/s]
 69%|██████▉   | 207/300 [00:51<00:37,  2.48it/s]
 69%|██████▉   | 208/300 [00:51<00:37,  2.49it/s]
 70%|██████▉   | 209/300 [00:52<00:36,  2.46it/s]
 70%|███████   | 210/300 [00:52<00:36,  2.50it/s]
 70%|███████   | 211/300 [00:53<00:34,  2.55it/s]
 71%|███████   | 212/300 [00:53<00:34,  2.54it/s]
 71%|███████   | 213/300 [00:53<00:33,  2.58it/s]
 71%|███████▏  | 214/300 [00:54<00:33,  2.59it/s]
 72%|███████▏  | 215/300 [00:54<00:33,  2.57it/s]
 72%|███████▏  | 216/300 [00:55<00:32,  2.60it/s]
 72%|███████▏  | 217/300 [00:55<00:32,  2.56it/s]
 73%|███████▎  | 218/300 [00:55<00:32,  2.54it/s]
 73%|███████▎  | 219/300 [00:56<00:32,  2.48it/s]
 73%|███████▎  | 220/300 [00:56<00:33,  2.38it/s]
 74%|███████▎  | 221/300 [00:57<00:34,  2.30it/s]
 74%|███████▍  | 222/300 [00:57<00:34,  2.25it/s]
 74%|███████▍  | 223/300 [00:58<00:36,  2.11it/s]
 75%|███████▍  | 224/300 [00:58<00:37,  2.01it/s]
 75%|███████▌  | 225/300 [00:59<00:40,  1.83it/s]
 75%|███████▌  | 226/300 [00:59<00:39,  1.88it/s]
 76%|███████▌  | 227/300 [01:00<00:38,  1.91it/s]
 76%|███████▌  | 228/300 [01:00<00:37,  1.92it/s]
 76%|███████▋  | 229/300 [01:01<00:36,  1.94it/s]
 77%|███████▋  | 230/300 [01:02<00:36,  1.94it/s]
 77%|███████▋  | 231/300 [01:02<00:35,  1.94it/s]
 77%|███████▋  | 232/300 [01:03<00:35,  1.92it/s]
 78%|███████▊  | 233/300 [01:03<00:34,  1.93it/s]
 78%|███████▊  | 234/300 [01:04<00:34,  1.91it/s]
 78%|███████▊  | 235/300 [01:04<00:33,  1.92it/s]
 79%|███████▊  | 236/300 [01:05<00:34,  1.86it/s]
 79%|███████▉  | 237/300 [01:05<00:34,  1.84it/s]
 79%|███████▉  | 238/300 [01:06<00:33,  1.83it/s]
 80%|███████▉  | 239/300 [01:07<00:36,  1.67it/s]
 80%|████████  | 240/300 [01:07<00:37,  1.61it/s]
 80%|████████  | 241/300 [01:08<00:35,  1.67it/s]
 81%|████████  | 242/300 [01:08<00:34,  1.70it/s]
 81%|████████  | 243/300 [01:09<00:33,  1.71it/s]
 81%|████████▏ | 244/300 [01:09<00:32,  1.70it/s]
 82%|████████▏ | 245/300 [01:10<00:31,  1.72it/s]
 82%|████████▏ | 246/300 [01:11<00:31,  1.70it/s]
 82%|████████▏ | 247/300 [01:11<00:30,  1.72it/s]
 83%|████████▎ | 248/300 [01:12<00:31,  1.64it/s]
 83%|████████▎ | 249/300 [01:13<00:36,  1.38it/s]
 83%|████████▎ | 250/300 [01:14<00:37,  1.32it/s]
 84%|████████▎ | 251/300 [01:14<00:35,  1.40it/s]
 84%|████████▍ | 252/300 [01:15<00:33,  1.43it/s]
 84%|████████▍ | 253/300 [01:16<00:32,  1.45it/s]
 85%|████████▍ | 254/300 [01:16<00:30,  1.50it/s]
 85%|████████▌ | 255/300 [01:17<00:29,  1.54it/s]
 85%|████████▌ | 256/300 [01:17<00:27,  1.58it/s]
 86%|████████▌ | 257/300 [01:18<00:26,  1.60it/s]
 86%|████████▌ | 258/300 [01:19<00:25,  1.62it/s]
 86%|████████▋ | 259/300 [01:19<00:25,  1.62it/s]
 87%|████████▋ | 260/300 [01:20<00:25,  1.58it/s]
 87%|████████▋ | 261/300 [01:21<00:25,  1.54it/s]
 87%|████████▋ | 262/300 [01:21<00:24,  1.56it/s]
 88%|████████▊ | 263/300 [01:22<00:23,  1.55it/s]
 88%|████████▊ | 264/300 [01:23<00:24,  1.48it/s]
 88%|████████▊ | 265/300 [01:23<00:24,  1.46it/s]
 89%|████████▊ | 266/300 [01:24<00:24,  1.39it/s]
 89%|████████▉ | 267/300 [01:25<00:29,  1.13it/s]
 89%|████████▉ | 268/300 [01:26<00:28,  1.13it/s]
 90%|████████▉ | 269/300 [01:27<00:29,  1.05it/s]
 90%|█████████ | 270/300 [01:29<00:29,  1.01it/s]
 90%|█████████ | 271/300 [01:30<00:29,  1.03s/it]
 91%|█████████ | 272/300 [01:31<00:31,  1.11s/it]
 91%|█████████ | 273/300 [01:32<00:33,  1.23s/it]
 91%|█████████▏| 274/300 [01:34<00:33,  1.29s/it]
 92%|█████████▏| 275/300 [01:35<00:29,  1.19s/it]
 92%|█████████▏| 276/300 [01:38<00:39,  1.65s/it]
 92%|█████████▏| 277/300 [01:39<00:39,  1.71s/it]
 93%|█████████▎| 278/300 [01:41<00:35,  1.59s/it]
 93%|█████████▎| 279/300 [01:43<00:40,  1.93s/it]
 93%|█████████▎| 280/300 [01:46<00:42,  2.15s/it]
 94%|█████████▎| 281/300 [01:47<00:35,  1.87s/it]
 94%|█████████▍| 282/300 [01:48<00:28,  1.60s/it]
 94%|█████████▍| 283/300 [01:49<00:23,  1.38s/it]
 95%|█████████▍| 284/300 [01:50<00:19,  1.21s/it]
 95%|█████████▌| 285/300 [01:52<00:20,  1.36s/it]
 95%|█████████▌| 286/300 [01:53<00:17,  1.25s/it]
 96%|█████████▌| 287/300 [01:54<00:15,  1.23s/it]
 96%|█████████▌| 288/300 [01:57<00:22,  1.84s/it]
 96%|█████████▋| 289/300 [02:00<00:24,  2.25s/it]
 97%|█████████▋| 290/300 [02:03<00:24,  2.41s/it]
 97%|█████████▋| 291/300 [02:06<00:22,  2.49s/it]
 97%|█████████▋| 292/300 [02:09<00:20,  2.61s/it]
 98%|█████████▊| 293/300 [02:12<00:19,  2.77s/it]
 98%|█████████▊| 294/300 [02:15<00:17,  2.91s/it]
 98%|█████████▊| 295/300 [02:18<00:14,  2.98s/it]
 99%|█████████▊| 296/300 [02:21<00:12,  3.04s/it]
 99%|█████████▉| 297/300 [02:24<00:09,  3.04s/it]
 99%|█████████▉| 298/300 [02:27<00:05,  2.91s/it]
100%|█████████▉| 299/300 [02:29<00:02,  2.74s/it]
100%|██████████| 300/300 [02:32<00:00,  2.61s/it]
100%|██████████| 300/300 [02:32<00:00,  1.97it/s]
