Bad value in file PosixPath('/home/heisenberg/Documentos/GitHub/RL-SAC/sac/utils/custom.mplstyle'), line 4 ("axes.prop_cycle : cycler('color', ['#0000FF', '#FFA500', '#006400', '#8B0000']) + cycler('linestyle', ['-'])"): Key axes.prop_cycle: "cycler('color', ['" is not a valid cycler construction: unterminated string literal (detected at line 1) (<unknown>, line 1)

  0%|          | 0/300 [00:00<?, ?it/s]
  5%|▍         | 14/300 [00:00<00:02, 139.14it/s]
 11%|█▏        | 34/300 [00:00<00:01, 165.76it/s]
 17%|█▋        | 51/300 [00:00<00:01, 164.62it/s]
 23%|██▎       | 70/300 [00:00<00:01, 170.27it/s]
 29%|██▉       | 88/300 [00:00<00:01, 172.84it/s]
 35%|███▌      | 106/300 [00:01<00:05, 34.90it/s]
 39%|███▉      | 118/300 [00:04<00:12, 14.20it/s]
 42%|████▏     | 127/300 [00:10<00:36,  4.77it/s]
 44%|████▍     | 133/300 [00:15<00:49,  3.35it/s]
 46%|████▌     | 137/300 [00:18<00:57,  2.82it/s]
 47%|████▋     | 140/300 [00:20<01:03,  2.51it/s]
 47%|████▋     | 142/300 [00:21<01:10,  2.25it/s]
 48%|████▊     | 144/300 [00:23<01:17,  2.02it/s]
 49%|████▊     | 146/300 [00:24<01:20,  1.92it/s]
 49%|████▉     | 147/300 [00:25<01:22,  1.85it/s]
 49%|████▉     | 148/300 [00:26<01:24,  1.80it/s]
 50%|████▉     | 149/300 [00:26<01:25,  1.76it/s]
 50%|█████     | 150/300 [00:27<01:38,  1.53it/s]
 50%|█████     | 151/300 [00:29<01:55,  1.29it/s]
 51%|█████     | 152/300 [00:29<01:49,  1.35it/s]
 51%|█████     | 153/300 [00:30<01:56,  1.26it/s]
 51%|█████▏    | 154/300 [00:31<01:58,  1.24it/s]
 52%|█████▏    | 155/300 [00:32<01:53,  1.28it/s]
 52%|█████▏    | 156/300 [00:33<01:50,  1.31it/s]
 52%|█████▏    | 157/300 [00:34<01:55,  1.24it/s]
 53%|█████▎    | 158/300 [00:34<01:48,  1.31it/s]
 53%|█████▎    | 159/300 [00:35<01:59,  1.18it/s]
 53%|█████▎    | 160/300 [00:36<01:46,  1.31it/s]
 54%|█████▎    | 161/300 [00:36<01:40,  1.38it/s]
 54%|█████▍    | 162/300 [00:37<01:36,  1.44it/s]
 54%|█████▍    | 163/300 [00:38<01:29,  1.53it/s]
 55%|█████▍    | 164/300 [00:38<01:22,  1.66it/s]
 55%|█████▌    | 165/300 [00:39<01:28,  1.53it/s]
 55%|█████▌    | 166/300 [00:39<01:21,  1.64it/s]
 56%|█████▌    | 167/300 [00:40<01:22,  1.60it/s]
 56%|█████▌    | 168/300 [00:41<01:19,  1.65it/s]
 56%|█████▋    | 169/300 [00:41<01:18,  1.66it/s]
 57%|█████▋    | 170/300 [00:42<01:15,  1.72it/s]
 57%|█████▋    | 171/300 [00:42<01:12,  1.77it/s]
 57%|█████▋    | 172/300 [00:43<01:13,  1.74it/s]
 58%|█████▊    | 173/300 [00:43<01:13,  1.72it/s]
 58%|█████▊    | 174/300 [00:44<01:11,  1.77it/s]
 58%|█████▊    | 175/300 [00:44<01:07,  1.84it/s]
 59%|█████▊    | 176/300 [00:45<01:06,  1.87it/s]
 59%|█████▉    | 177/300 [00:46<01:10,  1.75it/s]
 59%|█████▉    | 178/300 [00:46<01:15,  1.62it/s]
 60%|█████▉    | 179/300 [00:47<01:15,  1.60it/s]
 60%|██████    | 180/300 [00:48<01:18,  1.53it/s]
 60%|██████    | 181/300 [00:48<01:16,  1.56it/s]
 61%|██████    | 182/300 [00:49<01:18,  1.50it/s]
 61%|██████    | 183/300 [00:50<01:19,  1.48it/s]
 61%|██████▏   | 184/300 [00:51<01:21,  1.42it/s]
 62%|██████▏   | 185/300 [00:51<01:18,  1.47it/s]
 62%|██████▏   | 186/300 [00:52<01:39,  1.14it/s]
 62%|██████▏   | 187/300 [00:53<01:31,  1.24it/s]
 63%|██████▎   | 188/300 [00:54<01:31,  1.23it/s]
 63%|██████▎   | 189/300 [00:54<01:20,  1.37it/s]
 63%|██████▎   | 190/300 [00:55<01:13,  1.51it/s]
 64%|██████▎   | 191/300 [00:56<01:10,  1.54it/s]
 64%|██████▍   | 192/300 [00:56<01:05,  1.66it/s]
 64%|██████▍   | 193/300 [00:57<01:02,  1.71it/s]
 65%|██████▍   | 194/300 [00:57<00:57,  1.83it/s]
 65%|██████▌   | 195/300 [00:58<00:53,  1.96it/s]
 65%|██████▌   | 196/300 [00:58<00:51,  2.04it/s]
 66%|██████▌   | 197/300 [00:58<00:49,  2.08it/s]
 66%|██████▌   | 198/300 [00:59<00:47,  2.15it/s]
 66%|██████▋   | 199/300 [00:59<00:46,  2.17it/s]
 67%|██████▋   | 200/300 [01:00<00:44,  2.25it/s]
 67%|██████▋   | 201/300 [01:00<00:43,  2.25it/s]
 67%|██████▋   | 202/300 [01:01<00:44,  2.22it/s]
 68%|██████▊   | 203/300 [01:01<00:43,  2.21it/s]
 68%|██████▊   | 204/300 [01:01<00:41,  2.29it/s]
 68%|██████▊   | 205/300 [01:02<00:41,  2.27it/s]
 69%|██████▊   | 206/300 [01:02<00:42,  2.24it/s]
 69%|██████▉   | 207/300 [01:03<00:40,  2.30it/s]
 69%|██████▉   | 208/300 [01:03<00:39,  2.31it/s]
 70%|██████▉   | 209/300 [01:04<00:40,  2.26it/s]
 70%|███████   | 210/300 [01:04<00:38,  2.32it/s]
 70%|███████   | 211/300 [01:04<00:37,  2.39it/s]
 71%|███████   | 212/300 [01:05<00:36,  2.38it/s]
 71%|███████   | 213/300 [01:05<00:36,  2.37it/s]
 71%|███████▏  | 214/300 [01:06<00:36,  2.37it/s]
 72%|███████▏  | 215/300 [01:06<00:36,  2.35it/s]
 72%|███████▏  | 216/300 [01:07<00:35,  2.36it/s]
 72%|███████▏  | 217/300 [01:07<00:35,  2.32it/s]
 73%|███████▎  | 218/300 [01:07<00:35,  2.33it/s]
 73%|███████▎  | 219/300 [01:08<00:35,  2.26it/s]
 73%|███████▎  | 220/300 [01:08<00:35,  2.26it/s]
 74%|███████▎  | 221/300 [01:09<00:34,  2.28it/s]
 74%|███████▍  | 222/300 [01:09<00:34,  2.25it/s]
 74%|███████▍  | 223/300 [01:10<00:34,  2.24it/s]
 75%|███████▍  | 224/300 [01:10<00:33,  2.28it/s]
 75%|███████▌  | 225/300 [01:11<00:33,  2.25it/s]
 75%|███████▌  | 226/300 [01:11<00:32,  2.26it/s]
 76%|███████▌  | 227/300 [01:11<00:32,  2.27it/s]
 76%|███████▌  | 228/300 [01:12<00:32,  2.24it/s]
 76%|███████▋  | 229/300 [01:12<00:31,  2.25it/s]
 77%|███████▋  | 230/300 [01:13<00:30,  2.27it/s]
 77%|███████▋  | 231/300 [01:13<00:30,  2.27it/s]
 77%|███████▋  | 232/300 [01:14<00:30,  2.20it/s]
 78%|███████▊  | 233/300 [01:14<00:30,  2.20it/s]
 78%|███████▊  | 234/300 [01:15<00:29,  2.21it/s]
 78%|███████▊  | 235/300 [01:15<00:29,  2.20it/s]
 79%|███████▊  | 236/300 [01:16<00:29,  2.19it/s]
 79%|███████▉  | 237/300 [01:16<00:29,  2.17it/s]
 79%|███████▉  | 238/300 [01:16<00:28,  2.17it/s]
 80%|███████▉  | 239/300 [01:17<00:27,  2.18it/s]
 80%|████████  | 240/300 [01:17<00:27,  2.18it/s]
 80%|████████  | 241/300 [01:18<00:27,  2.16it/s]
 81%|████████  | 242/300 [01:18<00:27,  2.12it/s]
 81%|████████  | 243/300 [01:19<00:27,  2.06it/s]
 81%|████████▏ | 244/300 [01:19<00:27,  2.02it/s]
 82%|████████▏ | 245/300 [01:20<00:27,  1.98it/s]
 82%|████████▏ | 246/300 [01:20<00:27,  1.99it/s]
 82%|████████▏ | 247/300 [01:21<00:26,  1.96it/s]
 83%|████████▎ | 248/300 [01:21<00:27,  1.92it/s]
 83%|████████▎ | 249/300 [01:22<00:26,  1.94it/s]
 83%|████████▎ | 250/300 [01:23<00:26,  1.90it/s]
 84%|████████▎ | 251/300 [01:23<00:26,  1.86it/s]
 84%|████████▍ | 252/300 [01:24<00:26,  1.85it/s]
 84%|████████▍ | 253/300 [01:24<00:25,  1.81it/s]
 85%|████████▍ | 254/300 [01:25<00:25,  1.78it/s]
 85%|████████▌ | 255/300 [01:25<00:26,  1.70it/s]
 85%|████████▌ | 256/300 [01:26<00:28,  1.56it/s]
 86%|████████▌ | 257/300 [01:27<00:29,  1.44it/s]
 86%|████████▌ | 258/300 [01:28<00:30,  1.36it/s]
 86%|████████▋ | 259/300 [01:29<00:30,  1.35it/s]
 87%|████████▋ | 260/300 [01:30<00:31,  1.28it/s]
 87%|████████▋ | 261/300 [01:31<00:34,  1.14it/s]
 87%|████████▋ | 262/300 [01:32<00:36,  1.03it/s]
 88%|████████▊ | 263/300 [01:33<00:41,  1.13s/it]
 88%|████████▊ | 264/300 [01:35<00:51,  1.42s/it]
 88%|████████▊ | 265/300 [01:38<00:57,  1.64s/it]
 89%|████████▊ | 266/300 [01:40<01:00,  1.78s/it]
 89%|████████▉ | 267/300 [01:42<01:01,  1.87s/it]
 89%|████████▉ | 268/300 [01:44<01:01,  1.93s/it]
 90%|████████▉ | 269/300 [01:46<01:01,  1.98s/it]
 90%|█████████ | 270/300 [01:48<01:00,  2.01s/it]
 90%|█████████ | 271/300 [01:50<00:59,  2.04s/it]
 91%|█████████ | 272/300 [01:52<00:58,  2.08s/it]
 91%|█████████ | 273/300 [01:54<00:56,  2.08s/it]
 91%|█████████▏| 274/300 [01:56<00:54,  2.08s/it]
 92%|█████████▏| 275/300 [01:59<00:52,  2.08s/it]
 92%|█████████▏| 276/300 [02:01<00:50,  2.09s/it]
 92%|█████████▏| 277/300 [02:03<00:48,  2.09s/it]
 93%|█████████▎| 278/300 [02:05<00:46,  2.10s/it]
 93%|█████████▎| 279/300 [02:07<00:44,  2.11s/it]
 93%|█████████▎| 280/300 [02:09<00:42,  2.11s/it]
 94%|█████████▎| 281/300 [02:11<00:40,  2.13s/it]
 94%|█████████▍| 282/300 [02:13<00:38,  2.12s/it]
 94%|█████████▍| 283/300 [02:15<00:35,  2.11s/it]
 95%|█████████▍| 284/300 [02:18<00:33,  2.11s/it]
 95%|█████████▌| 285/300 [02:20<00:31,  2.11s/it]
 95%|█████████▌| 286/300 [02:22<00:29,  2.11s/it]
 96%|█████████▌| 287/300 [02:24<00:27,  2.11s/it]
 96%|█████████▌| 288/300 [02:26<00:25,  2.11s/it]
 96%|█████████▋| 289/300 [02:28<00:23,  2.11s/it]
 97%|█████████▋| 290/300 [02:30<00:21,  2.10s/it]
 97%|█████████▋| 291/300 [02:32<00:18,  2.10s/it]
 97%|█████████▋| 292/300 [02:34<00:16,  2.11s/it]
 98%|█████████▊| 293/300 [02:37<00:14,  2.11s/it]
 98%|█████████▊| 294/300 [02:39<00:12,  2.10s/it]
 98%|█████████▊| 295/300 [02:41<00:10,  2.10s/it]
 99%|█████████▊| 296/300 [02:42<00:07,  1.96s/it]
 99%|█████████▉| 297/300 [02:43<00:04,  1.66s/it]
 99%|█████████▉| 298/300 [02:45<00:03,  1.79s/it]
100%|█████████▉| 299/300 [02:46<00:01,  1.56s/it]
100%|██████████| 300/300 [02:48<00:00,  1.58s/it]
100%|██████████| 300/300 [02:48<00:00,  1.78it/s]
