2025-11-24 11:51:08.109317: I tensorflow/core/util/port.cc:153] oneDNN custom operations are on. You may see slightly different numerical results due to floating-point round-off errors from different computation orders. To turn them off, set the environment variable `TF_ENABLE_ONEDNN_OPTS=0`.
2025-11-24 11:51:08.223721: I tensorflow/core/platform/cpu_feature_guard.cc:210] This TensorFlow binary is optimized to use available CPU instructions in performance-critical operations.
To enable the following instructions: AVX2 AVX_VNNI FMA, in other operations, rebuild TensorFlow with the appropriate compiler flags.
2025-11-24 11:51:10.766266: I tensorflow/core/util/port.cc:153] oneDNN custom operations are on. You may see slightly different numerical results due to floating-point round-off errors from different computation orders. To turn them off, set the environment variable `TF_ENABLE_ONEDNN_OPTS=0`.

  0%|          | 0/2000 [00:00<?, ?it/s]
  0%|          | 1/2000 [00:00<12:29,  2.67it/s]
  2%|▏         | 49/2000 [00:00<00:14, 134.23it/s]
  5%|▍         | 97/2000 [00:00<00:08, 231.13it/s]
  7%|▋         | 146/2000 [00:00<00:06, 304.15it/s]
 10%|▉         | 193/2000 [00:00<00:05, 350.61it/s]
 12%|█▏        | 237/2000 [00:00<00:04, 376.29it/s]
 14%|█▍        | 281/2000 [00:00<00:04, 384.43it/s]
 16%|█▋        | 326/2000 [00:01<00:04, 398.92it/s]
 18%|█▊        | 370/2000 [00:01<00:03, 410.71it/s]
 21%|██        | 414/2000 [00:01<00:03, 416.81it/s]
 23%|██▎       | 460/2000 [00:01<00:03, 428.64it/s]
 25%|██▌       | 504/2000 [00:01<00:03, 427.50it/s]
 27%|██▋       | 549/2000 [00:01<00:03, 433.84it/s]
 30%|███       | 604/2000 [00:01<00:02, 466.62it/s]
 33%|███▎      | 660/2000 [00:01<00:02, 492.02it/s]
 36%|███▌      | 710/2000 [00:01<00:02, 489.48it/s]
 38%|███▊      | 765/2000 [00:02<00:02, 506.58it/s]
 41%|████      | 819/2000 [00:02<00:02, 515.81it/s]
 44%|████▎     | 873/2000 [00:02<00:02, 522.57it/s]
 46%|████▋     | 928/2000 [00:02<00:02, 528.15it/s]
 49%|████▉     | 982/2000 [00:02<00:01, 530.23it/s]
 52%|█████▏    | 1036/2000 [00:03<00:05, 177.98it/s]
 54%|█████▍    | 1076/2000 [00:03<00:06, 138.19it/s]
 55%|█████▌    | 1106/2000 [00:04<00:07, 118.23it/s]
 56%|█████▋    | 1130/2000 [00:04<00:08, 100.64it/s]
 57%|█████▋    | 1149/2000 [00:04<00:09, 93.91it/s] 
 58%|█████▊    | 1164/2000 [00:04<00:09, 91.31it/s]
 59%|█████▉    | 1177/2000 [00:05<00:09, 88.79it/s]
 59%|█████▉    | 1189/2000 [00:05<00:10, 80.67it/s]
 60%|█████▉    | 1199/2000 [00:05<00:09, 80.70it/s]
 60%|██████    | 1209/2000 [00:05<00:09, 79.86it/s]
 61%|██████    | 1218/2000 [00:05<00:09, 80.39it/s]
 61%|██████▏   | 1227/2000 [00:05<00:09, 81.84it/s]
 62%|██████▏   | 1236/2000 [00:05<00:09, 81.98it/s]
 62%|██████▏   | 1245/2000 [00:05<00:09, 82.91it/s]
 63%|██████▎   | 1254/2000 [00:06<00:08, 82.93it/s]
 63%|██████▎   | 1263/2000 [00:06<00:08, 82.04it/s]
 64%|██████▎   | 1272/2000 [00:06<00:08, 81.43it/s]
 64%|██████▍   | 1281/2000 [00:06<00:08, 80.73it/s]
 64%|██████▍   | 1290/2000 [00:06<00:08, 79.59it/s]
 65%|██████▍   | 1298/2000 [00:06<00:08, 78.89it/s]
 65%|██████▌   | 1306/2000 [00:06<00:09, 76.66it/s]
 66%|██████▌   | 1314/2000 [00:06<00:08, 76.23it/s]
 66%|██████▌   | 1322/2000 [00:06<00:08, 76.29it/s]
 67%|██████▋   | 1331/2000 [00:07<00:08, 77.21it/s]
 67%|██████▋   | 1339/2000 [00:07<00:08, 77.89it/s]
 67%|██████▋   | 1348/2000 [00:07<00:08, 79.20it/s]
 68%|██████▊   | 1356/2000 [00:07<00:08, 78.42it/s]
 68%|██████▊   | 1365/2000 [00:07<00:07, 80.38it/s]
 69%|██████▊   | 1374/2000 [00:07<00:07, 78.90it/s]
 69%|██████▉   | 1383/2000 [00:07<00:07, 79.80it/s]
 70%|██████▉   | 1392/2000 [00:07<00:07, 77.36it/s]
 70%|███████   | 1400/2000 [00:07<00:08, 69.19it/s]
 70%|███████   | 1408/2000 [00:08<00:08, 71.60it/s]
 71%|███████   | 1416/2000 [00:08<00:07, 73.83it/s]
 71%|███████▏  | 1425/2000 [00:08<00:07, 76.01it/s]
 72%|███████▏  | 1434/2000 [00:08<00:07, 77.92it/s]
 72%|███████▏  | 1442/2000 [00:08<00:07, 77.93it/s]
 72%|███████▎  | 1450/2000 [00:08<00:07, 75.85it/s]
 73%|███████▎  | 1459/2000 [00:08<00:06, 78.01it/s]
 73%|███████▎  | 1467/2000 [00:08<00:06, 78.36it/s]
 74%|███████▍  | 1476/2000 [00:08<00:06, 79.07it/s]
 74%|███████▍  | 1485/2000 [00:09<00:06, 80.43it/s]
 75%|███████▍  | 1494/2000 [00:09<00:06, 80.55it/s]
 75%|███████▌  | 1503/2000 [00:09<00:06, 82.37it/s]
 76%|███████▌  | 1512/2000 [00:09<00:05, 84.26it/s]
 76%|███████▌  | 1522/2000 [00:09<00:05, 86.55it/s]
 77%|███████▋  | 1531/2000 [00:09<00:05, 85.43it/s]
 77%|███████▋  | 1540/2000 [00:09<00:05, 85.26it/s]
 77%|███████▋  | 1549/2000 [00:09<00:05, 85.19it/s]
 78%|███████▊  | 1558/2000 [00:09<00:05, 84.65it/s]
 78%|███████▊  | 1567/2000 [00:10<00:05, 85.65it/s]
 79%|███████▉  | 1576/2000 [00:10<00:05, 83.37it/s]
 79%|███████▉  | 1585/2000 [00:10<00:04, 83.87it/s]
 80%|███████▉  | 1594/2000 [00:10<00:04, 82.88it/s]
 80%|████████  | 1603/2000 [00:10<00:04, 84.24it/s]
 81%|████████  | 1612/2000 [00:10<00:04, 83.70it/s]
 81%|████████  | 1621/2000 [00:10<00:04, 84.48it/s]
 82%|████████▏ | 1630/2000 [00:10<00:04, 83.40it/s]
 82%|████████▏ | 1639/2000 [00:10<00:04, 81.99it/s]
 82%|████████▏ | 1648/2000 [00:11<00:04, 79.63it/s]
 83%|████████▎ | 1656/2000 [00:11<00:04, 75.29it/s]
 83%|████████▎ | 1664/2000 [00:11<00:04, 76.07it/s]
 84%|████████▎ | 1673/2000 [00:11<00:04, 77.43it/s]
 84%|████████▍ | 1682/2000 [00:11<00:04, 79.16it/s]
 84%|████████▍ | 1690/2000 [00:11<00:04, 77.10it/s]
 85%|████████▍ | 1699/2000 [00:11<00:03, 78.12it/s]
 85%|████████▌ | 1708/2000 [00:11<00:03, 78.91it/s]
 86%|████████▌ | 1716/2000 [00:11<00:03, 78.06it/s]
 86%|████████▋ | 1725/2000 [00:11<00:03, 79.15it/s]
 87%|████████▋ | 1733/2000 [00:12<00:03, 76.54it/s]
 87%|████████▋ | 1742/2000 [00:12<00:03, 77.77it/s]
 88%|████████▊ | 1751/2000 [00:12<00:03, 79.20it/s]
 88%|████████▊ | 1760/2000 [00:12<00:03, 79.83it/s]
 88%|████████▊ | 1768/2000 [00:12<00:02, 77.47it/s]
 89%|████████▉ | 1776/2000 [00:12<00:02, 77.03it/s]
 89%|████████▉ | 1784/2000 [00:12<00:02, 76.58it/s]
 90%|████████▉ | 1792/2000 [00:12<00:02, 73.90it/s]
 90%|█████████ | 1800/2000 [00:12<00:02, 73.24it/s]
 90%|█████████ | 1808/2000 [00:13<00:02, 73.07it/s]
 91%|█████████ | 1816/2000 [00:13<00:02, 74.23it/s]
 91%|█████████ | 1824/2000 [00:13<00:02, 74.72it/s]
 92%|█████████▏| 1832/2000 [00:13<00:02, 75.88it/s]
 92%|█████████▏| 1840/2000 [00:13<00:02, 76.02it/s]
 92%|█████████▏| 1848/2000 [00:13<00:01, 76.15it/s]
 93%|█████████▎| 1857/2000 [00:13<00:01, 77.99it/s]
 93%|█████████▎| 1865/2000 [00:13<00:01, 77.56it/s]
 94%|█████████▎| 1873/2000 [00:13<00:01, 76.35it/s]
 94%|█████████▍| 1881/2000 [00:14<00:01, 76.07it/s]
 94%|█████████▍| 1889/2000 [00:14<00:01, 76.48it/s]
 95%|█████████▍| 1898/2000 [00:14<00:01, 78.25it/s]
 95%|█████████▌| 1906/2000 [00:14<00:01, 78.65it/s]
 96%|█████████▌| 1915/2000 [00:14<00:01, 79.36it/s]
 96%|█████████▌| 1923/2000 [00:14<00:01, 76.14it/s]
 97%|█████████▋| 1931/2000 [00:14<00:00, 77.08it/s]
 97%|█████████▋| 1939/2000 [00:14<00:00, 76.45it/s]
 97%|█████████▋| 1947/2000 [00:14<00:00, 76.67it/s]
 98%|█████████▊| 1955/2000 [00:15<00:00, 74.29it/s]
 98%|█████████▊| 1963/2000 [00:15<00:00, 73.59it/s]
 99%|█████████▊| 1971/2000 [00:15<00:00, 74.94it/s]
 99%|█████████▉| 1979/2000 [00:15<00:00, 75.17it/s]
 99%|█████████▉| 1988/2000 [00:15<00:00, 77.17it/s]
100%|█████████▉| 1996/2000 [00:15<00:00, 77.35it/s]
100%|██████████| 2000/2000 [00:15<00:00, 128.17it/s]
