Bad value in file PosixPath('/home/heisenberg/Documentos/GitHub/RL-SAC/sac/utils/custom.mplstyle'), line 4 ("axes.prop_cycle : cycler('color', ['#0000FF', '#FFA500', '#006400', '#8B0000']) + cycler('linestyle', ['-'])"): Key axes.prop_cycle: "cycler('color', ['" is not a valid cycler construction: unterminated string literal (detected at line 1) (<unknown>, line 1)

  0%|          | 0/300 [00:00<?, ?it/s]
  4%|▍         | 12/300 [00:00<00:02, 110.83it/s]
 11%|█         | 32/300 [00:00<00:01, 159.25it/s]
 16%|█▋        | 49/300 [00:00<00:01, 147.63it/s]
 23%|██▎       | 68/300 [00:00<00:01, 161.39it/s]
 28%|██▊       | 85/300 [00:00<00:01, 151.18it/s]
 34%|███▎      | 101/300 [00:01<00:04, 42.89it/s]
 37%|███▋      | 112/300 [00:02<00:06, 27.95it/s]
 40%|████      | 120/300 [00:05<00:19,  9.11it/s]
 42%|████▏     | 126/300 [00:10<00:38,  4.53it/s]
 43%|████▎     | 130/300 [00:12<00:49,  3.45it/s]
 44%|████▍     | 133/300 [00:14<00:57,  2.92it/s]
 45%|████▌     | 135/300 [00:16<01:07,  2.43it/s]
 46%|████▌     | 137/300 [00:18<01:15,  2.16it/s]
 46%|████▌     | 138/300 [00:19<01:21,  2.00it/s]
 46%|████▋     | 139/300 [00:20<01:25,  1.88it/s]
 47%|████▋     | 140/300 [00:20<01:31,  1.74it/s]
 47%|████▋     | 141/300 [00:21<01:40,  1.59it/s]
 47%|████▋     | 142/300 [00:22<01:44,  1.52it/s]
 48%|████▊     | 143/300 [00:23<01:49,  1.43it/s]
 48%|████▊     | 144/300 [00:24<01:52,  1.39it/s]
 48%|████▊     | 145/300 [00:25<02:26,  1.06it/s]
 49%|████▊     | 146/300 [00:26<02:15,  1.14it/s]
 49%|████▉     | 147/300 [00:27<02:01,  1.26it/s]
 49%|████▉     | 148/300 [00:27<01:56,  1.30it/s]
 50%|████▉     | 149/300 [00:28<02:05,  1.21it/s]
 50%|█████     | 150/300 [00:29<02:01,  1.23it/s]
 50%|█████     | 151/300 [00:30<01:55,  1.30it/s]
 51%|█████     | 152/300 [00:30<01:42,  1.44it/s]
 51%|█████     | 153/300 [00:31<01:38,  1.50it/s]
 51%|█████▏    | 154/300 [00:32<01:45,  1.38it/s]
 52%|█████▏    | 155/300 [00:32<01:36,  1.51it/s]
 52%|█████▏    | 156/300 [00:33<01:54,  1.25it/s]
 52%|█████▏    | 157/300 [00:34<01:51,  1.29it/s]
 53%|█████▎    | 158/300 [00:35<01:45,  1.35it/s]
 53%|█████▎    | 159/300 [00:35<01:43,  1.37it/s]
 53%|█████▎    | 160/300 [00:36<01:38,  1.41it/s]
 54%|█████▎    | 161/300 [00:37<01:46,  1.30it/s]
 54%|█████▍    | 162/300 [00:38<01:42,  1.34it/s]
 54%|█████▍    | 163/300 [00:38<01:42,  1.34it/s]
 55%|█████▍    | 164/300 [00:39<01:37,  1.39it/s]
 55%|█████▌    | 165/300 [00:40<01:40,  1.34it/s]
 55%|█████▌    | 166/300 [00:40<01:33,  1.44it/s]
 56%|█████▌    | 167/300 [00:41<01:30,  1.46it/s]
 56%|█████▌    | 168/300 [00:42<01:27,  1.50it/s]
 56%|█████▋    | 169/300 [00:42<01:23,  1.57it/s]
 57%|█████▋    | 170/300 [00:43<01:16,  1.70it/s]
 57%|█████▋    | 171/300 [00:43<01:14,  1.73it/s]
 57%|█████▋    | 172/300 [00:44<01:12,  1.77it/s]
 58%|█████▊    | 173/300 [00:44<01:09,  1.83it/s]
 58%|█████▊    | 174/300 [00:45<01:08,  1.85it/s]
 58%|█████▊    | 175/300 [00:45<01:08,  1.82it/s]
 59%|█████▊    | 176/300 [00:46<01:05,  1.89it/s]
 59%|█████▉    | 177/300 [00:47<01:12,  1.70it/s]
 59%|█████▉    | 178/300 [00:47<01:15,  1.61it/s]
 60%|█████▉    | 179/300 [00:48<01:10,  1.71it/s]
 60%|██████    | 180/300 [00:48<01:09,  1.74it/s]
 60%|██████    | 181/300 [00:49<01:12,  1.65it/s]
 61%|██████    | 182/300 [00:50<01:06,  1.78it/s]
 61%|██████    | 183/300 [00:50<01:01,  1.90it/s]
 61%|██████▏   | 184/300 [00:51<01:13,  1.58it/s]
 62%|██████▏   | 185/300 [00:52<01:18,  1.46it/s]
 62%|██████▏   | 186/300 [00:52<01:12,  1.57it/s]
 62%|██████▏   | 187/300 [00:53<01:18,  1.44it/s]
 63%|██████▎   | 188/300 [00:54<01:20,  1.40it/s]
 63%|██████▎   | 189/300 [00:54<01:14,  1.49it/s]
 63%|██████▎   | 190/300 [00:55<01:08,  1.61it/s]
 64%|██████▎   | 191/300 [00:55<01:04,  1.69it/s]
 64%|██████▍   | 192/300 [00:56<01:17,  1.39it/s]
 64%|██████▍   | 193/300 [00:57<01:10,  1.52it/s]
 65%|██████▍   | 194/300 [00:57<01:06,  1.59it/s]
 65%|██████▌   | 195/300 [00:58<01:03,  1.66it/s]
 65%|██████▌   | 196/300 [00:59<00:58,  1.77it/s]
 66%|██████▌   | 197/300 [00:59<00:58,  1.76it/s]
 66%|██████▌   | 198/300 [01:00<00:56,  1.80it/s]
 66%|██████▋   | 199/300 [01:00<00:55,  1.80it/s]
 67%|██████▋   | 200/300 [01:01<00:53,  1.85it/s]
 67%|██████▋   | 201/300 [01:01<00:52,  1.87it/s]
 67%|██████▋   | 202/300 [01:02<00:52,  1.85it/s]
 68%|██████▊   | 203/300 [01:02<00:52,  1.86it/s]
 68%|██████▊   | 204/300 [01:03<00:50,  1.90it/s]
 68%|██████▊   | 205/300 [01:03<00:55,  1.72it/s]
 69%|██████▊   | 206/300 [01:04<00:52,  1.79it/s]
 69%|██████▉   | 207/300 [01:05<00:50,  1.83it/s]
 69%|██████▉   | 208/300 [01:05<00:49,  1.87it/s]
 70%|██████▉   | 209/300 [01:06<00:47,  1.91it/s]
 70%|███████   | 210/300 [01:06<00:48,  1.86it/s]
 70%|███████   | 211/300 [01:07<00:50,  1.77it/s]
 71%|███████   | 212/300 [01:07<00:46,  1.91it/s]
 71%|███████   | 213/300 [01:08<00:44,  1.97it/s]
 71%|███████▏  | 214/300 [01:08<00:42,  2.01it/s]
 72%|███████▏  | 215/300 [01:09<00:40,  2.11it/s]
 72%|███████▏  | 216/300 [01:09<00:38,  2.18it/s]
 72%|███████▏  | 217/300 [01:09<00:37,  2.21it/s]
 73%|███████▎  | 218/300 [01:10<00:37,  2.18it/s]
 73%|███████▎  | 219/300 [01:10<00:38,  2.12it/s]
 73%|███████▎  | 220/300 [01:11<00:37,  2.11it/s]
 74%|███████▎  | 221/300 [01:11<00:37,  2.12it/s]
 74%|███████▍  | 222/300 [01:12<00:35,  2.21it/s]
 74%|███████▍  | 223/300 [01:12<00:35,  2.19it/s]
 75%|███████▍  | 224/300 [01:13<00:34,  2.17it/s]
 75%|███████▌  | 225/300 [01:13<00:35,  2.14it/s]
 75%|███████▌  | 226/300 [01:14<00:32,  2.24it/s]
 76%|███████▌  | 227/300 [01:14<00:33,  2.15it/s]
 76%|███████▌  | 228/300 [01:15<00:36,  2.00it/s]
 76%|███████▋  | 229/300 [01:15<00:36,  1.94it/s]
 77%|███████▋  | 230/300 [01:16<00:38,  1.83it/s]
 77%|███████▋  | 231/300 [01:16<00:37,  1.84it/s]
 77%|███████▋  | 232/300 [01:17<00:37,  1.82it/s]
 78%|███████▊  | 233/300 [01:18<00:41,  1.62it/s]
 78%|███████▊  | 234/300 [01:18<00:41,  1.61it/s]
 78%|███████▊  | 235/300 [01:19<00:37,  1.74it/s]
 79%|███████▊  | 236/300 [01:19<00:35,  1.79it/s]
 79%|███████▉  | 237/300 [01:20<00:34,  1.82it/s]
 79%|███████▉  | 238/300 [01:20<00:33,  1.83it/s]
 80%|███████▉  | 239/300 [01:21<00:32,  1.88it/s]
 80%|████████  | 240/300 [01:21<00:31,  1.91it/s]
 80%|████████  | 241/300 [01:22<00:31,  1.88it/s]
 81%|████████  | 242/300 [01:22<00:31,  1.86it/s]
 81%|████████  | 243/300 [01:23<00:30,  1.87it/s]
 81%|████████▏ | 244/300 [01:23<00:29,  1.92it/s]
 82%|████████▏ | 245/300 [01:24<00:28,  1.95it/s]
 82%|████████▏ | 246/300 [01:25<00:28,  1.87it/s]
 82%|████████▏ | 247/300 [01:25<00:27,  1.91it/s]
 83%|████████▎ | 248/300 [01:26<00:27,  1.91it/s]
 83%|████████▎ | 249/300 [01:26<00:27,  1.87it/s]
 83%|████████▎ | 250/300 [01:27<00:26,  1.92it/s]
 84%|████████▎ | 251/300 [01:27<00:25,  1.92it/s]
 84%|████████▍ | 252/300 [01:28<00:25,  1.89it/s]
 84%|████████▍ | 253/300 [01:28<00:23,  2.01it/s]
 85%|████████▍ | 254/300 [01:29<00:23,  1.95it/s]
 85%|████████▌ | 255/300 [01:29<00:24,  1.85it/s]
 85%|████████▌ | 256/300 [01:30<00:23,  1.84it/s]
 86%|████████▌ | 257/300 [01:31<00:25,  1.68it/s]
 86%|████████▌ | 258/300 [01:31<00:24,  1.69it/s]
 86%|████████▋ | 259/300 [01:32<00:23,  1.76it/s]
 87%|████████▋ | 260/300 [01:32<00:22,  1.79it/s]
 87%|████████▋ | 261/300 [01:33<00:21,  1.82it/s]
 87%|████████▋ | 262/300 [01:33<00:21,  1.78it/s]
 88%|████████▊ | 263/300 [01:34<00:21,  1.69it/s]
 88%|████████▊ | 264/300 [01:35<00:23,  1.54it/s]
 88%|████████▊ | 265/300 [01:35<00:23,  1.46it/s]
 89%|████████▊ | 266/300 [01:36<00:22,  1.52it/s]
 89%|████████▉ | 267/300 [01:37<00:22,  1.45it/s]
 89%|████████▉ | 268/300 [01:38<00:22,  1.42it/s]
 90%|████████▉ | 269/300 [01:38<00:21,  1.43it/s]
 90%|█████████ | 270/300 [01:39<00:19,  1.50it/s]
 90%|█████████ | 271/300 [01:40<00:20,  1.43it/s]
 91%|█████████ | 272/300 [01:40<00:19,  1.46it/s]
 91%|█████████ | 273/300 [01:42<00:26,  1.01it/s]
 91%|█████████▏| 274/300 [01:43<00:23,  1.12it/s]
 92%|█████████▏| 275/300 [01:43<00:22,  1.14it/s]
 92%|█████████▏| 276/300 [01:46<00:32,  1.35s/it]
 92%|█████████▏| 277/300 [01:48<00:38,  1.66s/it]
 93%|█████████▎| 278/300 [01:51<00:42,  1.93s/it]
 93%|█████████▎| 279/300 [01:53<00:43,  2.08s/it]
 93%|█████████▎| 280/300 [01:56<00:43,  2.16s/it]
 94%|█████████▎| 281/300 [01:58<00:42,  2.25s/it]
 94%|█████████▍| 282/300 [02:00<00:40,  2.26s/it]
 94%|█████████▍| 283/300 [02:03<00:38,  2.27s/it]
 95%|█████████▍| 284/300 [02:05<00:36,  2.27s/it]
 95%|█████████▌| 285/300 [02:07<00:33,  2.22s/it]
 95%|█████████▌| 286/300 [02:09<00:30,  2.19s/it]
 96%|█████████▌| 287/300 [02:11<00:28,  2.16s/it]
 96%|█████████▌| 288/300 [02:13<00:25,  2.15s/it]
 96%|█████████▋| 289/300 [02:15<00:23,  2.13s/it]
 97%|█████████▋| 290/300 [02:18<00:21,  2.12s/it]
 97%|█████████▋| 291/300 [02:20<00:19,  2.12s/it]
 97%|█████████▋| 292/300 [02:22<00:16,  2.12s/it]
 98%|█████████▊| 293/300 [02:24<00:14,  2.12s/it]
 98%|█████████▊| 294/300 [02:26<00:12,  2.12s/it]
 98%|█████████▊| 295/300 [02:28<00:10,  2.12s/it]
 99%|█████████▊| 296/300 [02:30<00:08,  2.12s/it]
 99%|█████████▉| 297/300 [02:32<00:06,  2.13s/it]
 99%|█████████▉| 298/300 [02:35<00:04,  2.12s/it]
100%|█████████▉| 299/300 [02:37<00:02,  2.22s/it]
100%|██████████| 300/300 [02:39<00:00,  2.22s/it]
100%|██████████| 300/300 [02:39<00:00,  1.88it/s]
