/home/ignacio/Documents/Ignacio UdeSa/4to/2do semestre/RL/TPS/RL-SAC/sac_env/lib/python3.12/site-packages/pygame/pkgdata.py:25: UserWarning: pkg_resources is deprecated as an API. See https://setuptools.pypa.io/en/latest/pkg_resources.html. The pkg_resources package is slated for removal as early as 2025-11-30. Refrain from using this package or pin to Setuptools<81.
  from pkg_resources import resource_stream, resource_exists

  0%|          | 0/400 [00:00<?, ?it/s]
  0%|          | 1/400 [00:00<05:41,  1.17it/s]
  0%|          | 2/400 [00:01<03:28,  1.91it/s]
  1%|          | 3/400 [00:01<03:24,  1.94it/s]
  1%|          | 4/400 [00:36<1:33:10, 14.12s/it]
  1%|▏         | 5/400 [01:36<3:20:43, 30.49s/it]
  2%|▏         | 6/400 [02:37<4:28:49, 40.94s/it]
  2%|▏         | 7/400 [02:39<3:05:20, 28.30s/it]
  2%|▏         | 8/400 [03:09<3:07:15, 28.66s/it]
  2%|▏         | 9/400 [03:11<2:13:02, 20.42s/it]
  2%|▎         | 10/400 [04:06<3:21:49, 31.05s/it]
  3%|▎         | 11/400 [04:50<3:47:57, 35.16s/it]
  3%|▎         | 12/400 [04:58<2:53:03, 26.76s/it]
  3%|▎         | 13/400 [05:10<2:23:53, 22.31s/it]
  4%|▎         | 14/400 [05:14<1:48:37, 16.88s/it]
  4%|▍         | 15/400 [05:16<1:20:04, 12.48s/it]
  4%|▍         | 16/400 [05:19<1:00:56,  9.52s/it]
  4%|▍         | 17/400 [05:23<49:38,  7.78s/it]  
  4%|▍         | 18/400 [05:26<41:22,  6.50s/it]
  5%|▍         | 19/400 [05:29<33:53,  5.34s/it]
  5%|▌         | 20/400 [05:32<28:40,  4.53s/it]
  5%|▌         | 21/400 [05:34<25:20,  4.01s/it]
  6%|▌         | 22/400 [05:37<22:46,  3.62s/it]
  6%|▌         | 23/400 [05:40<20:39,  3.29s/it]
  6%|▌         | 24/400 [05:42<19:47,  3.16s/it]
  6%|▋         | 25/400 [05:45<18:00,  2.88s/it]
  6%|▋         | 26/400 [06:37<1:49:42, 17.60s/it]
  7%|▋         | 27/400 [06:38<1:19:49, 12.84s/it]
  7%|▋         | 28/400 [06:43<1:03:22, 10.22s/it]
  7%|▋         | 29/400 [06:45<48:33,  7.85s/it]  
  8%|▊         | 30/400 [06:48<39:00,  6.33s/it]
  8%|▊         | 31/400 [06:50<32:10,  5.23s/it]
  8%|▊         | 32/400 [07:44<2:00:32, 19.65s/it]
  8%|▊         | 33/400 [07:48<1:32:04, 15.05s/it]
  8%|▊         | 34/400 [07:52<1:11:39, 11.75s/it]
  9%|▉         | 35/400 [07:54<53:32,  8.80s/it]  
  9%|▉         | 36/400 [07:57<42:51,  7.07s/it]
  9%|▉         | 37/400 [07:59<33:29,  5.54s/it]
 10%|▉         | 38/400 [08:02<29:25,  4.88s/it]
 10%|▉         | 39/400 [08:03<22:25,  3.73s/it]
 10%|█         | 40/400 [08:04<17:38,  2.94s/it]
 10%|█         | 41/400 [08:06<16:00,  2.68s/it]
 10%|█         | 42/400 [08:08<13:13,  2.22s/it]
 11%|█         | 43/400 [08:09<12:10,  2.05s/it]
 11%|█         | 44/400 [08:10<10:33,  1.78s/it]
 11%|█▏        | 45/400 [08:12<09:40,  1.64s/it]
 12%|█▏        | 46/400 [08:13<09:01,  1.53s/it]
 12%|█▏        | 47/400 [08:14<09:00,  1.53s/it]
 12%|█▏        | 48/400 [08:15<08:05,  1.38s/it]
 12%|█▏        | 49/400 [08:17<07:50,  1.34s/it]
 12%|█▎        | 50/400 [08:18<07:17,  1.25s/it]
 13%|█▎        | 51/400 [08:19<08:06,  1.39s/it]
 13%|█▎        | 52/400 [08:21<07:34,  1.31s/it]
 13%|█▎        | 53/400 [08:22<07:39,  1.32s/it]
 14%|█▎        | 54/400 [08:23<07:18,  1.27s/it]
 14%|█▍        | 55/400 [08:24<07:24,  1.29s/it]
 14%|█▍        | 56/400 [08:26<07:54,  1.38s/it]
 14%|█▍        | 57/400 [08:28<08:12,  1.44s/it]
 14%|█▍        | 58/400 [08:29<07:32,  1.32s/it]
 15%|█▍        | 59/400 [08:31<09:04,  1.60s/it]
 15%|█▌        | 60/400 [08:34<10:51,  1.92s/it]
 15%|█▌        | 61/400 [08:34<09:02,  1.60s/it]
 16%|█▌        | 62/400 [08:37<10:49,  1.92s/it]
 16%|█▌        | 63/400 [08:39<10:39,  1.90s/it]
 16%|█▌        | 64/400 [08:42<12:05,  2.16s/it]
 16%|█▋        | 65/400 [08:44<12:34,  2.25s/it]
 16%|█▋        | 66/400 [08:46<11:01,  1.98s/it]
 17%|█▋        | 67/400 [08:48<11:13,  2.02s/it]
 17%|█▋        | 68/400 [08:49<10:32,  1.90s/it]
 17%|█▋        | 69/400 [08:52<11:08,  2.02s/it]
 18%|█▊        | 70/400 [08:53<10:07,  1.84s/it]
 18%|█▊        | 71/400 [08:54<09:18,  1.70s/it]
 18%|█▊        | 72/400 [08:55<08:23,  1.54s/it]
 18%|█▊        | 73/400 [08:57<08:08,  1.49s/it]
 18%|█▊        | 74/400 [08:58<07:17,  1.34s/it]
 19%|█▉        | 75/400 [09:00<08:01,  1.48s/it]
 19%|█▉        | 76/400 [09:01<07:59,  1.48s/it]
 19%|█▉        | 77/400 [09:04<10:19,  1.92s/it]
 20%|█▉        | 78/400 [09:05<09:16,  1.73s/it]
 20%|█▉        | 79/400 [09:07<08:51,  1.66s/it]
 20%|██        | 80/400 [09:08<07:58,  1.50s/it]
 20%|██        | 81/400 [09:10<08:07,  1.53s/it]
 20%|██        | 82/400 [09:12<09:58,  1.88s/it]
 21%|██        | 83/400 [09:14<10:22,  1.96s/it]
 21%|██        | 84/400 [09:16<10:18,  1.96s/it]
 21%|██▏       | 85/400 [09:18<09:28,  1.80s/it]
 22%|██▏       | 86/400 [09:19<08:30,  1.62s/it]
 22%|██▏       | 87/400 [09:21<08:31,  1.63s/it]
 22%|██▏       | 88/400 [09:22<07:51,  1.51s/it]
 22%|██▏       | 89/400 [09:24<07:58,  1.54s/it]
 22%|██▎       | 90/400 [09:25<08:26,  1.63s/it]
 23%|██▎       | 91/400 [09:27<08:19,  1.62s/it]
 23%|██▎       | 92/400 [09:28<08:02,  1.57s/it]
 23%|██▎       | 93/400 [09:30<07:42,  1.51s/it]
 24%|██▎       | 94/400 [09:31<07:24,  1.45s/it]
 24%|██▍       | 95/400 [09:33<07:27,  1.47s/it]
 24%|██▍       | 96/400 [09:34<07:24,  1.46s/it]
 24%|██▍       | 97/400 [09:35<07:02,  1.39s/it]
 24%|██▍       | 98/400 [09:37<07:21,  1.46s/it]
 25%|██▍       | 99/400 [09:39<07:34,  1.51s/it]
 25%|██▌       | 100/400 [09:40<07:55,  1.58s/it]
 25%|██▌       | 101/400 [09:42<07:58,  1.60s/it]
 26%|██▌       | 102/400 [09:44<07:56,  1.60s/it]
 26%|██▌       | 103/400 [09:46<08:43,  1.76s/it]
 26%|██▌       | 104/400 [09:47<08:22,  1.70s/it]
 26%|██▋       | 105/400 [09:49<08:29,  1.73s/it]
 26%|██▋       | 106/400 [09:51<09:20,  1.91s/it]
 27%|██▋       | 107/400 [09:52<08:04,  1.65s/it]
 27%|██▋       | 108/400 [09:54<07:45,  1.59s/it]
 27%|██▋       | 109/400 [09:55<07:44,  1.59s/it]
 28%|██▊       | 110/400 [09:57<08:08,  1.68s/it]
 28%|██▊       | 111/400 [09:59<08:20,  1.73s/it]
 28%|██▊       | 112/400 [10:01<08:21,  1.74s/it]
 28%|██▊       | 113/400 [10:03<08:31,  1.78s/it]
 28%|██▊       | 114/400 [10:05<08:26,  1.77s/it]
 29%|██▉       | 115/400 [10:06<08:02,  1.69s/it]
 29%|██▉       | 116/400 [10:08<07:57,  1.68s/it]
 29%|██▉       | 117/400 [10:10<08:06,  1.72s/it]
 30%|██▉       | 118/400 [10:13<10:22,  2.21s/it]
 30%|██▉       | 119/400 [10:15<09:56,  2.12s/it]
 30%|███       | 120/400 [10:17<09:30,  2.04s/it]
 30%|███       | 121/400 [10:19<09:16,  1.99s/it]
 30%|███       | 122/400 [10:21<09:46,  2.11s/it]
 31%|███       | 123/400 [10:23<09:38,  2.09s/it]
 31%|███       | 124/400 [10:25<09:41,  2.11s/it]
 31%|███▏      | 125/400 [10:27<09:28,  2.07s/it]
 32%|███▏      | 126/400 [10:29<09:27,  2.07s/it]
 32%|███▏      | 127/400 [10:32<09:52,  2.17s/it]
 32%|███▏      | 128/400 [10:34<09:34,  2.11s/it]
 32%|███▏      | 129/400 [10:36<09:20,  2.07s/it]
 32%|███▎      | 130/400 [10:38<09:58,  2.22s/it]
 33%|███▎      | 131/400 [10:40<10:11,  2.27s/it]
 33%|███▎      | 132/400 [10:42<09:42,  2.17s/it]
 33%|███▎      | 133/400 [10:44<09:17,  2.09s/it]
 34%|███▎      | 134/400 [10:46<09:06,  2.06s/it]
 34%|███▍      | 135/400 [10:48<09:08,  2.07s/it]
 34%|███▍      | 136/400 [10:50<08:51,  2.01s/it]
 34%|███▍      | 137/400 [10:52<08:26,  1.92s/it]
 34%|███▍      | 138/400 [10:54<08:40,  1.99s/it]
 35%|███▍      | 139/400 [10:56<08:56,  2.05s/it]
 35%|███▌      | 140/400 [11:12<26:46,  6.18s/it]
 35%|███▌      | 141/400 [11:13<19:28,  4.51s/it]
 36%|███▌      | 142/400 [11:13<14:24,  3.35s/it]
 36%|███▌      | 143/400 [11:26<26:02,  6.08s/it]
 36%|███▌      | 144/400 [11:26<18:48,  4.41s/it]
 36%|███▋      | 145/400 [11:27<13:37,  3.21s/it]
 36%|███▋      | 146/400 [11:38<24:04,  5.69s/it]
 37%|███▋      | 147/400 [11:39<17:58,  4.26s/it]
 37%|███▋      | 148/400 [11:40<13:08,  3.13s/it]
 37%|███▋      | 149/400 [11:53<25:21,  6.06s/it]
 38%|███▊      | 150/400 [12:05<33:23,  8.01s/it]
 38%|███▊      | 151/400 [12:08<26:37,  6.42s/it]
 38%|███▊      | 152/400 [12:22<35:43,  8.64s/it]
 38%|███▊      | 153/400 [12:34<40:25,  9.82s/it]
 38%|███▊      | 154/400 [12:35<29:02,  7.08s/it]
 39%|███▉      | 155/400 [12:36<21:00,  5.14s/it]
 39%|███▉      | 156/400 [12:36<15:29,  3.81s/it]
 39%|███▉      | 157/400 [12:37<11:37,  2.87s/it]
 40%|███▉      | 158/400 [12:38<09:07,  2.26s/it]
 40%|███▉      | 159/400 [12:52<23:00,  5.73s/it]
 40%|████      | 160/400 [12:52<16:57,  4.24s/it]
 40%|████      | 161/400 [12:53<12:30,  3.14s/it]
 40%|████      | 162/400 [12:54<09:38,  2.43s/it]
 41%|████      | 163/400 [12:55<08:03,  2.04s/it]
 41%|████      | 164/400 [12:56<06:41,  1.70s/it]
 41%|████▏     | 165/400 [12:57<06:03,  1.55s/it]
 42%|████▏     | 166/400 [12:59<06:09,  1.58s/it]
 42%|████▏     | 167/400 [13:00<05:32,  1.43s/it]
 42%|████▏     | 168/400 [13:00<04:42,  1.22s/it]
 42%|████▏     | 169/400 [13:01<04:05,  1.06s/it]
 42%|████▎     | 170/400 [13:02<03:38,  1.05it/s]
 43%|████▎     | 171/400 [13:03<04:15,  1.11s/it]
 43%|████▎     | 172/400 [13:04<03:42,  1.02it/s]
 43%|████▎     | 173/400 [13:05<03:43,  1.01it/s]
 44%|████▎     | 174/400 [13:06<03:24,  1.10it/s]
 44%|████▍     | 175/400 [13:07<03:36,  1.04it/s]
 44%|████▍     | 176/400 [13:18<15:32,  4.16s/it]
 44%|████▍     | 177/400 [13:21<13:36,  3.66s/it]
 44%|████▍     | 178/400 [13:24<12:36,  3.41s/it]
 45%|████▍     | 179/400 [13:25<10:33,  2.87s/it]
 45%|████▌     | 180/400 [13:38<21:27,  5.85s/it]
 45%|████▌     | 181/400 [13:39<15:41,  4.30s/it]
 46%|████▌     | 182/400 [13:41<12:54,  3.55s/it]
 46%|████▌     | 183/400 [13:55<24:18,  6.72s/it]
 46%|████▌     | 184/400 [14:04<27:26,  7.62s/it]
 46%|████▋     | 185/400 [14:12<27:33,  7.69s/it]
 46%|████▋     | 186/400 [14:14<20:52,  5.85s/it]
 47%|████▋     | 187/400 [14:17<18:07,  5.11s/it]
 47%|████▋     | 188/400 [14:20<15:50,  4.49s/it]
 47%|████▋     | 189/400 [14:21<11:49,  3.36s/it]
 48%|████▊     | 190/400 [14:22<09:00,  2.57s/it]
 48%|████▊     | 191/400 [14:35<20:29,  5.88s/it]
 48%|████▊     | 192/400 [14:36<14:50,  4.28s/it]
 48%|████▊     | 193/400 [14:38<12:26,  3.60s/it]
 48%|████▊     | 194/400 [14:39<09:38,  2.81s/it]
 49%|████▉     | 195/400 [14:40<07:32,  2.21s/it]
 49%|████▉     | 196/400 [14:40<06:01,  1.77s/it]
 49%|████▉     | 197/400 [14:42<05:59,  1.77s/it]
 50%|████▉     | 198/400 [14:43<05:20,  1.59s/it]
 50%|████▉     | 199/400 [14:47<07:24,  2.21s/it]
 50%|█████     | 200/400 [14:51<08:43,  2.62s/it]
 50%|█████     | 201/400 [14:51<06:46,  2.04s/it]
 50%|█████     | 202/400 [14:55<08:43,  2.65s/it]
 51%|█████     | 203/400 [14:56<06:59,  2.13s/it]
 51%|█████     | 204/400 [14:57<05:54,  1.81s/it]
 51%|█████▏    | 205/400 [14:58<04:59,  1.54s/it]
 52%|█████▏    | 206/400 [15:00<04:57,  1.53s/it]
 52%|█████▏    | 207/400 [15:02<06:04,  1.89s/it]
 52%|█████▏    | 208/400 [15:10<11:27,  3.58s/it]
 52%|█████▏    | 209/400 [15:11<09:11,  2.89s/it]
 52%|█████▎    | 210/400 [15:13<08:02,  2.54s/it]
 53%|█████▎    | 211/400 [15:14<06:46,  2.15s/it]
 53%|█████▎    | 212/400 [15:15<05:14,  1.68s/it]
 53%|█████▎    | 213/400 [15:16<04:19,  1.39s/it]
 54%|█████▎    | 214/400 [15:17<03:59,  1.29s/it]
 54%|█████▍    | 215/400 [15:18<04:32,  1.47s/it]
 54%|█████▍    | 216/400 [15:20<04:10,  1.36s/it]
 54%|█████▍    | 217/400 [15:21<03:54,  1.28s/it]
 55%|█████▍    | 218/400 [15:24<06:12,  2.05s/it]
 55%|█████▍    | 219/400 [15:31<10:36,  3.52s/it]
 55%|█████▌    | 220/400 [15:44<18:34,  6.19s/it]
 55%|█████▌    | 221/400 [15:45<14:08,  4.74s/it]
 56%|█████▌    | 222/400 [15:47<11:15,  3.79s/it]
 56%|█████▌    | 223/400 [15:52<12:12,  4.14s/it]
 56%|█████▌    | 224/400 [15:53<09:56,  3.39s/it]
 56%|█████▋    | 225/400 [15:57<09:40,  3.32s/it]
 56%|█████▋    | 226/400 [15:58<08:05,  2.79s/it]
 57%|█████▋    | 227/400 [16:01<08:27,  2.93s/it]
 57%|█████▋    | 228/400 [16:03<07:31,  2.62s/it]
 57%|█████▋    | 229/400 [16:07<08:40,  3.04s/it]
 57%|█████▊    | 230/400 [16:11<09:18,  3.29s/it]
 58%|█████▊    | 231/400 [16:15<09:47,  3.48s/it]
 58%|█████▊    | 232/400 [16:34<22:57,  8.20s/it]
 58%|█████▊    | 233/400 [16:59<36:48, 13.22s/it]
 58%|█████▊    | 234/400 [17:06<31:11, 11.27s/it]
 59%|█████▉    | 235/400 [17:12<26:55,  9.79s/it]
 59%|█████▉    | 236/400 [17:27<30:24, 11.12s/it]
 59%|█████▉    | 237/400 [17:30<23:50,  8.77s/it]
 60%|█████▉    | 238/400 [17:44<27:58, 10.36s/it]
 60%|█████▉    | 239/400 [17:56<29:35, 11.03s/it]
 60%|██████    | 240/400 [18:04<26:34,  9.96s/it]
 60%|██████    | 241/400 [18:06<19:47,  7.47s/it]
 60%|██████    | 242/400 [18:06<14:24,  5.47s/it]
 61%|██████    | 243/400 [18:10<12:46,  4.88s/it]
 61%|██████    | 244/400 [18:46<37:00, 14.23s/it]
 61%|██████▏   | 245/400 [18:49<28:03, 10.86s/it]
 62%|██████▏   | 246/400 [18:52<21:53,  8.53s/it]
 62%|██████▏   | 247/400 [19:00<21:16,  8.34s/it]
 62%|██████▏   | 248/400 [19:02<16:06,  6.36s/it]
 62%|██████▏   | 249/400 [19:04<12:51,  5.11s/it]
 62%|██████▎   | 250/400 [19:06<10:33,  4.23s/it]
 63%|██████▎   | 251/400 [19:08<09:00,  3.63s/it]
 63%|██████▎   | 252/400 [19:10<07:36,  3.08s/it]
 63%|██████▎   | 253/400 [19:13<07:40,  3.13s/it]
 64%|██████▎   | 254/400 [19:15<06:45,  2.78s/it]
 64%|██████▍   | 255/400 [19:16<05:32,  2.29s/it]
 64%|██████▍   | 256/400 [19:18<04:45,  1.99s/it]
 64%|██████▍   | 257/400 [19:19<04:28,  1.88s/it]
 64%|██████▍   | 258/400 [19:21<03:58,  1.68s/it]
 65%|██████▍   | 259/400 [19:23<04:37,  1.97s/it]
 65%|██████▌   | 260/400 [19:27<05:35,  2.39s/it]
 65%|██████▌   | 261/400 [19:29<05:13,  2.26s/it]
 66%|██████▌   | 262/400 [19:31<05:27,  2.37s/it]
 66%|██████▌   | 263/400 [19:34<05:23,  2.36s/it]
 66%|██████▌   | 264/400 [19:37<05:49,  2.57s/it]
 66%|██████▋   | 265/400 [19:39<05:38,  2.51s/it]
 66%|██████▋   | 266/400 [19:41<05:23,  2.42s/it]
 67%|██████▋   | 267/400 [19:45<06:13,  2.80s/it]
 67%|██████▋   | 268/400 [19:47<05:40,  2.58s/it]
 67%|██████▋   | 269/400 [19:51<06:23,  2.93s/it]
 68%|██████▊   | 270/400 [19:52<05:24,  2.50s/it]
 68%|██████▊   | 271/400 [19:55<05:42,  2.66s/it]
 68%|██████▊   | 272/400 [19:57<05:06,  2.40s/it]
 68%|██████▊   | 273/400 [19:59<04:45,  2.24s/it]
 68%|██████▊   | 274/400 [20:04<06:17,  3.00s/it]
 69%|██████▉   | 275/400 [20:07<06:14,  2.99s/it]
 69%|██████▉   | 276/400 [20:33<20:51, 10.09s/it]
 69%|██████▉   | 277/400 [20:39<17:55,  8.74s/it]
 70%|██████▉   | 278/400 [20:42<14:06,  6.94s/it]
 70%|██████▉   | 279/400 [21:18<31:52, 15.81s/it]
 70%|███████   | 280/400 [21:27<27:34, 13.79s/it]
 70%|███████   | 281/400 [21:29<20:30, 10.34s/it]
 70%|███████   | 282/400 [21:32<15:55,  8.09s/it]
 71%|███████   | 283/400 [21:49<20:39, 10.60s/it]
 71%|███████   | 284/400 [22:12<27:45, 14.36s/it]
 71%|███████▏  | 285/400 [22:21<24:38, 12.85s/it]
 72%|███████▏  | 286/400 [22:28<21:04, 11.09s/it]
 72%|███████▏  | 287/400 [22:30<15:28,  8.22s/it]
 72%|███████▏  | 288/400 [22:42<17:35,  9.42s/it]
 72%|███████▏  | 289/400 [22:43<12:33,  6.79s/it]
 72%|███████▎  | 290/400 [22:47<10:57,  5.98s/it]
 73%|███████▎  | 291/400 [22:49<08:37,  4.74s/it]
 73%|███████▎  | 292/400 [23:08<16:32,  9.19s/it]
 73%|███████▎  | 293/400 [23:10<12:45,  7.15s/it]
 74%|███████▎  | 294/400 [23:27<17:46, 10.06s/it]
 74%|███████▍  | 295/400 [24:02<30:38, 17.51s/it]
 74%|███████▍  | 296/400 [24:12<26:07, 15.07s/it]
 74%|███████▍  | 297/400 [24:36<30:47, 17.93s/it]
 74%|███████▍  | 298/400 [24:38<22:29, 13.23s/it]
 75%|███████▍  | 299/400 [24:41<16:44,  9.95s/it]
 75%|███████▌  | 300/400 [24:42<12:20,  7.40s/it]
 75%|███████▌  | 301/400 [24:44<09:38,  5.84s/it]
 76%|███████▌  | 302/400 [24:47<08:03,  4.93s/it]
 76%|███████▌  | 303/400 [24:49<06:29,  4.02s/it]
 76%|███████▌  | 304/400 [24:51<05:14,  3.27s/it]
 76%|███████▋  | 305/400 [24:52<04:11,  2.65s/it]
 76%|███████▋  | 306/400 [24:53<03:39,  2.34s/it]
 77%|███████▋  | 307/400 [24:55<03:17,  2.13s/it]
 77%|███████▋  | 308/400 [24:57<03:00,  1.96s/it]
 77%|███████▋  | 309/400 [24:58<02:54,  1.92s/it]
 78%|███████▊  | 310/400 [25:01<03:06,  2.07s/it]
 78%|███████▊  | 311/400 [25:04<03:18,  2.23s/it]
 78%|███████▊  | 312/400 [25:05<02:58,  2.03s/it]
 78%|███████▊  | 313/400 [25:38<16:21, 11.28s/it]
 78%|███████▊  | 314/400 [25:50<16:31, 11.53s/it]
 79%|███████▉  | 315/400 [25:54<13:03,  9.22s/it]
 79%|███████▉  | 316/400 [25:57<10:16,  7.34s/it]
 79%|███████▉  | 317/400 [26:00<08:23,  6.07s/it]
 80%|███████▉  | 318/400 [26:04<07:37,  5.58s/it]
 80%|███████▉  | 319/400 [26:06<06:06,  4.52s/it]
 80%|████████  | 320/400 [26:11<06:08,  4.60s/it]
 80%|████████  | 321/400 [26:13<04:56,  3.76s/it]
 80%|████████  | 322/400 [26:17<05:03,  3.89s/it]
 81%|████████  | 323/400 [26:20<04:44,  3.70s/it]
 81%|████████  | 324/400 [26:26<05:18,  4.19s/it]
 81%|████████▏ | 325/400 [26:29<04:54,  3.93s/it]
 82%|████████▏ | 326/400 [26:32<04:18,  3.50s/it]
 82%|████████▏ | 327/400 [26:38<05:11,  4.26s/it]
 82%|████████▏ | 328/400 [26:51<08:28,  7.06s/it]
 82%|████████▏ | 329/400 [26:55<07:20,  6.21s/it]
 82%|████████▎ | 330/400 [26:59<06:24,  5.49s/it]
 83%|████████▎ | 331/400 [27:10<08:10,  7.11s/it]
 83%|████████▎ | 332/400 [27:16<07:37,  6.73s/it]
 83%|████████▎ | 333/400 [27:22<07:07,  6.38s/it]
 84%|████████▎ | 334/400 [27:43<12:05, 10.99s/it]
 84%|████████▍ | 335/400 [27:59<13:25, 12.39s/it]
 84%|████████▍ | 336/400 [28:34<20:31, 19.24s/it]
 84%|████████▍ | 337/400 [28:57<21:15, 20.24s/it]
 84%|████████▍ | 338/400 [29:48<30:38, 29.65s/it]
 85%|████████▍ | 339/400 [29:55<23:00, 22.63s/it]
 85%|████████▌ | 340/400 [30:03<18:25, 18.42s/it]
 85%|████████▌ | 341/400 [30:31<20:44, 21.10s/it]
 86%|████████▌ | 342/400 [31:04<24:02, 24.87s/it]
 86%|████████▌ | 343/400 [31:05<16:48, 17.69s/it]
 86%|████████▌ | 344/400 [31:13<13:52, 14.87s/it]
 86%|████████▋ | 345/400 [31:28<13:32, 14.78s/it]
 86%|████████▋ | 346/400 [31:36<11:20, 12.60s/it]
 87%|████████▋ | 347/400 [31:43<09:44, 11.04s/it]
 87%|████████▋ | 348/400 [31:43<06:49,  7.87s/it]
 87%|████████▋ | 349/400 [32:00<08:56, 10.53s/it]
 88%|████████▊ | 350/400 [32:04<07:06,  8.54s/it]
 88%|████████▊ | 351/400 [32:06<05:20,  6.53s/it]
 88%|████████▊ | 352/400 [32:08<04:10,  5.22s/it]
 88%|████████▊ | 353/400 [32:12<03:53,  4.98s/it]
 88%|████████▊ | 354/400 [32:18<03:59,  5.20s/it]
 89%|████████▉ | 355/400 [32:20<03:13,  4.30s/it]
 89%|████████▉ | 356/400 [32:23<02:46,  3.79s/it]
 89%|████████▉ | 357/400 [32:25<02:15,  3.15s/it]
 90%|████████▉ | 358/400 [32:27<02:01,  2.89s/it]
 90%|████████▉ | 359/400 [32:36<03:12,  4.70s/it]
 90%|█████████ | 360/400 [32:39<02:43,  4.09s/it]
 90%|█████████ | 361/400 [32:41<02:20,  3.61s/it]
 90%|█████████ | 362/400 [32:43<01:53,  2.99s/it]
 91%|█████████ | 363/400 [32:43<01:24,  2.29s/it]
 91%|█████████ | 364/400 [32:49<01:55,  3.20s/it]
 91%|█████████▏| 365/400 [32:50<01:36,  2.75s/it]
 92%|█████████▏| 366/400 [32:53<01:33,  2.75s/it]
 92%|█████████▏| 367/400 [32:57<01:43,  3.14s/it]
 92%|█████████▏| 368/400 [33:07<02:41,  5.05s/it]
 92%|█████████▏| 369/400 [33:11<02:28,  4.78s/it]
 92%|█████████▎| 370/400 [33:13<02:02,  4.10s/it]
 93%|█████████▎| 371/400 [33:15<01:38,  3.41s/it]
 93%|█████████▎| 372/400 [33:18<01:33,  3.33s/it]
 93%|█████████▎| 373/400 [33:36<03:28,  7.70s/it]
 94%|█████████▎| 374/400 [33:38<02:32,  5.87s/it]
 94%|█████████▍| 375/400 [33:52<03:27,  8.28s/it]
 94%|█████████▍| 376/400 [33:54<02:37,  6.56s/it]
 94%|█████████▍| 377/400 [34:03<02:45,  7.20s/it]
 94%|█████████▍| 378/400 [34:06<02:10,  5.93s/it]
 95%|█████████▍| 379/400 [34:10<01:56,  5.53s/it]
 95%|█████████▌| 380/400 [34:16<01:48,  5.43s/it]
 95%|█████████▌| 381/400 [34:22<01:47,  5.64s/it]
 96%|█████████▌| 382/400 [34:25<01:29,  4.96s/it]
 96%|█████████▌| 383/400 [34:31<01:30,  5.30s/it]
 96%|█████████▌| 384/400 [34:41<01:45,  6.56s/it]
 96%|█████████▋| 385/400 [34:43<01:19,  5.31s/it]
 96%|█████████▋| 386/400 [34:44<00:54,  3.93s/it]
 97%|█████████▋| 387/400 [34:44<00:37,  2.86s/it]
 97%|█████████▋| 388/400 [34:46<00:29,  2.42s/it]
 97%|█████████▋| 389/400 [34:47<00:23,  2.18s/it]
 98%|█████████▊| 390/400 [34:52<00:29,  2.91s/it]
 98%|█████████▊| 391/400 [34:53<00:22,  2.45s/it]
 98%|█████████▊| 392/400 [34:58<00:25,  3.17s/it]
 98%|█████████▊| 393/400 [35:00<00:20,  2.97s/it]
 98%|█████████▊| 394/400 [35:07<00:24,  4.17s/it]
 99%|█████████▉| 395/400 [35:11<00:19,  3.94s/it]
 99%|█████████▉| 396/400 [35:13<00:13,  3.28s/it]
 99%|█████████▉| 397/400 [35:15<00:09,  3.05s/it]
100%|█████████▉| 398/400 [35:18<00:05,  2.90s/it]
100%|█████████▉| 399/400 [35:19<00:02,  2.49s/it]
100%|██████████| 400/400 [35:21<00:00,  2.44s/it]
100%|██████████| 400/400 [35:21<00:00,  5.30s/it]
