Bad value in file PosixPath('/home/heisenberg/Documentos/GitHub/RL-SAC/sac/utils/custom.mplstyle'), line 4 ("axes.prop_cycle : cycler('color', ['#0000FF', '#FFA500', '#006400', '#8B0000']) + cycler('linestyle', ['-'])"): Key axes.prop_cycle: "cycler('color', ['" is not a valid cycler construction: unterminated string literal (detected at line 1) (<unknown>, line 1)

  0%|          | 0/300 [00:00<?, ?it/s]
  4%|▍         | 13/300 [00:00<00:02, 128.50it/s]
 11%|█         | 32/300 [00:00<00:01, 164.49it/s]
 16%|█▋        | 49/300 [00:00<00:01, 157.88it/s]
 22%|██▏       | 66/300 [00:00<00:01, 160.26it/s]
 28%|██▊       | 84/300 [00:00<00:01, 165.63it/s]
 34%|███▎      | 101/300 [00:01<00:04, 48.36it/s]
 38%|███▊      | 113/300 [00:02<00:06, 27.39it/s]
 41%|████      | 122/300 [00:08<00:32,  5.46it/s]
 43%|████▎     | 128/300 [00:13<00:49,  3.45it/s]
 44%|████▍     | 132/300 [00:16<00:56,  3.00it/s]
 45%|████▌     | 135/300 [00:17<01:00,  2.74it/s]
 46%|████▌     | 137/300 [00:19<01:03,  2.57it/s]
 46%|████▋     | 139/300 [00:20<01:06,  2.41it/s]
 47%|████▋     | 141/300 [00:21<01:09,  2.27it/s]
 47%|████▋     | 142/300 [00:21<01:11,  2.22it/s]
 48%|████▊     | 143/300 [00:22<01:13,  2.14it/s]
 48%|████▊     | 144/300 [00:23<01:15,  2.07it/s]
 48%|████▊     | 145/300 [00:23<01:17,  2.00it/s]
 49%|████▊     | 146/300 [00:24<01:17,  1.98it/s]
 49%|████▉     | 147/300 [00:24<01:20,  1.90it/s]
 49%|████▉     | 148/300 [00:25<01:22,  1.84it/s]
 50%|████▉     | 149/300 [00:25<01:22,  1.84it/s]
 50%|█████     | 150/300 [00:26<01:24,  1.77it/s]
 50%|█████     | 151/300 [00:27<01:23,  1.78it/s]
 51%|█████     | 152/300 [00:27<01:26,  1.70it/s]
 51%|█████     | 153/300 [00:28<01:28,  1.66it/s]
 51%|█████▏    | 154/300 [00:28<01:28,  1.66it/s]
 52%|█████▏    | 155/300 [00:29<01:33,  1.55it/s]
 52%|█████▏    | 156/300 [00:30<01:31,  1.57it/s]
 52%|█████▏    | 157/300 [00:31<01:36,  1.48it/s]
 53%|█████▎    | 158/300 [00:32<02:20,  1.01it/s]
 53%|█████▎    | 159/300 [00:33<02:11,  1.07it/s]
 53%|█████▎    | 160/300 [00:34<02:10,  1.07it/s]
 54%|█████▎    | 161/300 [00:35<01:54,  1.21it/s]
 54%|█████▍    | 162/300 [00:35<01:47,  1.28it/s]
 54%|█████▍    | 163/300 [00:36<01:39,  1.38it/s]
 55%|█████▍    | 164/300 [00:37<01:50,  1.23it/s]
 55%|█████▌    | 165/300 [00:38<01:48,  1.24it/s]
 55%|█████▌    | 166/300 [00:38<01:39,  1.34it/s]
 56%|█████▌    | 167/300 [00:39<01:35,  1.40it/s]
 56%|█████▌    | 168/300 [00:40<01:36,  1.37it/s]
 56%|█████▋    | 169/300 [00:40<01:30,  1.44it/s]
 57%|█████▋    | 170/300 [00:41<01:26,  1.50it/s]
 57%|█████▋    | 171/300 [00:41<01:21,  1.59it/s]
 57%|█████▋    | 172/300 [00:42<01:15,  1.69it/s]
 58%|█████▊    | 173/300 [00:43<01:13,  1.74it/s]
 58%|█████▊    | 174/300 [00:43<01:13,  1.71it/s]
 58%|█████▊    | 175/300 [00:44<01:14,  1.67it/s]
 59%|█████▊    | 176/300 [00:44<01:14,  1.67it/s]
 59%|█████▉    | 177/300 [00:45<01:11,  1.72it/s]
 59%|█████▉    | 178/300 [00:45<01:09,  1.76it/s]
 60%|█████▉    | 179/300 [00:46<01:07,  1.78it/s]
 60%|██████    | 180/300 [00:47<01:06,  1.81it/s]
 60%|██████    | 181/300 [00:47<01:03,  1.86it/s]
 61%|██████    | 182/300 [00:48<01:03,  1.85it/s]
 61%|██████    | 183/300 [00:48<01:02,  1.87it/s]
 61%|██████▏   | 184/300 [00:49<01:02,  1.87it/s]
 62%|██████▏   | 185/300 [00:49<00:59,  1.93it/s]
 62%|██████▏   | 186/300 [00:50<00:59,  1.93it/s]
 62%|██████▏   | 187/300 [00:50<01:00,  1.87it/s]
 63%|██████▎   | 188/300 [00:51<01:00,  1.84it/s]
 63%|██████▎   | 189/300 [00:51<01:02,  1.78it/s]
 63%|██████▎   | 190/300 [00:52<00:59,  1.83it/s]
 64%|██████▎   | 191/300 [00:52<00:57,  1.89it/s]
 64%|██████▍   | 192/300 [00:53<00:56,  1.92it/s]
 64%|██████▍   | 193/300 [00:53<00:53,  1.99it/s]
 65%|██████▍   | 194/300 [00:54<00:51,  2.07it/s]
 65%|██████▌   | 195/300 [00:54<00:46,  2.24it/s]
 65%|██████▌   | 196/300 [00:55<00:45,  2.26it/s]
 66%|██████▌   | 197/300 [00:55<00:46,  2.21it/s]
 66%|██████▌   | 198/300 [00:55<00:45,  2.25it/s]
 66%|██████▋   | 199/300 [00:56<00:43,  2.30it/s]
 67%|██████▋   | 200/300 [00:56<00:42,  2.35it/s]
 67%|██████▋   | 201/300 [00:57<00:42,  2.35it/s]
 67%|██████▋   | 202/300 [00:57<00:41,  2.37it/s]
 68%|██████▊   | 203/300 [00:58<00:40,  2.40it/s]
 68%|██████▊   | 204/300 [00:58<00:39,  2.41it/s]
 68%|██████▊   | 205/300 [00:58<00:38,  2.44it/s]
 69%|██████▊   | 206/300 [00:59<00:39,  2.41it/s]
 69%|██████▉   | 207/300 [00:59<00:38,  2.40it/s]
 69%|██████▉   | 208/300 [01:00<00:37,  2.46it/s]
 70%|██████▉   | 209/300 [01:00<00:37,  2.45it/s]
 70%|███████   | 210/300 [01:00<00:37,  2.43it/s]
 70%|███████   | 211/300 [01:01<00:35,  2.50it/s]
 71%|███████   | 212/300 [01:01<00:36,  2.44it/s]
 71%|███████   | 213/300 [01:02<00:35,  2.43it/s]
 71%|███████▏  | 214/300 [01:02<00:35,  2.42it/s]
 72%|███████▏  | 215/300 [01:02<00:34,  2.48it/s]
 72%|███████▏  | 216/300 [01:03<00:34,  2.41it/s]
 72%|███████▏  | 217/300 [01:03<00:34,  2.37it/s]
 73%|███████▎  | 218/300 [01:04<00:34,  2.38it/s]
 73%|███████▎  | 219/300 [01:04<00:33,  2.38it/s]
 73%|███████▎  | 220/300 [01:05<00:33,  2.40it/s]
 74%|███████▎  | 221/300 [01:05<00:33,  2.38it/s]
 74%|███████▍  | 222/300 [01:05<00:32,  2.39it/s]
 74%|███████▍  | 223/300 [01:06<00:31,  2.42it/s]
 75%|███████▍  | 224/300 [01:06<00:31,  2.44it/s]
 75%|███████▌  | 225/300 [01:07<00:30,  2.44it/s]
 75%|███████▌  | 226/300 [01:07<00:30,  2.45it/s]
 76%|███████▌  | 227/300 [01:07<00:29,  2.44it/s]
 76%|███████▌  | 228/300 [01:08<00:29,  2.48it/s]
 76%|███████▋  | 229/300 [01:08<00:29,  2.44it/s]
 77%|███████▋  | 230/300 [01:09<00:28,  2.46it/s]
 77%|███████▋  | 231/300 [01:09<00:28,  2.45it/s]
 77%|███████▋  | 232/300 [01:09<00:27,  2.44it/s]
 78%|███████▊  | 233/300 [01:10<00:27,  2.42it/s]
 78%|███████▊  | 234/300 [01:10<00:26,  2.48it/s]
 78%|███████▊  | 235/300 [01:11<00:26,  2.50it/s]
 79%|███████▊  | 236/300 [01:11<00:25,  2.50it/s]
 79%|███████▉  | 237/300 [01:11<00:25,  2.50it/s]
 79%|███████▉  | 238/300 [01:12<00:24,  2.49it/s]
 80%|███████▉  | 239/300 [01:12<00:24,  2.52it/s]
 80%|████████  | 240/300 [01:13<00:24,  2.49it/s]
 80%|████████  | 241/300 [01:13<00:23,  2.47it/s]
 81%|████████  | 242/300 [01:13<00:23,  2.47it/s]
 81%|████████  | 243/300 [01:14<00:23,  2.46it/s]
 81%|████████▏ | 244/300 [01:14<00:23,  2.43it/s]
 82%|████████▏ | 245/300 [01:15<00:22,  2.42it/s]
 82%|████████▏ | 246/300 [01:15<00:22,  2.43it/s]
 82%|████████▏ | 247/300 [01:16<00:22,  2.40it/s]
 83%|████████▎ | 248/300 [01:16<00:21,  2.43it/s]
 83%|████████▎ | 249/300 [01:16<00:20,  2.44it/s]
 83%|████████▎ | 250/300 [01:17<00:20,  2.47it/s]
 84%|████████▎ | 251/300 [01:17<00:19,  2.46it/s]
 84%|████████▍ | 252/300 [01:18<00:19,  2.47it/s]
 84%|████████▍ | 253/300 [01:18<00:19,  2.45it/s]
 85%|████████▍ | 254/300 [01:18<00:18,  2.44it/s]
 85%|████████▌ | 255/300 [01:19<00:18,  2.42it/s]
 85%|████████▌ | 256/300 [01:19<00:18,  2.44it/s]
 86%|████████▌ | 257/300 [01:20<00:17,  2.42it/s]
 86%|████████▌ | 258/300 [01:20<00:17,  2.41it/s]
 86%|████████▋ | 259/300 [01:20<00:17,  2.40it/s]
 87%|████████▋ | 260/300 [01:21<00:16,  2.43it/s]
 87%|████████▋ | 261/300 [01:21<00:16,  2.40it/s]
 87%|████████▋ | 262/300 [01:22<00:15,  2.38it/s]
 88%|████████▊ | 263/300 [01:22<00:15,  2.39it/s]
 88%|████████▊ | 264/300 [01:23<00:15,  2.37it/s]
 88%|████████▊ | 265/300 [01:23<00:14,  2.37it/s]
 89%|████████▊ | 266/300 [01:23<00:14,  2.36it/s]
 89%|████████▉ | 267/300 [01:24<00:14,  2.34it/s]
 89%|████████▉ | 268/300 [01:24<00:13,  2.33it/s]
 90%|████████▉ | 269/300 [01:25<00:13,  2.34it/s]
 90%|█████████ | 270/300 [01:25<00:12,  2.35it/s]
 90%|█████████ | 271/300 [01:26<00:12,  2.33it/s]
 91%|█████████ | 272/300 [01:26<00:12,  2.29it/s]
 91%|█████████ | 273/300 [01:26<00:11,  2.28it/s]
 91%|█████████▏| 274/300 [01:27<00:11,  2.25it/s]
 92%|█████████▏| 275/300 [01:27<00:11,  2.24it/s]
 92%|█████████▏| 276/300 [01:28<00:10,  2.23it/s]
 92%|█████████▏| 277/300 [01:28<00:10,  2.22it/s]
 93%|█████████▎| 278/300 [01:29<00:10,  2.20it/s]
 93%|█████████▎| 279/300 [01:29<00:10,  2.01it/s]
 93%|█████████▎| 280/300 [01:30<00:09,  2.03it/s]
 94%|█████████▎| 281/300 [01:30<00:09,  2.06it/s]
 94%|█████████▍| 282/300 [01:31<00:08,  2.08it/s]
 94%|█████████▍| 283/300 [01:31<00:08,  2.06it/s]
 95%|█████████▍| 284/300 [01:32<00:07,  2.06it/s]
 95%|█████████▌| 285/300 [01:32<00:07,  2.08it/s]
 95%|█████████▌| 286/300 [01:33<00:06,  2.07it/s]
 96%|█████████▌| 287/300 [01:33<00:06,  2.07it/s]
 96%|█████████▌| 288/300 [01:34<00:05,  2.06it/s]
 96%|█████████▋| 289/300 [01:34<00:05,  2.06it/s]
 97%|█████████▋| 290/300 [01:35<00:04,  2.03it/s]
 97%|█████████▋| 291/300 [01:35<00:04,  2.00it/s]
 97%|█████████▋| 292/300 [01:36<00:04,  2.00it/s]
 98%|█████████▊| 293/300 [01:36<00:03,  1.96it/s]
 98%|█████████▊| 294/300 [01:37<00:03,  1.97it/s]
 98%|█████████▊| 295/300 [01:37<00:02,  1.93it/s]
 99%|█████████▊| 296/300 [01:38<00:02,  1.81it/s]
 99%|█████████▉| 297/300 [01:38<00:01,  1.81it/s]
 99%|█████████▉| 298/300 [01:39<00:01,  1.79it/s]
100%|█████████▉| 299/300 [01:40<00:00,  1.78it/s]
100%|██████████| 300/300 [01:40<00:00,  1.75it/s]
100%|██████████| 300/300 [01:40<00:00,  2.98it/s]
