Bad value in file PosixPath('/home/heisenberg/Documentos/GitHub/RL-SAC/sac/utils/custom.mplstyle'), line 4 ("axes.prop_cycle : cycler('color', ['#0000FF', '#FFA500', '#006400', '#8B0000']) + cycler('linestyle', ['-'])"): Key axes.prop_cycle: "cycler('color', ['" is not a valid cycler construction: unterminated string literal (detected at line 1) (<unknown>, line 1)

  0%|          | 0/300 [00:00<?, ?it/s]
  5%|▌         | 15/300 [00:00<00:01, 144.04it/s]
 11%|█▏        | 34/300 [00:00<00:01, 169.19it/s]
 17%|█▋        | 51/300 [00:00<00:01, 164.66it/s]
 23%|██▎       | 70/300 [00:00<00:01, 170.87it/s]
 29%|██▉       | 88/300 [00:00<00:01, 169.67it/s]
 35%|███▌      | 105/300 [00:01<00:05, 36.71it/s]
 39%|███▉      | 117/300 [00:04<00:12, 14.51it/s]
 42%|████▏     | 126/300 [00:10<00:36,  4.80it/s]
 44%|████▍     | 132/300 [00:14<00:45,  3.70it/s]
 45%|████▌     | 136/300 [00:16<00:50,  3.24it/s]
 46%|████▋     | 139/300 [00:17<00:54,  2.98it/s]
 47%|████▋     | 141/300 [00:19<00:57,  2.78it/s]
 48%|████▊     | 143/300 [00:20<01:00,  2.61it/s]
 48%|████▊     | 145/300 [00:21<01:02,  2.47it/s]
 49%|████▊     | 146/300 [00:21<01:03,  2.42it/s]
 49%|████▉     | 147/300 [00:22<01:05,  2.34it/s]
 49%|████▉     | 148/300 [00:22<01:06,  2.28it/s]
 50%|████▉     | 149/300 [00:23<01:07,  2.22it/s]
 50%|█████     | 150/300 [00:23<01:09,  2.17it/s]
 50%|█████     | 151/300 [00:24<01:10,  2.12it/s]
 51%|█████     | 152/300 [00:24<01:14,  2.00it/s]
 51%|█████     | 153/300 [00:25<01:14,  1.98it/s]
 51%|█████▏    | 154/300 [00:25<01:16,  1.91it/s]
 52%|█████▏    | 155/300 [00:26<01:15,  1.93it/s]
 52%|█████▏    | 156/300 [00:26<01:18,  1.84it/s]
 52%|█████▏    | 157/300 [00:27<01:16,  1.86it/s]
 53%|█████▎    | 158/300 [00:28<01:16,  1.85it/s]
 53%|█████▎    | 159/300 [00:28<01:14,  1.89it/s]
 53%|█████▎    | 160/300 [00:29<01:19,  1.76it/s]
 54%|█████▎    | 161/300 [00:29<01:19,  1.76it/s]
 54%|█████▍    | 162/300 [00:30<01:19,  1.75it/s]
 54%|█████▍    | 163/300 [00:30<01:16,  1.78it/s]
 55%|█████▍    | 164/300 [00:31<01:18,  1.73it/s]
 55%|█████▌    | 165/300 [00:31<01:14,  1.81it/s]
 55%|█████▌    | 166/300 [00:32<01:15,  1.78it/s]
 56%|█████▌    | 167/300 [00:33<01:14,  1.78it/s]
 56%|█████▌    | 168/300 [00:33<01:17,  1.70it/s]
 56%|█████▋    | 169/300 [00:34<01:15,  1.73it/s]
 57%|█████▋    | 170/300 [00:34<01:14,  1.74it/s]
 57%|█████▋    | 171/300 [00:35<01:17,  1.67it/s]
 57%|█████▋    | 172/300 [00:36<01:16,  1.66it/s]
 58%|█████▊    | 173/300 [00:36<01:15,  1.68it/s]
 58%|█████▊    | 174/300 [00:37<01:14,  1.70it/s]
 58%|█████▊    | 175/300 [00:37<01:15,  1.66it/s]
 59%|█████▊    | 176/300 [00:38<01:15,  1.63it/s]
 59%|█████▉    | 177/300 [00:39<01:15,  1.64it/s]
 59%|█████▉    | 178/300 [00:39<01:14,  1.63it/s]
 60%|█████▉    | 179/300 [00:40<01:15,  1.60it/s]
 60%|██████    | 180/300 [00:41<01:14,  1.61it/s]
 60%|██████    | 181/300 [00:41<01:14,  1.61it/s]
 61%|██████    | 182/300 [00:42<01:14,  1.57it/s]
 61%|██████    | 183/300 [00:42<01:11,  1.64it/s]
 61%|██████▏   | 184/300 [00:43<01:09,  1.67it/s]
 62%|██████▏   | 185/300 [00:44<01:09,  1.66it/s]
 62%|██████▏   | 186/300 [00:44<01:09,  1.64it/s]
 62%|██████▏   | 187/300 [00:45<01:09,  1.64it/s]
 63%|██████▎   | 188/300 [00:45<01:07,  1.66it/s]
 63%|██████▎   | 189/300 [00:46<01:06,  1.66it/s]
 63%|██████▎   | 190/300 [00:47<01:05,  1.67it/s]
 64%|██████▎   | 191/300 [00:47<01:06,  1.65it/s]
 64%|██████▍   | 192/300 [00:48<01:05,  1.64it/s]
 64%|██████▍   | 193/300 [00:48<01:06,  1.62it/s]
 65%|██████▍   | 194/300 [00:49<01:05,  1.62it/s]
 65%|██████▌   | 195/300 [00:50<01:04,  1.64it/s]
 65%|██████▌   | 196/300 [00:50<01:05,  1.58it/s]
 66%|██████▌   | 197/300 [00:51<01:04,  1.59it/s]
 66%|██████▌   | 198/300 [00:52<01:07,  1.50it/s]
 66%|██████▋   | 199/300 [00:52<01:08,  1.48it/s]
 67%|██████▋   | 200/300 [00:53<01:05,  1.52it/s]
 67%|██████▋   | 201/300 [00:54<01:05,  1.50it/s]
 67%|██████▋   | 202/300 [00:54<01:02,  1.56it/s]
 68%|██████▊   | 203/300 [00:55<01:00,  1.61it/s]
 68%|██████▊   | 204/300 [00:55<00:57,  1.66it/s]
 68%|██████▊   | 205/300 [00:56<00:56,  1.67it/s]
 69%|██████▊   | 206/300 [00:57<00:56,  1.66it/s]
 69%|██████▉   | 207/300 [00:57<00:55,  1.69it/s]
 69%|██████▉   | 208/300 [00:58<01:08,  1.34it/s]
 70%|██████▉   | 209/300 [00:59<01:06,  1.36it/s]
 70%|███████   | 210/300 [01:00<01:02,  1.44it/s]
 70%|███████   | 211/300 [01:00<00:59,  1.50it/s]
 71%|███████   | 212/300 [01:01<00:56,  1.55it/s]
 71%|███████   | 213/300 [01:01<00:54,  1.61it/s]
 71%|███████▏  | 214/300 [01:02<00:53,  1.60it/s]
 72%|███████▏  | 215/300 [01:03<00:56,  1.52it/s]
 72%|███████▏  | 216/300 [01:03<00:54,  1.55it/s]
 72%|███████▏  | 217/300 [01:04<00:57,  1.45it/s]
 73%|███████▎  | 218/300 [01:05<00:50,  1.63it/s]
 73%|███████▎  | 219/300 [01:05<00:52,  1.55it/s]
 73%|███████▎  | 220/300 [01:06<00:50,  1.59it/s]
 74%|███████▎  | 221/300 [01:07<00:53,  1.47it/s]
 74%|███████▍  | 222/300 [01:07<00:51,  1.51it/s]
 74%|███████▍  | 223/300 [01:08<00:49,  1.57it/s]
 75%|███████▍  | 224/300 [01:08<00:44,  1.69it/s]
 75%|███████▌  | 225/300 [01:09<00:43,  1.73it/s]
 75%|███████▌  | 226/300 [01:09<00:41,  1.79it/s]
 76%|███████▌  | 227/300 [01:10<00:39,  1.86it/s]
 76%|███████▌  | 228/300 [01:10<00:38,  1.87it/s]
 76%|███████▋  | 229/300 [01:11<00:36,  1.94it/s]
 77%|███████▋  | 230/300 [01:11<00:34,  2.05it/s]
 77%|███████▋  | 231/300 [01:12<00:32,  2.11it/s]
 77%|███████▋  | 232/300 [01:12<00:33,  2.05it/s]
 78%|███████▊  | 233/300 [01:13<00:33,  1.97it/s]
 78%|███████▊  | 234/300 [01:13<00:32,  2.00it/s]
 78%|███████▊  | 235/300 [01:14<00:31,  2.05it/s]
 79%|███████▊  | 236/300 [01:14<00:30,  2.08it/s]
 79%|███████▉  | 237/300 [01:15<00:29,  2.14it/s]
 79%|███████▉  | 238/300 [01:15<00:29,  2.13it/s]
 80%|███████▉  | 239/300 [01:16<00:28,  2.11it/s]
 80%|████████  | 240/300 [01:16<00:28,  2.12it/s]
 80%|████████  | 241/300 [01:17<00:27,  2.12it/s]
 81%|████████  | 242/300 [01:17<00:27,  2.12it/s]
 81%|████████  | 243/300 [01:18<00:26,  2.13it/s]
 81%|████████▏ | 244/300 [01:18<00:26,  2.11it/s]
 82%|████████▏ | 245/300 [01:19<00:26,  2.08it/s]
 82%|████████▏ | 246/300 [01:19<00:25,  2.13it/s]
 82%|████████▏ | 247/300 [01:19<00:25,  2.11it/s]
 83%|████████▎ | 248/300 [01:20<00:24,  2.12it/s]
 83%|████████▎ | 249/300 [01:20<00:23,  2.14it/s]
 83%|████████▎ | 250/300 [01:21<00:23,  2.14it/s]
 84%|████████▎ | 251/300 [01:21<00:23,  2.07it/s]
 84%|████████▍ | 252/300 [01:22<00:22,  2.11it/s]
 84%|████████▍ | 253/300 [01:22<00:21,  2.16it/s]
 85%|████████▍ | 254/300 [01:23<00:20,  2.19it/s]
 85%|████████▌ | 255/300 [01:23<00:20,  2.18it/s]
 85%|████████▌ | 256/300 [01:24<00:20,  2.19it/s]
 86%|████████▌ | 257/300 [01:24<00:20,  2.13it/s]
 86%|████████▌ | 258/300 [01:25<00:19,  2.14it/s]
 86%|████████▋ | 259/300 [01:25<00:19,  2.12it/s]
 87%|████████▋ | 260/300 [01:26<00:19,  2.07it/s]
 87%|████████▋ | 261/300 [01:26<00:19,  2.05it/s]
 87%|████████▋ | 262/300 [01:27<00:18,  2.04it/s]
 88%|████████▊ | 263/300 [01:27<00:18,  2.05it/s]
 88%|████████▊ | 264/300 [01:28<00:17,  2.06it/s]
 88%|████████▊ | 265/300 [01:28<00:16,  2.09it/s]
 89%|████████▊ | 266/300 [01:28<00:16,  2.07it/s]
 89%|████████▉ | 267/300 [01:29<00:16,  2.05it/s]
 89%|████████▉ | 268/300 [01:29<00:15,  2.08it/s]
 90%|████████▉ | 269/300 [01:30<00:14,  2.07it/s]
 90%|█████████ | 270/300 [01:30<00:13,  2.16it/s]
 90%|█████████ | 271/300 [01:31<00:13,  2.20it/s]
 91%|█████████ | 272/300 [01:31<00:12,  2.17it/s]
 91%|█████████ | 273/300 [01:32<00:12,  2.17it/s]
 91%|█████████▏| 274/300 [01:32<00:11,  2.17it/s]
 92%|█████████▏| 275/300 [01:33<00:11,  2.24it/s]
 92%|█████████▏| 276/300 [01:33<00:10,  2.27it/s]
 92%|█████████▏| 277/300 [01:33<00:10,  2.27it/s]
 93%|█████████▎| 278/300 [01:34<00:09,  2.21it/s]
 93%|█████████▎| 279/300 [01:34<00:09,  2.22it/s]
 93%|█████████▎| 280/300 [01:35<00:08,  2.24it/s]
 94%|█████████▎| 281/300 [01:35<00:08,  2.19it/s]
 94%|█████████▍| 282/300 [01:36<00:08,  2.09it/s]
 94%|█████████▍| 283/300 [01:36<00:08,  2.10it/s]
 95%|█████████▍| 284/300 [01:37<00:07,  2.15it/s]
 95%|█████████▌| 285/300 [01:37<00:06,  2.20it/s]
 95%|█████████▌| 286/300 [01:38<00:06,  2.16it/s]
 96%|█████████▌| 287/300 [01:38<00:05,  2.18it/s]
 96%|█████████▌| 288/300 [01:39<00:05,  2.17it/s]
 96%|█████████▋| 289/300 [01:39<00:05,  2.19it/s]
 97%|█████████▋| 290/300 [01:39<00:04,  2.20it/s]
 97%|█████████▋| 291/300 [01:40<00:04,  2.18it/s]
 97%|█████████▋| 292/300 [01:40<00:03,  2.17it/s]
 98%|█████████▊| 293/300 [01:41<00:03,  2.15it/s]
 98%|█████████▊| 294/300 [01:41<00:02,  2.17it/s]
 98%|█████████▊| 295/300 [01:42<00:02,  2.18it/s]
 99%|█████████▊| 296/300 [01:42<00:01,  2.18it/s]
 99%|█████████▉| 297/300 [01:43<00:01,  2.14it/s]
 99%|█████████▉| 298/300 [01:43<00:00,  2.14it/s]
100%|█████████▉| 299/300 [01:44<00:00,  2.12it/s]
100%|██████████| 300/300 [01:44<00:00,  2.14it/s]
100%|██████████| 300/300 [01:44<00:00,  2.87it/s]
