Bad value in file PosixPath('/home/heisenberg/Documentos/GitHub/RL-SAC/sac/utils/custom.mplstyle'), line 4 ("axes.prop_cycle : cycler('color', ['#0000FF', '#FFA500', '#006400', '#8B0000']) + cycler('linestyle', ['-'])"): Key axes.prop_cycle: "cycler('color', ['" is not a valid cycler construction: unterminated string literal (detected at line 1) (<unknown>, line 1)

  0%|          | 0/300 [00:00<?, ?it/s]
  5%|▍         | 14/300 [00:00<00:02, 139.55it/s]
 11%|█▏        | 34/300 [00:00<00:01, 167.82it/s]
 17%|█▋        | 51/300 [00:00<00:01, 165.13it/s]
 23%|██▎       | 69/300 [00:00<00:01, 167.62it/s]
 29%|██▊       | 86/300 [00:00<00:01, 166.48it/s]
 34%|███▍      | 103/300 [00:01<00:03, 52.71it/s]
 38%|███▊      | 115/300 [00:01<00:05, 34.40it/s]
 41%|████▏     | 124/300 [00:02<00:07, 24.87it/s]
 44%|████▎     | 131/300 [00:03<00:10, 16.63it/s]
 45%|████▌     | 136/300 [00:04<00:14, 11.39it/s]
 47%|████▋     | 140/300 [00:06<00:21,  7.33it/s]
 48%|████▊     | 143/300 [00:08<00:32,  4.86it/s]
 48%|████▊     | 145/300 [00:09<00:39,  3.96it/s]
 49%|████▉     | 147/300 [00:11<00:49,  3.06it/s]
 49%|████▉     | 148/300 [00:12<00:59,  2.55it/s]
 50%|████▉     | 149/300 [00:12<01:07,  2.25it/s]
 50%|█████     | 150/300 [00:13<01:10,  2.12it/s]
 50%|█████     | 151/300 [00:14<01:28,  1.68it/s]
 51%|█████     | 152/300 [00:15<01:37,  1.52it/s]
 51%|█████     | 153/300 [00:16<01:46,  1.38it/s]
 51%|█████▏    | 154/300 [00:17<01:58,  1.23it/s]
 52%|█████▏    | 155/300 [00:18<01:50,  1.31it/s]
 52%|█████▏    | 156/300 [00:19<01:50,  1.31it/s]
 52%|█████▏    | 157/300 [00:20<02:12,  1.08it/s]
 53%|█████▎    | 158/300 [00:21<02:06,  1.13it/s]
 53%|█████▎    | 159/300 [00:22<02:23,  1.02s/it]
 53%|█████▎    | 160/300 [00:23<02:21,  1.01s/it]
 54%|█████▎    | 161/300 [00:25<02:59,  1.29s/it]
 54%|█████▍    | 162/300 [00:26<02:47,  1.21s/it]
 54%|█████▍    | 163/300 [00:27<02:38,  1.15s/it]
 55%|█████▍    | 164/300 [00:28<02:25,  1.07s/it]
 55%|█████▌    | 165/300 [00:29<02:24,  1.07s/it]
 55%|█████▌    | 166/300 [00:30<02:15,  1.01s/it]
 56%|█████▌    | 167/300 [00:31<02:08,  1.03it/s]
 56%|█████▌    | 168/300 [00:32<02:39,  1.21s/it]
 56%|█████▋    | 169/300 [00:33<02:22,  1.09s/it]
 57%|█████▋    | 170/300 [00:34<02:12,  1.02s/it]
 57%|█████▋    | 171/300 [00:35<02:05,  1.03it/s]
 57%|█████▋    | 172/300 [00:36<01:54,  1.11it/s]
 58%|█████▊    | 173/300 [00:37<01:50,  1.15it/s]
 58%|█████▊    | 174/300 [00:37<01:42,  1.23it/s]
 58%|█████▊    | 175/300 [00:38<01:31,  1.37it/s]
 59%|█████▊    | 176/300 [00:38<01:23,  1.49it/s]
 59%|█████▉    | 177/300 [00:39<01:17,  1.59it/s]
 59%|█████▉    | 178/300 [00:39<01:10,  1.74it/s]
 60%|█████▉    | 179/300 [00:40<01:05,  1.85it/s]
 60%|██████    | 180/300 [00:40<01:04,  1.87it/s]
 60%|██████    | 181/300 [00:41<01:00,  1.97it/s]
 61%|██████    | 182/300 [00:41<01:01,  1.93it/s]
 61%|██████    | 183/300 [00:42<01:00,  1.93it/s]
 61%|██████▏   | 184/300 [00:42<01:00,  1.93it/s]
 62%|██████▏   | 185/300 [00:43<01:00,  1.91it/s]
 62%|██████▏   | 186/300 [00:43<00:57,  1.97it/s]
 62%|██████▏   | 187/300 [00:44<00:55,  2.05it/s]
 63%|██████▎   | 188/300 [00:44<00:52,  2.12it/s]
 63%|██████▎   | 189/300 [00:45<00:50,  2.19it/s]
 63%|██████▎   | 190/300 [00:45<00:49,  2.22it/s]
 64%|██████▎   | 191/300 [00:45<00:48,  2.23it/s]
 64%|██████▍   | 192/300 [00:46<00:47,  2.27it/s]
 64%|██████▍   | 193/300 [00:46<00:46,  2.29it/s]
 65%|██████▍   | 194/300 [00:47<00:45,  2.33it/s]
 65%|██████▌   | 195/300 [00:47<00:45,  2.31it/s]
 65%|██████▌   | 196/300 [00:48<00:45,  2.29it/s]
 66%|██████▌   | 197/300 [00:48<00:45,  2.26it/s]
 66%|██████▌   | 198/300 [00:49<00:50,  2.02it/s]
 66%|██████▋   | 199/300 [00:49<00:54,  1.85it/s]
 67%|██████▋   | 200/300 [00:50<00:55,  1.80it/s]
 67%|██████▋   | 201/300 [00:50<00:51,  1.94it/s]
 67%|██████▋   | 202/300 [00:51<00:48,  2.03it/s]
 68%|██████▊   | 203/300 [00:51<00:50,  1.92it/s]
 68%|██████▊   | 204/300 [00:52<00:49,  1.94it/s]
 68%|██████▊   | 205/300 [00:52<00:46,  2.05it/s]
 69%|██████▊   | 206/300 [00:53<00:44,  2.12it/s]
 69%|██████▉   | 207/300 [00:53<00:42,  2.18it/s]
 69%|██████▉   | 208/300 [00:54<00:41,  2.22it/s]
 70%|██████▉   | 209/300 [00:54<00:40,  2.23it/s]
 70%|███████   | 210/300 [00:54<00:39,  2.27it/s]
 70%|███████   | 211/300 [00:55<00:38,  2.30it/s]
 71%|███████   | 212/300 [00:55<00:37,  2.32it/s]
 71%|███████   | 213/300 [00:56<00:37,  2.31it/s]
 71%|███████▏  | 214/300 [00:56<00:37,  2.32it/s]
 72%|███████▏  | 215/300 [00:57<00:35,  2.37it/s]
 72%|███████▏  | 216/300 [00:57<00:35,  2.38it/s]
 72%|███████▏  | 217/300 [00:57<00:35,  2.36it/s]
 73%|███████▎  | 218/300 [00:58<00:35,  2.33it/s]
 73%|███████▎  | 219/300 [00:58<00:35,  2.29it/s]
 73%|███████▎  | 220/300 [00:59<00:35,  2.26it/s]
 74%|███████▎  | 221/300 [00:59<00:35,  2.20it/s]
 74%|███████▍  | 222/300 [01:00<00:36,  2.16it/s]
 74%|███████▍  | 223/300 [01:00<00:36,  2.12it/s]
 75%|███████▍  | 224/300 [01:01<00:35,  2.12it/s]
 75%|███████▌  | 225/300 [01:01<00:35,  2.12it/s]
 75%|███████▌  | 226/300 [01:02<00:34,  2.13it/s]
 76%|███████▌  | 227/300 [01:02<00:34,  2.12it/s]
 76%|███████▌  | 228/300 [01:03<00:34,  2.11it/s]
 76%|███████▋  | 229/300 [01:03<00:34,  2.05it/s]
 77%|███████▋  | 230/300 [01:04<00:34,  2.05it/s]
 77%|███████▋  | 231/300 [01:04<00:32,  2.11it/s]
 77%|███████▋  | 232/300 [01:05<00:33,  2.05it/s]
 78%|███████▊  | 233/300 [01:05<00:32,  2.07it/s]
 78%|███████▊  | 234/300 [01:06<00:32,  2.04it/s]
 78%|███████▊  | 235/300 [01:06<00:31,  2.07it/s]
 79%|███████▊  | 236/300 [01:06<00:30,  2.09it/s]
 79%|███████▉  | 237/300 [01:07<00:30,  2.07it/s]
 79%|███████▉  | 238/300 [01:07<00:30,  2.06it/s]
 80%|███████▉  | 239/300 [01:08<00:29,  2.07it/s]
 80%|████████  | 240/300 [01:08<00:28,  2.09it/s]
 80%|████████  | 241/300 [01:09<00:29,  2.03it/s]
 81%|████████  | 242/300 [01:09<00:28,  2.05it/s]
 81%|████████  | 243/300 [01:10<00:27,  2.08it/s]
 81%|████████▏ | 244/300 [01:10<00:27,  2.07it/s]
 82%|████████▏ | 245/300 [01:11<00:26,  2.09it/s]
 82%|████████▏ | 246/300 [01:11<00:26,  2.04it/s]
 82%|████████▏ | 247/300 [01:12<00:26,  2.01it/s]
 83%|████████▎ | 248/300 [01:12<00:26,  1.98it/s]
 83%|████████▎ | 249/300 [01:13<00:28,  1.77it/s]
 83%|████████▎ | 250/300 [01:14<00:27,  1.83it/s]
 84%|████████▎ | 251/300 [01:14<00:27,  1.78it/s]
 84%|████████▍ | 252/300 [01:15<00:31,  1.51it/s]
 84%|████████▍ | 253/300 [01:16<00:35,  1.34it/s]
 85%|████████▍ | 254/300 [01:16<00:30,  1.51it/s]
 85%|████████▌ | 255/300 [01:17<00:26,  1.72it/s]
 85%|████████▌ | 256/300 [01:17<00:22,  1.95it/s]
 86%|████████▌ | 257/300 [01:18<00:19,  2.18it/s]
 86%|████████▌ | 258/300 [01:18<00:17,  2.36it/s]
 86%|████████▋ | 259/300 [01:18<00:16,  2.52it/s]
 87%|████████▋ | 260/300 [01:19<00:15,  2.59it/s]
 87%|████████▋ | 261/300 [01:19<00:14,  2.62it/s]
 87%|████████▋ | 262/300 [01:19<00:13,  2.72it/s]
 88%|████████▊ | 263/300 [01:20<00:13,  2.75it/s]
 88%|████████▊ | 264/300 [01:20<00:12,  2.81it/s]
 88%|████████▊ | 265/300 [01:20<00:12,  2.83it/s]
 89%|████████▊ | 266/300 [01:21<00:12,  2.83it/s]
 89%|████████▉ | 267/300 [01:21<00:11,  2.84it/s]
 89%|████████▉ | 268/300 [01:21<00:11,  2.84it/s]
 90%|████████▉ | 269/300 [01:22<00:10,  2.88it/s]
 90%|█████████ | 270/300 [01:22<00:10,  2.89it/s]
 90%|█████████ | 271/300 [01:22<00:10,  2.87it/s]
 91%|█████████ | 272/300 [01:23<00:09,  2.86it/s]
 91%|█████████ | 273/300 [01:23<00:09,  2.81it/s]
 91%|█████████▏| 274/300 [01:24<00:09,  2.72it/s]
 92%|█████████▏| 275/300 [01:24<00:09,  2.69it/s]
 92%|█████████▏| 276/300 [01:24<00:09,  2.60it/s]
 92%|█████████▏| 277/300 [01:25<00:09,  2.53it/s]
 93%|█████████▎| 278/300 [01:25<00:08,  2.46it/s]
 93%|█████████▎| 279/300 [01:26<00:08,  2.46it/s]
 93%|█████████▎| 280/300 [01:26<00:08,  2.48it/s]
 94%|█████████▎| 281/300 [01:26<00:07,  2.47it/s]
 94%|█████████▍| 282/300 [01:27<00:07,  2.47it/s]
 94%|█████████▍| 283/300 [01:27<00:07,  2.36it/s]
 95%|█████████▍| 284/300 [01:28<00:07,  2.27it/s]
 95%|█████████▌| 285/300 [01:28<00:06,  2.31it/s]
 95%|█████████▌| 286/300 [01:29<00:05,  2.34it/s]
 96%|█████████▌| 287/300 [01:29<00:05,  2.27it/s]
 96%|█████████▌| 288/300 [01:30<00:05,  2.21it/s]
 96%|█████████▋| 289/300 [01:30<00:05,  2.20it/s]
 97%|█████████▋| 290/300 [01:30<00:04,  2.18it/s]
 97%|█████████▋| 291/300 [01:31<00:04,  2.17it/s]
 97%|█████████▋| 292/300 [01:32<00:04,  1.96it/s]
 98%|█████████▊| 293/300 [01:32<00:03,  1.94it/s]
 98%|█████████▊| 294/300 [01:33<00:03,  1.87it/s]
 98%|█████████▊| 295/300 [01:33<00:02,  1.86it/s]
 99%|█████████▊| 296/300 [01:34<00:02,  1.99it/s]
 99%|█████████▉| 297/300 [01:34<00:01,  2.02it/s]
 99%|█████████▉| 298/300 [01:35<00:01,  1.96it/s]
100%|█████████▉| 299/300 [01:35<00:00,  2.04it/s]
100%|██████████| 300/300 [01:36<00:00,  2.05it/s]
100%|██████████| 300/300 [01:36<00:00,  3.12it/s]
