Bad value in file PosixPath('/home/heisenberg/Documentos/GitHub/RL-SAC/sac/utils/custom.mplstyle'), line 4 ("axes.prop_cycle : cycler('color', ['#0000FF', '#FFA500', '#006400', '#8B0000']) + cycler('linestyle', ['-'])"): Key axes.prop_cycle: "cycler('color', ['" is not a valid cycler construction: unterminated string literal (detected at line 1) (<unknown>, line 1)

  0%|          | 0/300 [00:00<?, ?it/s]
  3%|▎         | 8/300 [00:00<00:04, 71.75it/s]
  6%|▌         | 17/300 [00:00<00:03, 81.25it/s]
 10%|█         | 31/300 [00:00<00:02, 107.05it/s]
 14%|█▍        | 42/300 [00:00<00:02, 107.63it/s]
 18%|█▊        | 53/300 [00:00<00:02, 89.09it/s] 
 22%|██▏       | 66/300 [00:00<00:02, 99.88it/s]
 26%|██▌       | 77/300 [00:00<00:02, 102.67it/s]
 30%|██▉       | 89/300 [00:00<00:02, 103.90it/s]
 33%|███▎      | 100/300 [00:02<00:07, 26.21it/s]
 36%|███▌      | 108/300 [00:02<00:07, 24.05it/s]
 38%|███▊      | 114/300 [00:02<00:08, 22.09it/s]
 40%|███▉      | 119/300 [00:03<00:10, 17.51it/s]
 41%|████      | 123/300 [00:03<00:09, 18.36it/s]
 42%|████▏     | 127/300 [00:03<00:09, 18.54it/s]
 43%|████▎     | 130/300 [00:04<00:15, 10.84it/s]
 44%|████▍     | 133/300 [00:05<00:19,  8.78it/s]
 45%|████▌     | 135/300 [00:05<00:19,  8.44it/s]
 46%|████▌     | 137/300 [00:06<00:26,  6.11it/s]
 46%|████▋     | 139/300 [00:06<00:26,  6.06it/s]
 47%|████▋     | 140/300 [00:06<00:30,  5.17it/s]
 47%|████▋     | 141/300 [00:07<00:37,  4.20it/s]
 47%|████▋     | 142/300 [00:07<00:46,  3.39it/s]
 48%|████▊     | 143/300 [00:08<00:59,  2.66it/s]
 48%|████▊     | 144/300 [00:09<01:27,  1.79it/s]
 48%|████▊     | 145/300 [00:10<01:40,  1.53it/s]
 49%|████▊     | 146/300 [00:10<01:25,  1.80it/s]
 49%|████▉     | 147/300 [00:12<01:46,  1.43it/s]
 49%|████▉     | 148/300 [00:12<01:38,  1.54it/s]
 50%|████▉     | 149/300 [00:13<01:47,  1.40it/s]
 50%|█████     | 150/300 [00:13<01:40,  1.49it/s]
 50%|█████     | 151/300 [00:14<01:38,  1.52it/s]
 51%|█████     | 152/300 [00:15<01:57,  1.26it/s]
 51%|█████     | 153/300 [00:16<01:50,  1.34it/s]
 51%|█████▏    | 154/300 [00:17<01:56,  1.25it/s]
 52%|█████▏    | 155/300 [00:18<02:03,  1.17it/s]
 52%|█████▏    | 156/300 [00:19<02:13,  1.08it/s]
 52%|█████▏    | 157/300 [00:19<01:57,  1.22it/s]
 53%|█████▎    | 158/300 [00:20<01:52,  1.26it/s]
 53%|█████▎    | 159/300 [00:21<01:47,  1.31it/s]
 53%|█████▎    | 160/300 [00:22<02:09,  1.08it/s]
 54%|█████▎    | 161/300 [00:23<02:05,  1.10it/s]
 54%|█████▍    | 162/300 [00:24<02:05,  1.10it/s]
 54%|█████▍    | 163/300 [00:25<02:09,  1.06it/s]
 55%|█████▍    | 164/300 [00:26<02:02,  1.11it/s]
 55%|█████▌    | 165/300 [00:27<02:01,  1.11it/s]
 55%|█████▌    | 166/300 [00:27<01:54,  1.17it/s]
 56%|█████▌    | 167/300 [00:28<01:53,  1.17it/s]
 56%|█████▌    | 168/300 [00:29<01:44,  1.26it/s]
 56%|█████▋    | 169/300 [00:31<02:18,  1.06s/it]
 57%|█████▋    | 170/300 [00:32<02:14,  1.03s/it]
 57%|█████▋    | 171/300 [00:33<02:14,  1.04s/it]
 57%|█████▋    | 172/300 [00:33<02:06,  1.01it/s]
 58%|█████▊    | 173/300 [00:34<02:05,  1.01it/s]
 58%|█████▊    | 174/300 [00:36<02:06,  1.00s/it]
 58%|█████▊    | 175/300 [00:37<02:13,  1.07s/it]
 59%|█████▊    | 176/300 [00:38<02:02,  1.02it/s]
 59%|█████▉    | 177/300 [00:38<01:57,  1.05it/s]
 59%|█████▉    | 178/300 [00:40<02:01,  1.00it/s]
 60%|█████▉    | 179/300 [00:40<01:49,  1.11it/s]
 60%|██████    | 180/300 [00:41<01:38,  1.22it/s]
 60%|██████    | 181/300 [00:41<01:31,  1.31it/s]
 61%|██████    | 182/300 [00:42<01:21,  1.45it/s]
 61%|██████    | 183/300 [00:42<01:13,  1.59it/s]
 61%|██████▏   | 184/300 [00:43<01:06,  1.75it/s]
 62%|██████▏   | 185/300 [00:43<01:02,  1.85it/s]
 62%|██████▏   | 186/300 [00:44<00:56,  2.01it/s]
 62%|██████▏   | 187/300 [00:44<00:54,  2.09it/s]
 63%|██████▎   | 188/300 [00:45<00:49,  2.24it/s]
 63%|██████▎   | 189/300 [00:45<00:48,  2.28it/s]
 63%|██████▎   | 190/300 [00:45<00:46,  2.37it/s]
 64%|██████▎   | 191/300 [00:46<00:44,  2.45it/s]
 64%|██████▍   | 192/300 [00:46<00:43,  2.51it/s]
 64%|██████▍   | 193/300 [00:46<00:41,  2.56it/s]
 65%|██████▍   | 194/300 [00:47<00:40,  2.59it/s]
 65%|██████▌   | 195/300 [00:47<00:41,  2.55it/s]
 65%|██████▌   | 196/300 [00:48<00:42,  2.44it/s]
 66%|██████▌   | 197/300 [00:48<00:43,  2.37it/s]
 66%|██████▌   | 198/300 [00:49<00:45,  2.22it/s]
 66%|██████▋   | 199/300 [00:49<00:47,  2.13it/s]
 67%|██████▋   | 200/300 [00:50<00:50,  1.99it/s]
 67%|██████▋   | 201/300 [00:50<00:49,  1.99it/s]
 67%|██████▋   | 202/300 [00:51<00:47,  2.08it/s]
 68%|██████▊   | 203/300 [00:51<00:48,  2.00it/s]
 68%|██████▊   | 204/300 [00:52<00:46,  2.06it/s]
 68%|██████▊   | 205/300 [00:52<00:45,  2.08it/s]
 69%|██████▊   | 206/300 [00:53<00:45,  2.07it/s]
 69%|██████▉   | 207/300 [00:53<00:44,  2.08it/s]
 69%|██████▉   | 208/300 [00:54<00:44,  2.05it/s]
 70%|██████▉   | 209/300 [00:54<00:45,  2.01it/s]
 70%|███████   | 210/300 [00:55<00:44,  2.00it/s]
 70%|███████   | 211/300 [00:55<00:43,  2.05it/s]
 71%|███████   | 212/300 [00:56<00:41,  2.13it/s]
 71%|███████   | 213/300 [00:56<00:43,  2.01it/s]
 71%|███████▏  | 214/300 [00:57<00:43,  2.00it/s]
 72%|███████▏  | 215/300 [00:57<00:46,  1.82it/s]
 72%|███████▏  | 216/300 [00:58<00:48,  1.74it/s]
 72%|███████▏  | 217/300 [00:59<00:51,  1.63it/s]
 73%|███████▎  | 218/300 [00:59<00:47,  1.72it/s]
 73%|███████▎  | 219/300 [01:00<00:43,  1.84it/s]
 73%|███████▎  | 220/300 [01:00<00:46,  1.74it/s]
 74%|███████▎  | 221/300 [01:01<00:43,  1.81it/s]
 74%|███████▍  | 222/300 [01:01<00:42,  1.82it/s]
 74%|███████▍  | 223/300 [01:02<00:45,  1.70it/s]
 75%|███████▍  | 224/300 [01:03<00:50,  1.52it/s]
 75%|███████▌  | 225/300 [01:03<00:45,  1.67it/s]
 75%|███████▌  | 226/300 [01:04<00:43,  1.71it/s]
 76%|███████▌  | 227/300 [01:04<00:40,  1.81it/s]
 76%|███████▌  | 228/300 [01:05<00:36,  1.97it/s]
 76%|███████▋  | 229/300 [01:05<00:36,  1.95it/s]
 77%|███████▋  | 230/300 [01:06<00:38,  1.83it/s]
 77%|███████▋  | 231/300 [01:06<00:35,  1.95it/s]
 77%|███████▋  | 232/300 [01:07<00:32,  2.10it/s]
 78%|███████▊  | 233/300 [01:07<00:30,  2.20it/s]
 78%|███████▊  | 234/300 [01:07<00:28,  2.31it/s]
 78%|███████▊  | 235/300 [01:08<00:27,  2.39it/s]
 79%|███████▊  | 236/300 [01:08<00:25,  2.48it/s]
 79%|███████▉  | 237/300 [01:09<00:24,  2.52it/s]
 79%|███████▉  | 238/300 [01:09<00:24,  2.57it/s]
 80%|███████▉  | 239/300 [01:09<00:23,  2.58it/s]
 80%|████████  | 240/300 [01:10<00:22,  2.62it/s]
 80%|████████  | 241/300 [01:10<00:23,  2.56it/s]
 81%|████████  | 242/300 [01:11<00:23,  2.47it/s]
 81%|████████  | 243/300 [01:11<00:23,  2.45it/s]
 81%|████████▏ | 244/300 [01:11<00:22,  2.52it/s]
 82%|████████▏ | 245/300 [01:12<00:22,  2.49it/s]
 82%|████████▏ | 246/300 [01:12<00:21,  2.49it/s]
 82%|████████▏ | 247/300 [01:13<00:20,  2.54it/s]
 83%|████████▎ | 248/300 [01:13<00:20,  2.54it/s]
 83%|████████▎ | 249/300 [01:13<00:19,  2.59it/s]
 83%|████████▎ | 250/300 [01:14<00:18,  2.63it/s]
 84%|████████▎ | 251/300 [01:14<00:18,  2.65it/s]
 84%|████████▍ | 252/300 [01:14<00:18,  2.64it/s]
 84%|████████▍ | 253/300 [01:15<00:17,  2.66it/s]
 85%|████████▍ | 254/300 [01:15<00:17,  2.60it/s]
 85%|████████▌ | 255/300 [01:16<00:17,  2.57it/s]
 85%|████████▌ | 256/300 [01:16<00:17,  2.52it/s]
 86%|████████▌ | 257/300 [01:16<00:17,  2.48it/s]
 86%|████████▌ | 258/300 [01:17<00:17,  2.44it/s]
 86%|████████▋ | 259/300 [01:17<00:17,  2.41it/s]
 87%|████████▋ | 260/300 [01:18<00:16,  2.36it/s]
 87%|████████▋ | 261/300 [01:18<00:16,  2.37it/s]
 87%|████████▋ | 262/300 [01:19<00:16,  2.33it/s]
 88%|████████▊ | 263/300 [01:19<00:16,  2.24it/s]
 88%|████████▊ | 264/300 [01:20<00:16,  2.19it/s]
 88%|████████▊ | 265/300 [01:20<00:15,  2.22it/s]
 89%|████████▊ | 266/300 [01:20<00:15,  2.23it/s]
 89%|████████▉ | 267/300 [01:21<00:15,  2.20it/s]
 89%|████████▉ | 268/300 [01:22<00:16,  1.99it/s]
 90%|████████▉ | 269/300 [01:22<00:17,  1.76it/s]
 90%|█████████ | 270/300 [01:23<00:17,  1.73it/s]
 90%|█████████ | 271/300 [01:23<00:17,  1.70it/s]
 91%|█████████ | 272/300 [01:24<00:16,  1.74it/s]
 91%|█████████ | 273/300 [01:25<00:14,  1.80it/s]
 91%|█████████▏| 274/300 [01:25<00:14,  1.77it/s]
 92%|█████████▏| 275/300 [01:26<00:17,  1.41it/s]
 92%|█████████▏| 276/300 [01:27<00:19,  1.21it/s]
 92%|█████████▏| 277/300 [01:28<00:21,  1.09it/s]
 93%|█████████▎| 278/300 [01:30<00:22,  1.04s/it]
 93%|█████████▎| 279/300 [01:31<00:21,  1.03s/it]
 93%|█████████▎| 280/300 [01:32<00:25,  1.25s/it]
 94%|█████████▎| 281/300 [01:33<00:22,  1.17s/it]
 94%|█████████▍| 282/300 [01:34<00:19,  1.08s/it]
 94%|█████████▍| 283/300 [01:35<00:17,  1.02s/it]
 95%|█████████▍| 284/300 [01:36<00:15,  1.01it/s]
 95%|█████████▌| 285/300 [01:37<00:15,  1.00s/it]
 95%|█████████▌| 286/300 [01:38<00:13,  1.01it/s]
 96%|█████████▌| 287/300 [01:39<00:12,  1.02it/s]
 96%|█████████▌| 288/300 [01:40<00:11,  1.01it/s]
 96%|█████████▋| 289/300 [01:41<00:10,  1.01it/s]
 97%|█████████▋| 290/300 [01:42<00:09,  1.01it/s]
 97%|█████████▋| 291/300 [01:43<00:08,  1.01it/s]
 97%|█████████▋| 292/300 [01:44<00:08,  1.05s/it]
 98%|█████████▊| 293/300 [01:46<00:08,  1.17s/it]
 98%|█████████▊| 294/300 [01:48<00:08,  1.47s/it]
 98%|█████████▊| 295/300 [01:50<00:09,  1.80s/it]
 99%|█████████▊| 296/300 [01:53<00:07,  1.94s/it]
 99%|█████████▉| 297/300 [01:55<00:06,  2.11s/it]
 99%|█████████▉| 298/300 [01:58<00:04,  2.32s/it]
100%|█████████▉| 299/300 [02:00<00:02,  2.28s/it]
100%|██████████| 300/300 [02:03<00:00,  2.38s/it]
100%|██████████| 300/300 [02:03<00:00,  2.43it/s]
