Bad value in file PosixPath('/home/heisenberg/Documentos/GitHub/RL-SAC/sac/utils/custom.mplstyle'), line 4 ("axes.prop_cycle : cycler('color', ['#0000FF', '#FFA500', '#006400', '#8B0000']) + cycler('linestyle', ['-'])"): Key axes.prop_cycle: "cycler('color', ['" is not a valid cycler construction: unterminated string literal (detected at line 1) (<unknown>, line 1)

  0%|          | 0/300 [00:00<?, ?it/s]
  5%|▍         | 14/300 [00:00<00:02, 137.04it/s]
 11%|█▏        | 34/300 [00:00<00:01, 165.31it/s]
 17%|█▋        | 51/300 [00:00<00:01, 159.98it/s]
 23%|██▎       | 68/300 [00:00<00:01, 160.57it/s]
 29%|██▊       | 86/300 [00:00<00:01, 165.54it/s]
 34%|███▍      | 103/300 [00:01<00:05, 35.93it/s]
 38%|███▊      | 115/300 [00:03<00:12, 14.66it/s]
 41%|████      | 123/300 [00:11<00:42,  4.16it/s]
 43%|████▎     | 129/300 [00:16<00:57,  2.99it/s]
 44%|████▍     | 133/300 [00:18<01:02,  2.69it/s]
 45%|████▌     | 136/300 [00:20<01:05,  2.51it/s]
 46%|████▌     | 138/300 [00:21<01:07,  2.41it/s]
 47%|████▋     | 140/300 [00:22<01:09,  2.31it/s]
 47%|████▋     | 142/300 [00:23<01:11,  2.19it/s]
 48%|████▊     | 143/300 [00:24<01:13,  2.12it/s]
 48%|████▊     | 144/300 [00:25<01:17,  2.01it/s]
 48%|████▊     | 145/300 [00:25<01:21,  1.90it/s]
 49%|████▊     | 146/300 [00:26<01:24,  1.82it/s]
 49%|████▉     | 147/300 [00:27<01:26,  1.76it/s]
 49%|████▉     | 148/300 [00:27<01:34,  1.61it/s]
 50%|████▉     | 149/300 [00:28<01:35,  1.57it/s]
 50%|█████     | 150/300 [00:29<01:44,  1.44it/s]
 50%|█████     | 151/300 [00:30<01:52,  1.33it/s]
 51%|█████     | 152/300 [00:30<01:44,  1.42it/s]
 51%|█████     | 153/300 [00:31<01:38,  1.49it/s]
 51%|█████▏    | 154/300 [00:32<01:41,  1.43it/s]
 52%|█████▏    | 155/300 [00:33<01:49,  1.33it/s]
 52%|█████▏    | 156/300 [00:34<01:52,  1.28it/s]
 52%|█████▏    | 157/300 [00:34<01:58,  1.21it/s]
 53%|█████▎    | 158/300 [00:35<01:55,  1.23it/s]
 53%|█████▎    | 159/300 [00:36<01:50,  1.28it/s]
 53%|█████▎    | 160/300 [00:37<01:56,  1.20it/s]
 54%|█████▎    | 161/300 [00:38<02:00,  1.16it/s]
 54%|█████▍    | 162/300 [00:39<01:58,  1.17it/s]
 54%|█████▍    | 163/300 [00:40<02:31,  1.10s/it]
 55%|█████▍    | 164/300 [00:41<02:26,  1.08s/it]
 55%|█████▌    | 165/300 [00:43<02:34,  1.14s/it]
 55%|█████▌    | 166/300 [00:43<02:18,  1.04s/it]
 56%|█████▌    | 167/300 [00:44<02:07,  1.05it/s]
 56%|█████▌    | 168/300 [00:45<02:02,  1.07it/s]
 56%|█████▋    | 169/300 [00:46<02:04,  1.05it/s]
 57%|█████▋    | 170/300 [00:47<02:07,  1.02it/s]
 57%|█████▋    | 171/300 [00:48<02:01,  1.06it/s]
 57%|█████▋    | 172/300 [00:49<01:51,  1.15it/s]
 58%|█████▊    | 173/300 [00:49<01:43,  1.22it/s]
 58%|█████▊    | 174/300 [00:50<01:41,  1.24it/s]
 58%|█████▊    | 175/300 [00:51<01:45,  1.19it/s]
 59%|█████▊    | 176/300 [00:52<01:41,  1.22it/s]
 59%|█████▉    | 177/300 [00:53<02:07,  1.04s/it]
 59%|█████▉    | 178/300 [00:54<02:07,  1.04s/it]
 60%|█████▉    | 179/300 [00:55<02:00,  1.00it/s]
 60%|██████    | 180/300 [00:56<01:58,  1.01it/s]
 60%|██████    | 181/300 [00:57<02:01,  1.02s/it]
 61%|██████    | 182/300 [00:58<01:53,  1.04it/s]
 61%|██████    | 183/300 [00:59<01:44,  1.12it/s]
 61%|██████▏   | 184/300 [01:00<01:44,  1.11it/s]
 62%|██████▏   | 185/300 [01:01<01:42,  1.12it/s]
 62%|██████▏   | 186/300 [01:02<01:39,  1.15it/s]
 62%|██████▏   | 187/300 [01:02<01:35,  1.19it/s]
 63%|██████▎   | 188/300 [01:03<01:30,  1.24it/s]
 63%|██████▎   | 189/300 [01:04<01:27,  1.27it/s]
 63%|██████▎   | 190/300 [01:05<01:23,  1.31it/s]
 64%|██████▎   | 191/300 [01:06<01:36,  1.14it/s]
 64%|██████▍   | 192/300 [01:07<01:37,  1.11it/s]
 64%|██████▍   | 193/300 [01:07<01:30,  1.19it/s]
 65%|██████▍   | 194/300 [01:08<01:25,  1.24it/s]
 65%|██████▌   | 195/300 [01:09<01:21,  1.29it/s]
 65%|██████▌   | 196/300 [01:10<01:23,  1.25it/s]
 66%|██████▌   | 197/300 [01:10<01:16,  1.35it/s]
 66%|██████▌   | 198/300 [01:11<01:15,  1.35it/s]
 66%|██████▋   | 199/300 [01:12<01:09,  1.46it/s]
 67%|██████▋   | 200/300 [01:12<01:07,  1.48it/s]
 67%|██████▋   | 201/300 [01:13<01:04,  1.53it/s]
 67%|██████▋   | 202/300 [01:13<01:03,  1.55it/s]
 68%|██████▊   | 203/300 [01:14<00:59,  1.62it/s]
 68%|██████▊   | 204/300 [01:15<00:57,  1.66it/s]
 68%|██████▊   | 205/300 [01:15<00:56,  1.68it/s]
 69%|██████▊   | 206/300 [01:16<00:54,  1.72it/s]
 69%|██████▉   | 207/300 [01:16<00:54,  1.70it/s]
 69%|██████▉   | 208/300 [01:17<00:53,  1.73it/s]
 70%|██████▉   | 209/300 [01:17<00:52,  1.74it/s]
 70%|███████   | 210/300 [01:18<00:51,  1.76it/s]
 70%|███████   | 211/300 [01:19<00:51,  1.72it/s]
 71%|███████   | 212/300 [01:19<00:53,  1.65it/s]
 71%|███████   | 213/300 [01:20<00:51,  1.70it/s]
 71%|███████▏  | 214/300 [01:20<00:50,  1.71it/s]
 72%|███████▏  | 215/300 [01:21<00:48,  1.75it/s]
 72%|███████▏  | 216/300 [01:21<00:49,  1.71it/s]
 72%|███████▏  | 217/300 [01:22<00:50,  1.66it/s]
 73%|███████▎  | 218/300 [01:23<00:49,  1.66it/s]
 73%|███████▎  | 219/300 [01:23<00:50,  1.62it/s]
 73%|███████▎  | 220/300 [01:24<00:51,  1.56it/s]
 74%|███████▎  | 221/300 [01:25<00:51,  1.53it/s]
 74%|███████▍  | 222/300 [01:25<00:51,  1.52it/s]
 74%|███████▍  | 223/300 [01:26<00:49,  1.55it/s]
 75%|███████▍  | 224/300 [01:27<00:47,  1.59it/s]
 75%|███████▌  | 225/300 [01:27<00:46,  1.60it/s]
 75%|███████▌  | 226/300 [01:28<00:45,  1.61it/s]
 76%|███████▌  | 227/300 [01:29<00:45,  1.60it/s]
 76%|███████▌  | 228/300 [01:29<00:44,  1.63it/s]
 76%|███████▋  | 229/300 [01:30<00:43,  1.63it/s]
 77%|███████▋  | 230/300 [01:30<00:42,  1.64it/s]
 77%|███████▋  | 231/300 [01:31<00:40,  1.69it/s]
 77%|███████▋  | 232/300 [01:31<00:41,  1.65it/s]
 78%|███████▊  | 233/300 [01:32<00:39,  1.68it/s]
 78%|███████▊  | 234/300 [01:33<00:39,  1.68it/s]
 78%|███████▊  | 235/300 [01:33<00:38,  1.70it/s]
 79%|███████▊  | 236/300 [01:34<00:37,  1.70it/s]
 79%|███████▉  | 237/300 [01:34<00:37,  1.69it/s]
 79%|███████▉  | 238/300 [01:35<00:37,  1.67it/s]
 80%|███████▉  | 239/300 [01:36<00:36,  1.67it/s]
 80%|████████  | 240/300 [01:36<00:35,  1.68it/s]
 80%|████████  | 241/300 [01:37<00:34,  1.70it/s]
 81%|████████  | 242/300 [01:37<00:34,  1.67it/s]
 81%|████████  | 243/300 [01:38<00:34,  1.67it/s]
 81%|████████▏ | 244/300 [01:39<00:34,  1.60it/s]
 82%|████████▏ | 245/300 [01:39<00:34,  1.59it/s]
 82%|████████▏ | 246/300 [01:40<00:33,  1.59it/s]
 82%|████████▏ | 247/300 [01:41<00:32,  1.64it/s]
 83%|████████▎ | 248/300 [01:41<00:31,  1.65it/s]
 83%|████████▎ | 249/300 [01:42<00:31,  1.61it/s]
 83%|████████▎ | 250/300 [01:42<00:31,  1.59it/s]
 84%|████████▎ | 251/300 [01:43<00:30,  1.59it/s]
 84%|████████▍ | 252/300 [01:44<00:28,  1.68it/s]
 84%|████████▍ | 253/300 [01:44<00:28,  1.65it/s]
 85%|████████▍ | 254/300 [01:45<00:27,  1.68it/s]
 85%|████████▌ | 255/300 [01:45<00:27,  1.65it/s]
 85%|████████▌ | 256/300 [01:46<00:26,  1.67it/s]
 86%|████████▌ | 257/300 [01:47<00:26,  1.64it/s]
 86%|████████▌ | 258/300 [01:47<00:26,  1.61it/s]
 86%|████████▋ | 259/300 [01:48<00:25,  1.59it/s]
 87%|████████▋ | 260/300 [01:49<00:25,  1.59it/s]
 87%|████████▋ | 261/300 [01:49<00:25,  1.55it/s]
 87%|████████▋ | 262/300 [01:50<00:24,  1.53it/s]
 88%|████████▊ | 263/300 [01:51<00:24,  1.51it/s]
 88%|████████▊ | 264/300 [01:51<00:24,  1.47it/s]
 88%|████████▊ | 265/300 [01:52<00:23,  1.47it/s]
 89%|████████▊ | 266/300 [01:53<00:23,  1.42it/s]
 89%|████████▉ | 267/300 [01:53<00:23,  1.40it/s]
 89%|████████▉ | 268/300 [01:54<00:23,  1.36it/s]
 90%|████████▉ | 269/300 [01:55<00:22,  1.36it/s]
 90%|█████████ | 270/300 [01:56<00:22,  1.36it/s]
 90%|█████████ | 271/300 [01:57<00:21,  1.33it/s]
 91%|█████████ | 272/300 [01:57<00:21,  1.29it/s]
 91%|█████████ | 273/300 [01:58<00:22,  1.22it/s]
 91%|█████████▏| 274/300 [01:59<00:22,  1.15it/s]
 92%|█████████▏| 275/300 [02:00<00:22,  1.10it/s]
 92%|█████████▏| 276/300 [02:01<00:22,  1.05it/s]
 92%|█████████▏| 277/300 [02:02<00:22,  1.03it/s]
 93%|█████████▎| 278/300 [02:04<00:22,  1.03s/it]
 93%|█████████▎| 279/300 [02:05<00:22,  1.05s/it]
 93%|█████████▎| 280/300 [02:06<00:22,  1.10s/it]
 94%|█████████▎| 281/300 [02:07<00:22,  1.20s/it]
 94%|█████████▍| 282/300 [02:09<00:23,  1.30s/it]
 94%|█████████▍| 283/300 [02:11<00:24,  1.44s/it]
 95%|█████████▍| 284/300 [02:12<00:23,  1.50s/it]
 95%|█████████▌| 285/300 [02:14<00:25,  1.67s/it]
 95%|█████████▌| 286/300 [02:16<00:25,  1.80s/it]
 96%|█████████▌| 287/300 [02:18<00:24,  1.89s/it]
 96%|█████████▌| 288/300 [02:21<00:23,  1.95s/it]
 96%|█████████▋| 289/300 [02:23<00:22,  2.00s/it]
 97%|█████████▋| 290/300 [02:25<00:20,  2.03s/it]
 97%|█████████▋| 291/300 [02:27<00:18,  2.05s/it]
 97%|█████████▋| 292/300 [02:29<00:16,  2.06s/it]
 98%|█████████▊| 293/300 [02:31<00:14,  2.07s/it]
 98%|█████████▊| 294/300 [02:33<00:12,  2.08s/it]
 98%|█████████▊| 295/300 [02:35<00:10,  2.08s/it]
 99%|█████████▊| 296/300 [02:37<00:08,  2.08s/it]
 99%|█████████▉| 297/300 [02:39<00:06,  2.08s/it]
 99%|█████████▉| 298/300 [02:42<00:04,  2.09s/it]
100%|█████████▉| 299/300 [02:44<00:02,  2.10s/it]
100%|██████████| 300/300 [02:46<00:00,  2.10s/it]
100%|██████████| 300/300 [02:46<00:00,  1.80it/s]
