Bad value in file PosixPath('/home/heisenberg/Documentos/GitHub/RL-SAC/sac/utils/custom.mplstyle'), line 4 ("axes.prop_cycle : cycler('color', ['#0000FF', '#FFA500', '#006400', '#8B0000']) + cycler('linestyle', ['-'])"): Key axes.prop_cycle: "cycler('color', ['" is not a valid cycler construction: unterminated string literal (detected at line 1) (<unknown>, line 1)
Traceback (most recent call last):
  File "/home/heisenberg/Documentos/GitHub/RL-SAC/main.py", line 61, in <module>
    main(args)
    ~~~~^^^^^^
  File "/home/heisenberg/Documentos/GitHub/RL-SAC/main.py", line 43, in main
    agent = SAC(env, config)
  File "/home/heisenberg/Documentos/GitHub/RL-SAC/sac/agent.py", line 78, in __init__
    self._init_policy_network()
    ~~~~~~~~~~~~~~~~~~~~~~~~~^^
  File "/home/heisenberg/Documentos/GitHub/RL-SAC/sac/agent.py", line 143, in _init_policy_network
    ).to(self.device)
      ~~^^^^^^^^^^^^^
  File "/home/heisenberg/miniconda3/lib/python3.13/site-packages/torch/nn/modules/module.py", line 1369, in to
    return self._apply(convert)
           ~~~~~~~~~~~^^^^^^^^^
  File "/home/heisenberg/miniconda3/lib/python3.13/site-packages/torch/nn/modules/module.py", line 928, in _apply
    module._apply(fn)
    ~~~~~~~~~~~~~^^^^
  File "/home/heisenberg/miniconda3/lib/python3.13/site-packages/torch/nn/modules/module.py", line 928, in _apply
    module._apply(fn)
    ~~~~~~~~~~~~~^^^^
  File "/home/heisenberg/miniconda3/lib/python3.13/site-packages/torch/nn/modules/module.py", line 955, in _apply
    param_applied = fn(param)
  File "/home/heisenberg/miniconda3/lib/python3.13/site-packages/torch/nn/modules/module.py", line 1355, in convert
    return t.to(
           ~~~~^
        device,
        ^^^^^^^
        dtype if t.is_floating_point() or t.is_complex() else None,
        ^^^^^^^^^^^^^^^^^^^^^^^^^^^^^^^^^^^^^^^^^^^^^^^^^^^^^^^^^^^
        non_blocking,
        ^^^^^^^^^^^^^
    )
    ^
  File "/home/heisenberg/miniconda3/lib/python3.13/site-packages/torch/cuda/__init__.py", line 412, in _lazy_init
    torch._C._cuda_init()
    ~~~~~~~~~~~~~~~~~~~^^
RuntimeError: Found no NVIDIA driver on your system. Please check that you have an NVIDIA GPU and installed a driver from http://www.nvidia.com/Download/index.aspx
