2025-11-24 11:51:34.618098: I tensorflow/core/util/port.cc:153] oneDNN custom operations are on. You may see slightly different numerical results due to floating-point round-off errors from different computation orders. To turn them off, set the environment variable `TF_ENABLE_ONEDNN_OPTS=0`.
2025-11-24 11:51:34.689356: I tensorflow/core/platform/cpu_feature_guard.cc:210] This TensorFlow binary is optimized to use available CPU instructions in performance-critical operations.
To enable the following instructions: AVX2 AVX_VNNI FMA, in other operations, rebuild TensorFlow with the appropriate compiler flags.
2025-11-24 11:51:36.664280: I tensorflow/core/util/port.cc:153] oneDNN custom operations are on. You may see slightly different numerical results due to floating-point round-off errors from different computation orders. To turn them off, set the environment variable `TF_ENABLE_ONEDNN_OPTS=0`.

  0%|          | 0/2000 [00:00<?, ?it/s]
  0%|          | 1/2000 [00:00<10:52,  3.06it/s]
  2%|▏         | 48/2000 [00:00<00:13, 145.04it/s]
  5%|▌         | 105/2000 [00:00<00:06, 272.96it/s]
  8%|▊         | 160/2000 [00:00<00:05, 355.31it/s]
 11%|█         | 211/2000 [00:00<00:04, 400.33it/s]
 13%|█▎        | 266/2000 [00:00<00:03, 444.46it/s]
 16%|█▌        | 317/2000 [00:00<00:03, 463.49it/s]
 19%|█▊        | 374/2000 [00:01<00:03, 493.28it/s]
 22%|██▏       | 430/2000 [00:01<00:03, 513.16it/s]
 24%|██▍       | 487/2000 [00:01<00:02, 528.41it/s]
 27%|██▋       | 543/2000 [00:01<00:02, 537.25it/s]
 30%|██▉       | 598/2000 [00:01<00:02, 527.15it/s]
 33%|███▎      | 655/2000 [00:01<00:02, 537.87it/s]
 36%|███▌      | 715/2000 [00:01<00:02, 553.65it/s]
 39%|███▊      | 771/2000 [00:01<00:02, 554.53it/s]
 42%|████▏     | 831/2000 [00:01<00:02, 565.81it/s]
 44%|████▍     | 888/2000 [00:01<00:01, 560.13it/s]
 47%|████▋     | 948/2000 [00:02<00:01, 569.45it/s]
 50%|█████     | 1006/2000 [00:02<00:03, 284.41it/s]
 52%|█████▎    | 1050/2000 [00:03<00:05, 171.72it/s]
 54%|█████▍    | 1084/2000 [00:03<00:06, 137.49it/s]
 56%|█████▌    | 1110/2000 [00:03<00:07, 120.60it/s]
 57%|█████▋    | 1131/2000 [00:04<00:07, 110.11it/s]
 57%|█████▋    | 1148/2000 [00:04<00:08, 104.54it/s]
 58%|█████▊    | 1163/2000 [00:04<00:08, 98.03it/s] 
 59%|█████▉    | 1176/2000 [00:04<00:08, 94.92it/s]
 59%|█████▉    | 1187/2000 [00:04<00:08, 91.07it/s]
 60%|█████▉    | 1197/2000 [00:04<00:09, 87.91it/s]
 60%|██████    | 1207/2000 [00:05<00:09, 86.46it/s]
 61%|██████    | 1216/2000 [00:05<00:09, 85.62it/s]
 61%|██████▏   | 1225/2000 [00:05<00:09, 85.16it/s]
 62%|██████▏   | 1234/2000 [00:05<00:08, 86.08it/s]
 62%|██████▏   | 1243/2000 [00:05<00:08, 85.12it/s]
 63%|██████▎   | 1252/2000 [00:05<00:08, 84.69it/s]
 63%|██████▎   | 1261/2000 [00:05<00:08, 84.41it/s]
 64%|██████▎   | 1270/2000 [00:05<00:08, 84.93it/s]
 64%|██████▍   | 1279/2000 [00:05<00:08, 85.85it/s]
 64%|██████▍   | 1288/2000 [00:05<00:08, 85.42it/s]
 65%|██████▍   | 1298/2000 [00:06<00:08, 86.78it/s]
 65%|██████▌   | 1307/2000 [00:06<00:08, 85.11it/s]
 66%|██████▌   | 1316/2000 [00:06<00:08, 85.20it/s]
 66%|██████▋   | 1325/2000 [00:06<00:08, 84.36it/s]
 67%|██████▋   | 1334/2000 [00:06<00:07, 85.32it/s]
 67%|██████▋   | 1343/2000 [00:06<00:07, 86.34it/s]
 68%|██████▊   | 1352/2000 [00:06<00:07, 84.10it/s]
 68%|██████▊   | 1361/2000 [00:06<00:07, 84.82it/s]
 68%|██████▊   | 1370/2000 [00:06<00:07, 82.22it/s]
 69%|██████▉   | 1379/2000 [00:07<00:07, 83.01it/s]
 69%|██████▉   | 1388/2000 [00:07<00:07, 84.25it/s]
 70%|██████▉   | 1397/2000 [00:07<00:07, 83.72it/s]
 70%|███████   | 1406/2000 [00:07<00:07, 81.91it/s]
 71%|███████   | 1415/2000 [00:07<00:07, 82.68it/s]
 71%|███████   | 1424/2000 [00:07<00:06, 84.74it/s]
 72%|███████▏  | 1433/2000 [00:07<00:06, 84.23it/s]
 72%|███████▏  | 1442/2000 [00:07<00:06, 85.43it/s]
 73%|███████▎  | 1451/2000 [00:07<00:06, 84.19it/s]
 73%|███████▎  | 1460/2000 [00:08<00:06, 83.63it/s]
 73%|███████▎  | 1469/2000 [00:08<00:06, 84.44it/s]
 74%|███████▍  | 1478/2000 [00:08<00:06, 85.41it/s]
 74%|███████▍  | 1488/2000 [00:08<00:05, 87.59it/s]
 75%|███████▍  | 1497/2000 [00:08<00:05, 85.86it/s]
 75%|███████▌  | 1506/2000 [00:08<00:05, 85.20it/s]
 76%|███████▌  | 1515/2000 [00:08<00:05, 82.36it/s]
 76%|███████▌  | 1524/2000 [00:08<00:05, 82.75it/s]
 77%|███████▋  | 1533/2000 [00:08<00:05, 82.67it/s]
 77%|███████▋  | 1542/2000 [00:09<00:05, 82.44it/s]
 78%|███████▊  | 1551/2000 [00:09<00:05, 82.12it/s]
 78%|███████▊  | 1560/2000 [00:09<00:05, 81.01it/s]
 78%|███████▊  | 1569/2000 [00:09<00:05, 82.86it/s]
 79%|███████▉  | 1578/2000 [00:09<00:05, 80.51it/s]
 79%|███████▉  | 1587/2000 [00:09<00:05, 82.02it/s]
 80%|███████▉  | 1596/2000 [00:09<00:04, 83.04it/s]
 80%|████████  | 1605/2000 [00:09<00:04, 82.52it/s]
 81%|████████  | 1614/2000 [00:09<00:04, 84.02it/s]
 81%|████████  | 1623/2000 [00:09<00:04, 83.68it/s]
 82%|████████▏ | 1632/2000 [00:10<00:04, 84.15it/s]
 82%|████████▏ | 1641/2000 [00:10<00:04, 85.28it/s]
 83%|████████▎ | 1651/2000 [00:10<00:04, 86.90it/s]
 83%|████████▎ | 1660/2000 [00:10<00:04, 84.03it/s]
 83%|████████▎ | 1669/2000 [00:10<00:03, 84.49it/s]
 84%|████████▍ | 1679/2000 [00:10<00:03, 86.60it/s]
 84%|████████▍ | 1688/2000 [00:10<00:03, 85.26it/s]
 85%|████████▍ | 1697/2000 [00:10<00:03, 85.07it/s]
 85%|████████▌ | 1706/2000 [00:10<00:03, 80.96it/s]
 86%|████████▌ | 1715/2000 [00:11<00:03, 80.79it/s]
 86%|████████▌ | 1724/2000 [00:11<00:03, 81.33it/s]
 87%|████████▋ | 1733/2000 [00:11<00:03, 79.95it/s]
 87%|████████▋ | 1742/2000 [00:11<00:03, 77.62it/s]
 88%|████████▊ | 1751/2000 [00:11<00:03, 78.64it/s]
 88%|████████▊ | 1759/2000 [00:11<00:03, 78.91it/s]
 88%|████████▊ | 1767/2000 [00:11<00:03, 74.38it/s]
 89%|████████▉ | 1776/2000 [00:11<00:02, 77.39it/s]
 89%|████████▉ | 1785/2000 [00:11<00:02, 78.86it/s]
 90%|████████▉ | 1794/2000 [00:12<00:02, 81.58it/s]
 90%|█████████ | 1803/2000 [00:12<00:02, 80.64it/s]
 91%|█████████ | 1812/2000 [00:12<00:02, 81.13it/s]
 91%|█████████ | 1821/2000 [00:12<00:02, 79.74it/s]
 92%|█████████▏| 1830/2000 [00:12<00:02, 80.13it/s]
 92%|█████████▏| 1839/2000 [00:12<00:02, 79.77it/s]
 92%|█████████▏| 1847/2000 [00:12<00:01, 78.13it/s]
 93%|█████████▎| 1856/2000 [00:12<00:01, 78.58it/s]
 93%|█████████▎| 1864/2000 [00:12<00:01, 77.79it/s]
 94%|█████████▎| 1872/2000 [00:13<00:01, 76.68it/s]
 94%|█████████▍| 1880/2000 [00:13<00:01, 72.82it/s]
 94%|█████████▍| 1888/2000 [00:13<00:01, 65.78it/s]
 95%|█████████▍| 1895/2000 [00:13<00:01, 66.58it/s]
 95%|█████████▌| 1903/2000 [00:13<00:01, 67.90it/s]
 96%|█████████▌| 1910/2000 [00:13<00:01, 68.03it/s]
 96%|█████████▌| 1918/2000 [00:13<00:01, 71.13it/s]
 96%|█████████▋| 1926/2000 [00:13<00:01, 73.30it/s]
 97%|█████████▋| 1934/2000 [00:14<00:00, 73.45it/s]
 97%|█████████▋| 1942/2000 [00:14<00:00, 74.87it/s]
 98%|█████████▊| 1951/2000 [00:14<00:00, 77.13it/s]
 98%|█████████▊| 1959/2000 [00:14<00:00, 77.89it/s]
 98%|█████████▊| 1967/2000 [00:14<00:00, 76.96it/s]
 99%|█████████▉| 1976/2000 [00:14<00:00, 77.79it/s]
 99%|█████████▉| 1984/2000 [00:14<00:00, 77.57it/s]
100%|█████████▉| 1992/2000 [00:14<00:00, 76.95it/s]
100%|██████████| 2000/2000 [00:14<00:00, 134.76it/s]
