Bad value in file PosixPath('/home/heisenberg/Documentos/GitHub/RL-SAC/sac/utils/custom.mplstyle'), line 4 ("axes.prop_cycle : cycler('color', ['#0000FF', '#FFA500', '#006400', '#8B0000']) + cycler('linestyle', ['-'])"): Key axes.prop_cycle: "cycler('color', ['" is not a valid cycler construction: unterminated string literal (detected at line 1) (<unknown>, line 1)

  0%|          | 0/300 [00:00<?, ?it/s]
  4%|▍         | 13/300 [00:00<00:02, 128.09it/s]
 10%|▉         | 29/300 [00:00<00:01, 145.37it/s]
 15%|█▍        | 44/300 [00:00<00:01, 141.52it/s]
 20%|█▉        | 59/300 [00:00<00:01, 126.09it/s]
 25%|██▍       | 74/300 [00:00<00:01, 130.70it/s]
 29%|██▉       | 88/300 [00:00<00:01, 129.09it/s]
 34%|███▍      | 102/300 [00:02<00:07, 25.40it/s]
 37%|███▋      | 112/300 [00:03<00:12, 14.77it/s]
 40%|███▉      | 119/300 [00:09<00:37,  4.81it/s]
 41%|████▏     | 124/300 [00:14<00:58,  2.99it/s]
 43%|████▎     | 128/300 [00:17<01:14,  2.31it/s]
 44%|████▎     | 131/300 [00:21<01:33,  1.81it/s]
 44%|████▍     | 133/300 [00:23<01:37,  1.72it/s]
 45%|████▌     | 135/300 [00:24<01:39,  1.65it/s]
 45%|████▌     | 136/300 [00:25<01:40,  1.63it/s]
 46%|████▌     | 137/300 [00:25<01:39,  1.64it/s]
 46%|████▌     | 138/300 [00:26<01:38,  1.64it/s]
 46%|████▋     | 139/300 [00:27<01:37,  1.65it/s]
 47%|████▋     | 140/300 [00:27<01:34,  1.69it/s]
 47%|████▋     | 141/300 [00:28<01:35,  1.67it/s]
 47%|████▋     | 142/300 [00:28<01:33,  1.70it/s]
 48%|████▊     | 143/300 [00:29<01:33,  1.68it/s]
 48%|████▊     | 144/300 [00:30<01:32,  1.69it/s]
 48%|████▊     | 145/300 [00:30<01:32,  1.68it/s]
 49%|████▊     | 146/300 [00:31<01:30,  1.70it/s]
 49%|████▉     | 147/300 [00:31<01:28,  1.73it/s]
 49%|████▉     | 148/300 [00:32<01:26,  1.75it/s]
 50%|████▉     | 149/300 [00:32<01:26,  1.75it/s]
 50%|█████     | 150/300 [00:33<01:31,  1.64it/s]
 50%|█████     | 151/300 [00:34<01:32,  1.62it/s]
 51%|█████     | 152/300 [00:34<01:36,  1.53it/s]
 51%|█████     | 153/300 [00:35<01:39,  1.47it/s]
 51%|█████▏    | 154/300 [00:36<01:37,  1.50it/s]
 52%|█████▏    | 155/300 [00:36<01:34,  1.54it/s]
 52%|█████▏    | 156/300 [00:37<01:36,  1.49it/s]
 52%|█████▏    | 157/300 [00:38<01:33,  1.54it/s]
 53%|█████▎    | 158/300 [00:38<01:34,  1.50it/s]
 53%|█████▎    | 159/300 [00:39<01:33,  1.50it/s]
 53%|█████▎    | 160/300 [00:40<01:33,  1.50it/s]
 54%|█████▎    | 161/300 [00:40<01:29,  1.54it/s]
 54%|█████▍    | 162/300 [00:41<01:28,  1.56it/s]
 54%|█████▍    | 163/300 [00:42<01:32,  1.49it/s]
 55%|█████▍    | 164/300 [00:43<01:36,  1.41it/s]
 55%|█████▌    | 165/300 [00:43<01:33,  1.45it/s]
 55%|█████▌    | 166/300 [00:44<01:41,  1.32it/s]
 56%|█████▌    | 167/300 [00:45<01:37,  1.36it/s]
 56%|█████▌    | 168/300 [00:46<01:49,  1.21it/s]
 56%|█████▋    | 169/300 [00:46<01:41,  1.30it/s]
 57%|█████▋    | 170/300 [00:47<01:42,  1.27it/s]
 57%|█████▋    | 171/300 [00:48<01:36,  1.34it/s]
 57%|█████▋    | 172/300 [00:49<01:37,  1.31it/s]
 58%|█████▊    | 173/300 [00:50<01:39,  1.28it/s]
 58%|█████▊    | 174/300 [00:50<01:38,  1.28it/s]
 58%|█████▊    | 175/300 [00:51<01:37,  1.29it/s]
 59%|█████▊    | 176/300 [00:52<01:29,  1.39it/s]
 59%|█████▉    | 177/300 [00:52<01:23,  1.47it/s]
 59%|█████▉    | 178/300 [00:53<01:17,  1.58it/s]
 60%|█████▉    | 179/300 [00:53<01:14,  1.63it/s]
 60%|██████    | 180/300 [00:54<01:13,  1.64it/s]
 60%|██████    | 181/300 [00:55<01:13,  1.62it/s]
 61%|██████    | 182/300 [00:55<01:14,  1.59it/s]
 61%|██████    | 183/300 [00:56<01:11,  1.63it/s]
 61%|██████▏   | 184/300 [00:56<01:10,  1.64it/s]
 62%|██████▏   | 185/300 [00:57<01:09,  1.66it/s]
 62%|██████▏   | 186/300 [00:58<01:12,  1.57it/s]
 62%|██████▏   | 187/300 [00:58<01:10,  1.61it/s]
 63%|██████▎   | 188/300 [00:59<01:10,  1.59it/s]
 63%|██████▎   | 189/300 [01:00<01:11,  1.56it/s]
 63%|██████▎   | 190/300 [01:00<01:10,  1.56it/s]
 64%|██████▎   | 191/300 [01:01<01:12,  1.51it/s]
 64%|██████▍   | 192/300 [01:02<01:18,  1.38it/s]
 64%|██████▍   | 193/300 [01:02<01:12,  1.48it/s]
 65%|██████▍   | 194/300 [01:03<01:07,  1.56it/s]
 65%|██████▌   | 195/300 [01:03<01:01,  1.71it/s]
 65%|██████▌   | 196/300 [01:04<00:58,  1.77it/s]
 66%|██████▌   | 197/300 [01:04<00:54,  1.88it/s]
 66%|██████▌   | 198/300 [01:05<00:52,  1.96it/s]
 66%|██████▋   | 199/300 [01:05<00:50,  2.01it/s]
 67%|██████▋   | 200/300 [01:06<00:48,  2.08it/s]
 67%|██████▋   | 201/300 [01:06<00:46,  2.11it/s]
 67%|██████▋   | 202/300 [01:07<00:45,  2.15it/s]
 68%|██████▊   | 203/300 [01:07<00:45,  2.14it/s]
 68%|██████▊   | 204/300 [01:08<00:44,  2.16it/s]
 68%|██████▊   | 205/300 [01:08<00:43,  2.19it/s]
 69%|██████▊   | 206/300 [01:09<00:43,  2.14it/s]
 69%|██████▉   | 207/300 [01:09<00:44,  2.09it/s]
 69%|██████▉   | 208/300 [01:10<00:45,  2.04it/s]
 70%|██████▉   | 209/300 [01:10<00:46,  1.95it/s]
 70%|███████   | 210/300 [01:11<00:46,  1.94it/s]
 70%|███████   | 211/300 [01:11<00:45,  1.97it/s]
 71%|███████   | 212/300 [01:12<00:45,  1.95it/s]
 71%|███████   | 213/300 [01:12<00:48,  1.80it/s]
 71%|███████▏  | 214/300 [01:13<00:47,  1.83it/s]
 72%|███████▏  | 215/300 [01:13<00:46,  1.83it/s]
 72%|███████▏  | 216/300 [01:14<00:46,  1.80it/s]
 72%|███████▏  | 217/300 [01:15<00:49,  1.68it/s]
 73%|███████▎  | 218/300 [01:15<00:49,  1.67it/s]
 73%|███████▎  | 219/300 [01:16<00:47,  1.69it/s]
 73%|███████▎  | 220/300 [01:16<00:45,  1.75it/s]
 74%|███████▎  | 221/300 [01:17<00:43,  1.82it/s]
 74%|███████▍  | 222/300 [01:17<00:42,  1.86it/s]
 74%|███████▍  | 223/300 [01:18<00:40,  1.88it/s]
 75%|███████▍  | 224/300 [01:18<00:40,  1.88it/s]
 75%|███████▌  | 225/300 [01:19<00:39,  1.88it/s]
 75%|███████▌  | 226/300 [01:20<00:39,  1.86it/s]
 76%|███████▌  | 227/300 [01:20<00:39,  1.87it/s]
 76%|███████▌  | 228/300 [01:21<00:37,  1.92it/s]
 76%|███████▋  | 229/300 [01:21<00:37,  1.90it/s]
 77%|███████▋  | 230/300 [01:22<00:36,  1.94it/s]
 77%|███████▋  | 231/300 [01:22<00:35,  1.96it/s]
 77%|███████▋  | 232/300 [01:23<00:34,  1.95it/s]
 78%|███████▊  | 233/300 [01:23<00:34,  1.91it/s]
 78%|███████▊  | 234/300 [01:24<00:35,  1.88it/s]
 78%|███████▊  | 235/300 [01:24<00:34,  1.91it/s]
 79%|███████▊  | 236/300 [01:25<00:32,  1.95it/s]
 79%|███████▉  | 237/300 [01:25<00:32,  1.95it/s]
 79%|███████▉  | 238/300 [01:26<00:31,  1.97it/s]
 80%|███████▉  | 239/300 [01:26<00:29,  2.03it/s]
 80%|████████  | 240/300 [01:27<00:29,  2.05it/s]
 80%|████████  | 241/300 [01:27<00:28,  2.10it/s]
 81%|████████  | 242/300 [01:28<00:28,  2.02it/s]
 81%|████████  | 243/300 [01:28<00:28,  2.02it/s]
 81%|████████▏ | 244/300 [01:29<00:28,  1.95it/s]
 82%|████████▏ | 245/300 [01:29<00:28,  1.91it/s]
 82%|████████▏ | 246/300 [01:30<00:29,  1.82it/s]
 82%|████████▏ | 247/300 [01:30<00:29,  1.79it/s]
 83%|████████▎ | 248/300 [01:31<00:28,  1.80it/s]
 83%|████████▎ | 249/300 [01:31<00:27,  1.82it/s]
 83%|████████▎ | 250/300 [01:32<00:29,  1.71it/s]
 84%|████████▎ | 251/300 [01:33<00:29,  1.68it/s]
 84%|████████▍ | 252/300 [01:33<00:26,  1.78it/s]
 84%|████████▍ | 253/300 [01:34<00:25,  1.84it/s]
 85%|████████▍ | 254/300 [01:34<00:23,  1.93it/s]
 85%|████████▌ | 255/300 [01:35<00:22,  1.98it/s]
 85%|████████▌ | 256/300 [01:35<00:21,  2.02it/s]
 86%|████████▌ | 257/300 [01:36<00:21,  2.02it/s]
 86%|████████▌ | 258/300 [01:36<00:20,  2.05it/s]
 86%|████████▋ | 259/300 [01:37<00:20,  2.04it/s]
 87%|████████▋ | 260/300 [01:37<00:19,  2.06it/s]
 87%|████████▋ | 261/300 [01:38<00:19,  2.04it/s]
 87%|████████▋ | 262/300 [01:38<00:18,  2.03it/s]
 88%|████████▊ | 263/300 [01:39<00:18,  2.04it/s]
 88%|████████▊ | 264/300 [01:39<00:17,  2.04it/s]
 88%|████████▊ | 265/300 [01:40<00:17,  2.04it/s]
 89%|████████▊ | 266/300 [01:40<00:16,  2.01it/s]
 89%|████████▉ | 267/300 [01:41<00:16,  2.00it/s]
 89%|████████▉ | 268/300 [01:41<00:16,  1.99it/s]
 90%|████████▉ | 269/300 [01:42<00:15,  1.99it/s]
 90%|█████████ | 270/300 [01:42<00:15,  1.97it/s]
 90%|█████████ | 271/300 [01:43<00:15,  1.87it/s]
 91%|█████████ | 272/300 [01:43<00:15,  1.84it/s]
 91%|█████████ | 273/300 [01:44<00:14,  1.83it/s]
 91%|█████████▏| 274/300 [01:44<00:14,  1.83it/s]
 92%|█████████▏| 275/300 [01:45<00:13,  1.83it/s]
 92%|█████████▏| 276/300 [01:45<00:13,  1.82it/s]
 92%|█████████▏| 277/300 [01:46<00:12,  1.81it/s]
 93%|█████████▎| 278/300 [01:47<00:12,  1.73it/s]
 93%|█████████▎| 279/300 [01:47<00:13,  1.60it/s]
 93%|█████████▎| 280/300 [01:48<00:12,  1.57it/s]
 94%|█████████▎| 281/300 [01:49<00:12,  1.52it/s]
 94%|█████████▍| 282/300 [01:50<00:12,  1.46it/s]
 94%|█████████▍| 283/300 [01:51<00:13,  1.25it/s]
 95%|█████████▍| 284/300 [01:52<00:14,  1.14it/s]
 95%|█████████▌| 285/300 [01:54<00:18,  1.25s/it]
 95%|█████████▌| 286/300 [01:56<00:21,  1.51s/it]
 96%|█████████▌| 287/300 [01:58<00:21,  1.69s/it]
 96%|█████████▌| 288/300 [02:00<00:21,  1.82s/it]
 96%|█████████▋| 289/300 [02:02<00:21,  1.97s/it]
 97%|█████████▋| 290/300 [02:05<00:21,  2.12s/it]
 97%|█████████▋| 291/300 [02:07<00:19,  2.19s/it]
 97%|█████████▋| 292/300 [02:10<00:18,  2.36s/it]
 98%|█████████▊| 293/300 [02:12<00:16,  2.29s/it]
 98%|█████████▊| 294/300 [02:14<00:13,  2.24s/it]
 98%|█████████▊| 295/300 [02:16<00:11,  2.22s/it]
 99%|█████████▊| 296/300 [02:19<00:08,  2.19s/it]
 99%|█████████▉| 297/300 [02:21<00:06,  2.23s/it]
 99%|█████████▉| 298/300 [02:23<00:04,  2.27s/it]
100%|█████████▉| 299/300 [02:26<00:02,  2.33s/it]
100%|██████████| 300/300 [02:28<00:00,  2.30s/it]
100%|██████████| 300/300 [02:28<00:00,  2.02it/s]
