2025-11-24 12:00:57.984710: I tensorflow/core/util/port.cc:153] oneDNN custom operations are on. You may see slightly different numerical results due to floating-point round-off errors from different computation orders. To turn them off, set the environment variable `TF_ENABLE_ONEDNN_OPTS=0`.
2025-11-24 12:00:58.075862: I tensorflow/core/platform/cpu_feature_guard.cc:210] This TensorFlow binary is optimized to use available CPU instructions in performance-critical operations.
To enable the following instructions: AVX2 AVX_VNNI FMA, in other operations, rebuild TensorFlow with the appropriate compiler flags.
2025-11-24 12:01:00.351406: I tensorflow/core/util/port.cc:153] oneDNN custom operations are on. You may see slightly different numerical results due to floating-point round-off errors from different computation orders. To turn them off, set the environment variable `TF_ENABLE_ONEDNN_OPTS=0`.

  0%|          | 0/2000 [00:00<?, ?it/s]
  0%|          | 1/2000 [00:00<13:47,  2.42it/s]
  1%|          | 21/2000 [00:00<00:37, 52.09it/s]
  3%|▎         | 56/2000 [00:00<00:14, 130.84it/s]
  5%|▍         | 99/2000 [00:00<00:08, 212.61it/s]
  6%|▋         | 130/2000 [00:00<00:08, 223.99it/s]
  8%|▊         | 164/2000 [00:00<00:07, 254.66it/s]
 10%|█         | 202/2000 [00:01<00:06, 288.47it/s]
 12%|█▏        | 237/2000 [00:01<00:05, 303.51it/s]
 14%|█▎        | 270/2000 [00:01<00:05, 309.75it/s]
 16%|█▌        | 311/2000 [00:01<00:05, 337.19it/s]
 18%|█▊        | 356/2000 [00:01<00:04, 369.05it/s]
 20%|█▉        | 395/2000 [00:01<00:04, 363.35it/s]
 22%|██▏       | 433/2000 [00:01<00:04, 361.71it/s]
 24%|██▎       | 470/2000 [00:01<00:04, 346.25it/s]
 26%|██▌       | 510/2000 [00:01<00:04, 361.15it/s]
 28%|██▊       | 553/2000 [00:01<00:03, 379.51it/s]
 30%|██▉       | 592/2000 [00:02<00:04, 332.06it/s]
 31%|███▏      | 627/2000 [00:02<00:04, 318.48it/s]
 33%|███▎      | 660/2000 [00:02<00:04, 315.62it/s]
 35%|███▍      | 695/2000 [00:02<00:04, 323.59it/s]
 37%|███▋      | 739/2000 [00:02<00:03, 355.14it/s]
 39%|███▉      | 780/2000 [00:02<00:03, 369.05it/s]
 41%|████      | 818/2000 [00:02<00:03, 341.06it/s]
 43%|████▎     | 853/2000 [00:02<00:03, 327.10it/s]
 44%|████▍     | 887/2000 [00:03<00:03, 309.09it/s]
 46%|████▌     | 920/2000 [00:03<00:03, 312.68it/s]
 48%|████▊     | 952/2000 [00:03<00:03, 307.65it/s]
 49%|████▉     | 984/2000 [00:03<00:03, 281.34it/s]
 51%|█████     | 1013/2000 [00:04<00:09, 109.04it/s]
 52%|█████▏    | 1035/2000 [00:04<00:10, 91.93it/s] 
 53%|█████▎    | 1052/2000 [00:04<00:12, 73.77it/s]
 53%|█████▎    | 1065/2000 [00:05<00:13, 70.10it/s]
 54%|█████▍    | 1076/2000 [00:05<00:13, 68.77it/s]
 54%|█████▍    | 1086/2000 [00:05<00:13, 65.66it/s]
 55%|█████▍    | 1095/2000 [00:05<00:14, 63.49it/s]
 55%|█████▌    | 1103/2000 [00:05<00:14, 60.69it/s]
 56%|█████▌    | 1110/2000 [00:05<00:15, 59.28it/s]
 56%|█████▌    | 1117/2000 [00:06<00:14, 59.74it/s]
 56%|█████▌    | 1124/2000 [00:06<00:14, 60.94it/s]
 57%|█████▋    | 1131/2000 [00:06<00:14, 58.72it/s]
 57%|█████▋    | 1138/2000 [00:06<00:15, 54.94it/s]
 57%|█████▋    | 1145/2000 [00:06<00:14, 57.70it/s]
 58%|█████▊    | 1152/2000 [00:06<00:14, 59.79it/s]
 58%|█████▊    | 1159/2000 [00:06<00:14, 57.98it/s]
 58%|█████▊    | 1165/2000 [00:06<00:14, 58.11it/s]
 59%|█████▊    | 1172/2000 [00:06<00:13, 60.27it/s]
 59%|█████▉    | 1179/2000 [00:07<00:13, 60.92it/s]
 59%|█████▉    | 1186/2000 [00:07<00:13, 61.23it/s]
 60%|█████▉    | 1193/2000 [00:07<00:13, 58.94it/s]
 60%|█████▉    | 1199/2000 [00:07<00:13, 57.72it/s]
 60%|██████    | 1205/2000 [00:07<00:13, 58.21it/s]
 61%|██████    | 1212/2000 [00:07<00:13, 58.60it/s]
 61%|██████    | 1218/2000 [00:07<00:13, 58.28it/s]
 61%|██████    | 1224/2000 [00:07<00:13, 57.00it/s]
 62%|██████▏   | 1230/2000 [00:07<00:14, 54.68it/s]
 62%|██████▏   | 1237/2000 [00:08<00:13, 56.61it/s]
 62%|██████▏   | 1244/2000 [00:08<00:12, 58.19it/s]
 63%|██████▎   | 1251/2000 [00:08<00:12, 60.38it/s]
 63%|██████▎   | 1258/2000 [00:08<00:12, 60.45it/s]
 63%|██████▎   | 1265/2000 [00:08<00:11, 61.40it/s]
 64%|██████▎   | 1272/2000 [00:08<00:11, 61.66it/s]
 64%|██████▍   | 1279/2000 [00:08<00:11, 62.64it/s]
 64%|██████▍   | 1286/2000 [00:08<00:11, 62.77it/s]
 65%|██████▍   | 1293/2000 [00:09<00:11, 61.70it/s]
 65%|██████▌   | 1300/2000 [00:09<00:11, 60.64it/s]
 65%|██████▌   | 1307/2000 [00:09<00:11, 59.15it/s]
 66%|██████▌   | 1313/2000 [00:09<00:11, 57.97it/s]
 66%|██████▌   | 1319/2000 [00:09<00:12, 56.13it/s]
 66%|██████▋   | 1325/2000 [00:09<00:11, 56.57it/s]
 67%|██████▋   | 1331/2000 [00:09<00:13, 48.32it/s]
 67%|██████▋   | 1337/2000 [00:09<00:13, 50.59it/s]
 67%|██████▋   | 1343/2000 [00:09<00:12, 52.53it/s]
 68%|██████▊   | 1350/2000 [00:10<00:11, 55.06it/s]
 68%|██████▊   | 1356/2000 [00:10<00:11, 55.69it/s]
 68%|██████▊   | 1362/2000 [00:10<00:11, 56.60it/s]
 68%|██████▊   | 1368/2000 [00:10<00:10, 57.54it/s]
 69%|██████▊   | 1374/2000 [00:10<00:11, 56.66it/s]
 69%|██████▉   | 1381/2000 [00:10<00:10, 58.89it/s]
 69%|██████▉   | 1388/2000 [00:10<00:10, 60.01it/s]
 70%|██████▉   | 1395/2000 [00:10<00:09, 62.60it/s]
 70%|███████   | 1402/2000 [00:10<00:09, 62.36it/s]
 70%|███████   | 1409/2000 [00:11<00:10, 58.90it/s]
 71%|███████   | 1415/2000 [00:11<00:10, 58.09it/s]
 71%|███████   | 1421/2000 [00:11<00:09, 58.36it/s]
 71%|███████▏  | 1428/2000 [00:11<00:09, 60.68it/s]
 72%|███████▏  | 1435/2000 [00:11<00:09, 60.56it/s]
 72%|███████▏  | 1442/2000 [00:11<00:09, 60.94it/s]
 72%|███████▏  | 1449/2000 [00:11<00:09, 57.35it/s]
 73%|███████▎  | 1455/2000 [00:11<00:09, 56.89it/s]
 73%|███████▎  | 1462/2000 [00:11<00:09, 58.93it/s]
 73%|███████▎  | 1469/2000 [00:12<00:08, 60.65it/s]
 74%|███████▍  | 1476/2000 [00:12<00:08, 61.83it/s]
 74%|███████▍  | 1483/2000 [00:12<00:08, 62.89it/s]
 74%|███████▍  | 1490/2000 [00:12<00:08, 62.26it/s]
 75%|███████▍  | 1497/2000 [00:12<00:07, 64.15it/s]
 75%|███████▌  | 1504/2000 [00:12<00:07, 63.64it/s]
 76%|███████▌  | 1511/2000 [00:12<00:07, 63.70it/s]
 76%|███████▌  | 1518/2000 [00:12<00:07, 64.11it/s]
 76%|███████▋  | 1525/2000 [00:12<00:07, 64.73it/s]
 77%|███████▋  | 1532/2000 [00:13<00:07, 62.67it/s]
 77%|███████▋  | 1539/2000 [00:13<00:07, 62.52it/s]
 77%|███████▋  | 1547/2000 [00:13<00:06, 65.19it/s]
 78%|███████▊  | 1555/2000 [00:13<00:06, 66.93it/s]
 78%|███████▊  | 1562/2000 [00:13<00:06, 66.86it/s]
 78%|███████▊  | 1569/2000 [00:13<00:06, 64.12it/s]
 79%|███████▉  | 1576/2000 [00:13<00:07, 54.51it/s]
 79%|███████▉  | 1582/2000 [00:13<00:08, 51.22it/s]
 79%|███████▉  | 1588/2000 [00:14<00:07, 52.00it/s]
 80%|███████▉  | 1594/2000 [00:14<00:07, 52.14it/s]
 80%|████████  | 1600/2000 [00:14<00:07, 53.22it/s]
 80%|████████  | 1606/2000 [00:14<00:07, 52.58it/s]
 81%|████████  | 1612/2000 [00:14<00:07, 54.47it/s]
 81%|████████  | 1618/2000 [00:14<00:07, 54.22it/s]
 81%|████████  | 1624/2000 [00:14<00:06, 55.47it/s]
 82%|████████▏ | 1630/2000 [00:14<00:06, 55.36it/s]
 82%|████████▏ | 1636/2000 [00:14<00:06, 54.51it/s]
 82%|████████▏ | 1643/2000 [00:15<00:06, 56.70it/s]
 82%|████████▏ | 1649/2000 [00:15<00:06, 56.36it/s]
 83%|████████▎ | 1656/2000 [00:15<00:05, 57.99it/s]
 83%|████████▎ | 1663/2000 [00:15<00:05, 60.46it/s]
 84%|████████▎ | 1670/2000 [00:15<00:05, 58.72it/s]
 84%|████████▍ | 1677/2000 [00:15<00:05, 61.01it/s]
 84%|████████▍ | 1684/2000 [00:15<00:05, 59.89it/s]
 85%|████████▍ | 1691/2000 [00:15<00:05, 59.12it/s]
 85%|████████▍ | 1697/2000 [00:15<00:05, 58.21it/s]
 85%|████████▌ | 1703/2000 [00:16<00:05, 57.77it/s]
 86%|████████▌ | 1710/2000 [00:16<00:04, 60.37it/s]
 86%|████████▌ | 1717/2000 [00:16<00:04, 60.29it/s]
 86%|████████▌ | 1724/2000 [00:16<00:04, 58.87it/s]
 86%|████████▋ | 1730/2000 [00:16<00:04, 57.90it/s]
 87%|████████▋ | 1736/2000 [00:16<00:04, 58.33it/s]
 87%|████████▋ | 1742/2000 [00:16<00:04, 58.52it/s]
 87%|████████▋ | 1748/2000 [00:16<00:04, 55.51it/s]
 88%|████████▊ | 1754/2000 [00:16<00:04, 56.19it/s]
 88%|████████▊ | 1760/2000 [00:17<00:04, 51.75it/s]
 88%|████████▊ | 1766/2000 [00:17<00:04, 49.40it/s]
 89%|████████▊ | 1772/2000 [00:17<00:04, 49.62it/s]
 89%|████████▉ | 1778/2000 [00:17<00:04, 47.73it/s]
 89%|████████▉ | 1783/2000 [00:17<00:04, 46.07it/s]
 89%|████████▉ | 1788/2000 [00:17<00:04, 44.95it/s]
 90%|████████▉ | 1793/2000 [00:17<00:04, 43.95it/s]
 90%|████████▉ | 1798/2000 [00:17<00:04, 43.05it/s]
 90%|█████████ | 1804/2000 [00:18<00:04, 46.37it/s]
 90%|█████████ | 1809/2000 [00:18<00:04, 46.88it/s]
 91%|█████████ | 1814/2000 [00:18<00:04, 38.71it/s]
 91%|█████████ | 1819/2000 [00:18<00:05, 33.97it/s]
 91%|█████████ | 1823/2000 [00:18<00:05, 33.41it/s]
 91%|█████████▏| 1827/2000 [00:18<00:05, 34.49it/s]
 92%|█████████▏| 1832/2000 [00:18<00:04, 36.32it/s]
 92%|█████████▏| 1838/2000 [00:18<00:03, 40.58it/s]
 92%|█████████▏| 1845/2000 [00:19<00:03, 46.11it/s]
 92%|█████████▎| 1850/2000 [00:19<00:03, 46.35it/s]
 93%|█████████▎| 1857/2000 [00:19<00:02, 51.07it/s]
 93%|█████████▎| 1863/2000 [00:19<00:02, 50.89it/s]
 93%|█████████▎| 1869/2000 [00:19<00:02, 53.29it/s]
 94%|█████████▍| 1875/2000 [00:19<00:02, 53.88it/s]
 94%|█████████▍| 1881/2000 [00:19<00:02, 53.70it/s]
 94%|█████████▍| 1887/2000 [00:19<00:02, 53.48it/s]
 95%|█████████▍| 1893/2000 [00:19<00:02, 52.30it/s]
 95%|█████████▍| 1899/2000 [00:20<00:01, 53.17it/s]
 95%|█████████▌| 1905/2000 [00:20<00:01, 53.95it/s]
 96%|█████████▌| 1911/2000 [00:20<00:01, 54.23it/s]
 96%|█████████▌| 1919/2000 [00:20<00:01, 59.79it/s]
 96%|█████████▋| 1927/2000 [00:20<00:01, 63.70it/s]
 97%|█████████▋| 1934/2000 [00:20<00:01, 65.30it/s]
 97%|█████████▋| 1941/2000 [00:20<00:00, 63.31it/s]
 97%|█████████▋| 1948/2000 [00:20<00:00, 59.73it/s]
 98%|█████████▊| 1955/2000 [00:21<00:00, 58.46it/s]
 98%|█████████▊| 1961/2000 [00:21<00:00, 57.50it/s]
 98%|█████████▊| 1967/2000 [00:21<00:00, 57.36it/s]
 99%|█████████▊| 1973/2000 [00:21<00:00, 57.37it/s]
 99%|█████████▉| 1979/2000 [00:21<00:00, 57.21it/s]
 99%|█████████▉| 1985/2000 [00:21<00:00, 57.56it/s]
100%|█████████▉| 1991/2000 [00:21<00:00, 58.12it/s]
100%|█████████▉| 1997/2000 [00:21<00:00, 57.06it/s]
100%|██████████| 2000/2000 [00:21<00:00, 91.69it/s]
