Bad value in file PosixPath('/home/heisenberg/Documentos/GitHub/RL-SAC/sac/utils/custom.mplstyle'), line 4 ("axes.prop_cycle : cycler('color', ['#0000FF', '#FFA500', '#006400', '#8B0000']) + cycler('linestyle', ['-'])"): Key axes.prop_cycle: "cycler('color', ['" is not a valid cycler construction: unterminated string literal (detected at line 1) (<unknown>, line 1)

  0%|          | 0/300 [00:00<?, ?it/s]
  5%|▍         | 14/300 [00:00<00:02, 136.13it/s]
 11%|█▏        | 34/300 [00:00<00:01, 165.62it/s]
 17%|█▋        | 51/300 [00:00<00:01, 156.95it/s]
 22%|██▏       | 67/300 [00:00<00:01, 157.23it/s]
 28%|██▊       | 85/300 [00:00<00:01, 163.13it/s]
 34%|███▍      | 102/300 [00:01<00:04, 44.69it/s]
 38%|███▊      | 114/300 [00:03<00:10, 18.01it/s]
 41%|████      | 122/300 [00:08<00:30,  5.92it/s]
 43%|████▎     | 128/300 [00:13<00:50,  3.39it/s]
 44%|████▍     | 132/300 [00:16<01:00,  2.77it/s]
 45%|████▌     | 135/300 [00:18<01:06,  2.49it/s]
 46%|████▌     | 137/300 [00:20<01:09,  2.35it/s]
 46%|████▋     | 139/300 [00:21<01:12,  2.22it/s]
 47%|████▋     | 140/300 [00:21<01:14,  2.15it/s]
 47%|████▋     | 141/300 [00:22<01:15,  2.10it/s]
 47%|████▋     | 142/300 [00:23<01:17,  2.03it/s]
 48%|████▊     | 143/300 [00:23<01:19,  1.98it/s]
 48%|████▊     | 144/300 [00:24<01:19,  1.97it/s]
 48%|████▊     | 145/300 [00:24<01:19,  1.96it/s]
 49%|████▊     | 146/300 [00:25<01:17,  1.99it/s]
 49%|████▉     | 147/300 [00:25<01:16,  2.00it/s]
 49%|████▉     | 148/300 [00:26<01:16,  1.99it/s]
 50%|████▉     | 149/300 [00:26<01:15,  2.01it/s]
 50%|█████     | 150/300 [00:27<01:14,  2.01it/s]
 50%|█████     | 151/300 [00:27<01:12,  2.05it/s]
 51%|█████     | 152/300 [00:28<01:12,  2.04it/s]
 51%|█████     | 153/300 [00:28<01:13,  2.01it/s]
 51%|█████▏    | 154/300 [00:29<01:13,  1.99it/s]
 52%|█████▏    | 155/300 [00:29<01:10,  2.05it/s]
 52%|█████▏    | 156/300 [00:30<01:08,  2.09it/s]
 52%|█████▏    | 157/300 [00:30<01:06,  2.16it/s]
 53%|█████▎    | 158/300 [00:30<01:08,  2.09it/s]
 53%|█████▎    | 159/300 [00:31<01:06,  2.11it/s]
 53%|█████▎    | 160/300 [00:31<01:05,  2.12it/s]
 54%|█████▎    | 161/300 [00:32<01:05,  2.13it/s]
 54%|█████▍    | 162/300 [00:32<01:07,  2.04it/s]
 54%|█████▍    | 163/300 [00:33<01:06,  2.08it/s]
 55%|█████▍    | 164/300 [00:33<01:05,  2.09it/s]
 55%|█████▌    | 165/300 [00:34<01:02,  2.15it/s]
 55%|█████▌    | 166/300 [00:34<01:01,  2.17it/s]
 56%|█████▌    | 167/300 [00:35<01:01,  2.16it/s]
 56%|█████▌    | 168/300 [00:35<01:00,  2.17it/s]
 56%|█████▋    | 169/300 [00:36<00:59,  2.19it/s]
 57%|█████▋    | 170/300 [00:36<00:58,  2.21it/s]
 57%|█████▋    | 171/300 [00:36<00:56,  2.27it/s]
 57%|█████▋    | 172/300 [00:37<00:56,  2.28it/s]
 58%|█████▊    | 173/300 [00:37<00:56,  2.25it/s]
 58%|█████▊    | 174/300 [00:38<00:55,  2.29it/s]
 58%|█████▊    | 175/300 [00:38<00:53,  2.32it/s]
 59%|█████▊    | 176/300 [00:39<00:53,  2.31it/s]
 59%|█████▉    | 177/300 [00:39<00:51,  2.40it/s]
 59%|█████▉    | 178/300 [00:39<00:50,  2.40it/s]
 60%|█████▉    | 179/300 [00:40<00:49,  2.46it/s]
 60%|██████    | 180/300 [00:40<00:49,  2.43it/s]
 60%|██████    | 181/300 [00:41<00:48,  2.46it/s]
 61%|██████    | 182/300 [00:41<00:47,  2.48it/s]
 61%|██████    | 183/300 [00:41<00:46,  2.52it/s]
 61%|██████▏   | 184/300 [00:42<00:45,  2.53it/s]
 62%|██████▏   | 185/300 [00:42<00:45,  2.53it/s]
 62%|██████▏   | 186/300 [00:43<00:45,  2.51it/s]
 62%|██████▏   | 187/300 [00:43<00:44,  2.52it/s]
 63%|██████▎   | 188/300 [00:43<00:44,  2.52it/s]
 63%|██████▎   | 189/300 [00:44<00:45,  2.46it/s]
 63%|██████▎   | 190/300 [00:44<00:52,  2.08it/s]
 64%|██████▎   | 191/300 [00:45<00:49,  2.22it/s]
 64%|██████▍   | 192/300 [00:45<00:47,  2.26it/s]
 64%|██████▍   | 193/300 [00:46<00:46,  2.30it/s]
 65%|██████▍   | 194/300 [00:46<00:45,  2.31it/s]
 65%|██████▌   | 195/300 [00:47<00:44,  2.36it/s]
 65%|██████▌   | 196/300 [00:47<00:43,  2.41it/s]
 66%|██████▌   | 197/300 [00:47<00:42,  2.45it/s]
 66%|██████▌   | 198/300 [00:48<00:41,  2.48it/s]
 66%|██████▋   | 199/300 [00:48<00:40,  2.50it/s]
 67%|██████▋   | 200/300 [00:48<00:39,  2.52it/s]
 67%|██████▋   | 201/300 [00:49<00:38,  2.55it/s]
 67%|██████▋   | 202/300 [00:49<00:38,  2.57it/s]
 68%|██████▊   | 203/300 [00:50<00:37,  2.56it/s]
 68%|██████▊   | 204/300 [00:50<00:37,  2.58it/s]
 68%|██████▊   | 205/300 [00:50<00:37,  2.55it/s]
 69%|██████▊   | 206/300 [00:51<00:40,  2.32it/s]
 69%|██████▉   | 207/300 [00:51<00:38,  2.39it/s]
 69%|██████▉   | 208/300 [00:52<00:37,  2.43it/s]
 70%|██████▉   | 209/300 [00:52<00:37,  2.46it/s]
 70%|███████   | 210/300 [00:52<00:35,  2.53it/s]
 70%|███████   | 211/300 [00:53<00:34,  2.56it/s]
 71%|███████   | 212/300 [00:53<00:34,  2.56it/s]
 71%|███████   | 213/300 [00:54<00:34,  2.54it/s]
 71%|███████▏  | 214/300 [00:54<00:34,  2.51it/s]
 72%|███████▏  | 215/300 [00:54<00:33,  2.54it/s]
 72%|███████▏  | 216/300 [00:55<00:32,  2.58it/s]
 72%|███████▏  | 217/300 [00:55<00:36,  2.28it/s]
 73%|███████▎  | 218/300 [00:56<00:34,  2.36it/s]
 73%|███████▎  | 219/300 [00:56<00:33,  2.42it/s]
 73%|███████▎  | 220/300 [00:57<00:32,  2.46it/s]
 74%|███████▎  | 221/300 [00:57<00:31,  2.48it/s]
 74%|███████▍  | 222/300 [00:57<00:31,  2.48it/s]
 74%|███████▍  | 223/300 [00:58<00:30,  2.51it/s]
 75%|███████▍  | 224/300 [00:58<00:28,  2.66it/s]
 75%|███████▌  | 225/300 [00:58<00:27,  2.77it/s]
 75%|███████▌  | 226/300 [00:59<00:26,  2.78it/s]
 76%|███████▌  | 227/300 [00:59<00:25,  2.82it/s]
 76%|███████▌  | 228/300 [00:59<00:25,  2.82it/s]
 76%|███████▋  | 229/300 [01:00<00:25,  2.81it/s]
 77%|███████▋  | 230/300 [01:00<00:25,  2.76it/s]
 77%|███████▋  | 231/300 [01:01<00:24,  2.80it/s]
 77%|███████▋  | 232/300 [01:01<00:24,  2.82it/s]
 78%|███████▊  | 233/300 [01:01<00:24,  2.68it/s]
 78%|███████▊  | 234/300 [01:02<00:24,  2.73it/s]
 78%|███████▊  | 235/300 [01:02<00:23,  2.71it/s]
 79%|███████▊  | 236/300 [01:02<00:24,  2.66it/s]
 79%|███████▉  | 237/300 [01:03<00:23,  2.66it/s]
 79%|███████▉  | 238/300 [01:03<00:23,  2.60it/s]
 80%|███████▉  | 239/300 [01:04<00:23,  2.62it/s]
 80%|████████  | 240/300 [01:04<00:23,  2.59it/s]
 80%|████████  | 241/300 [01:04<00:23,  2.55it/s]
 81%|████████  | 242/300 [01:05<00:22,  2.55it/s]
 81%|████████  | 243/300 [01:05<00:22,  2.53it/s]
 81%|████████▏ | 244/300 [01:06<00:22,  2.51it/s]
 82%|████████▏ | 245/300 [01:06<00:21,  2.55it/s]
 82%|████████▏ | 246/300 [01:06<00:21,  2.54it/s]
 82%|████████▏ | 247/300 [01:07<00:21,  2.52it/s]
 83%|████████▎ | 248/300 [01:07<00:20,  2.53it/s]
 83%|████████▎ | 249/300 [01:08<00:20,  2.53it/s]
 83%|████████▎ | 250/300 [01:08<00:19,  2.52it/s]
 84%|████████▎ | 251/300 [01:08<00:19,  2.52it/s]
 84%|████████▍ | 252/300 [01:09<00:18,  2.61it/s]
 84%|████████▍ | 253/300 [01:09<00:18,  2.60it/s]
 85%|████████▍ | 254/300 [01:10<00:18,  2.43it/s]
 85%|████████▌ | 255/300 [01:10<00:19,  2.36it/s]
 85%|████████▌ | 256/300 [01:10<00:19,  2.31it/s]
 86%|████████▌ | 257/300 [01:11<00:18,  2.37it/s]
 86%|████████▌ | 258/300 [01:11<00:17,  2.40it/s]
 86%|████████▋ | 259/300 [01:12<00:18,  2.22it/s]
 87%|████████▋ | 260/300 [01:12<00:17,  2.26it/s]
 87%|████████▋ | 261/300 [01:13<00:16,  2.33it/s]
 87%|████████▋ | 262/300 [01:13<00:16,  2.36it/s]
 88%|████████▊ | 263/300 [01:13<00:15,  2.36it/s]
 88%|████████▊ | 264/300 [01:14<00:15,  2.31it/s]
 88%|████████▊ | 265/300 [01:14<00:15,  2.30it/s]
 89%|████████▊ | 266/300 [01:15<00:15,  2.22it/s]
 89%|████████▉ | 267/300 [01:15<00:14,  2.23it/s]
 89%|████████▉ | 268/300 [01:16<00:15,  2.06it/s]
 90%|████████▉ | 269/300 [01:16<00:15,  1.98it/s]
 90%|█████████ | 270/300 [01:17<00:14,  2.02it/s]
 90%|█████████ | 271/300 [01:17<00:14,  2.03it/s]
 91%|█████████ | 272/300 [01:18<00:13,  2.02it/s]
 91%|█████████ | 273/300 [01:18<00:13,  2.04it/s]
 91%|█████████▏| 274/300 [01:19<00:12,  2.04it/s]
 92%|█████████▏| 275/300 [01:19<00:12,  2.05it/s]
 92%|█████████▏| 276/300 [01:20<00:11,  2.03it/s]
 92%|█████████▏| 277/300 [01:20<00:11,  2.04it/s]
 93%|█████████▎| 278/300 [01:21<00:10,  2.01it/s]
 93%|█████████▎| 279/300 [01:21<00:10,  2.02it/s]
 93%|█████████▎| 280/300 [01:22<00:10,  1.82it/s]
 94%|█████████▎| 281/300 [01:23<00:11,  1.69it/s]
 94%|█████████▍| 282/300 [01:23<00:11,  1.60it/s]
 94%|█████████▍| 283/300 [01:24<00:09,  1.71it/s]
 95%|█████████▍| 284/300 [01:24<00:08,  1.79it/s]
 95%|█████████▌| 285/300 [01:25<00:08,  1.82it/s]
 95%|█████████▌| 286/300 [01:25<00:07,  1.79it/s]
 96%|█████████▌| 287/300 [01:26<00:07,  1.84it/s]
 96%|█████████▌| 288/300 [01:27<00:06,  1.73it/s]
 96%|█████████▋| 289/300 [01:27<00:06,  1.73it/s]
 97%|█████████▋| 290/300 [01:28<00:06,  1.65it/s]
 97%|█████████▋| 291/300 [01:29<00:05,  1.62it/s]
 97%|█████████▋| 292/300 [01:29<00:05,  1.56it/s]
 98%|█████████▊| 293/300 [01:30<00:04,  1.47it/s]
 98%|█████████▊| 294/300 [01:31<00:04,  1.47it/s]
 98%|█████████▊| 295/300 [01:31<00:03,  1.56it/s]
 99%|█████████▊| 296/300 [01:32<00:02,  1.61it/s]
 99%|█████████▉| 297/300 [01:32<00:01,  1.60it/s]
 99%|█████████▉| 298/300 [01:33<00:01,  1.52it/s]
100%|█████████▉| 299/300 [01:34<00:00,  1.54it/s]
100%|██████████| 300/300 [01:34<00:00,  1.56it/s]
100%|██████████| 300/300 [01:34<00:00,  3.16it/s]
