Bad value in file PosixPath('/home/heisenberg/Documentos/GitHub/RL-SAC/sac/utils/custom.mplstyle'), line 4 ("axes.prop_cycle : cycler('color', ['#0000FF', '#FFA500', '#006400', '#8B0000']) + cycler('linestyle', ['-'])"): Key axes.prop_cycle: "cycler('color', ['" is not a valid cycler construction: unterminated string literal (detected at line 1) (<unknown>, line 1)

  0%|          | 0/300 [00:00<?, ?it/s]
  4%|▍         | 12/300 [00:00<00:02, 116.69it/s]
 11%|█         | 32/300 [00:00<00:01, 164.53it/s]
 16%|█▋        | 49/300 [00:00<00:01, 151.04it/s]
 22%|██▏       | 65/300 [00:00<00:01, 153.88it/s]
 28%|██▊       | 83/300 [00:00<00:01, 161.67it/s]
 33%|███▎      | 100/300 [00:01<00:03, 53.60it/s]
 37%|███▋      | 112/300 [00:02<00:07, 25.73it/s]
 40%|████      | 121/300 [00:08<00:31,  5.76it/s]
 42%|████▏     | 127/300 [00:14<00:56,  3.07it/s]
 44%|████▎     | 131/300 [00:18<01:09,  2.44it/s]
 45%|████▍     | 134/300 [00:20<01:16,  2.18it/s]
 45%|████▌     | 136/300 [00:22<01:19,  2.05it/s]
 46%|████▌     | 138/300 [00:23<01:24,  1.92it/s]
 46%|████▋     | 139/300 [00:24<01:27,  1.84it/s]
 47%|████▋     | 140/300 [00:25<01:38,  1.63it/s]
 47%|████▋     | 141/300 [00:27<01:57,  1.35it/s]
 47%|████▋     | 142/300 [00:28<02:10,  1.21it/s]
 48%|████▊     | 143/300 [00:29<02:21,  1.11it/s]
 48%|████▊     | 144/300 [00:30<02:19,  1.12it/s]
 48%|████▊     | 145/300 [00:31<02:13,  1.16it/s]
 49%|████▊     | 146/300 [00:32<02:19,  1.10it/s]
 49%|████▉     | 147/300 [00:33<02:28,  1.03it/s]
 49%|████▉     | 148/300 [00:34<02:35,  1.03s/it]
 50%|████▉     | 149/300 [00:36<02:51,  1.13s/it]
 50%|█████     | 150/300 [00:37<02:46,  1.11s/it]
 50%|█████     | 151/300 [00:38<02:36,  1.05s/it]
 51%|█████     | 152/300 [00:39<02:29,  1.01s/it]
 51%|█████     | 153/300 [00:40<02:32,  1.04s/it]
 51%|█████▏    | 154/300 [00:41<02:24,  1.01it/s]
 52%|█████▏    | 155/300 [00:41<02:13,  1.09it/s]
 52%|█████▏    | 156/300 [00:42<02:06,  1.14it/s]
 52%|█████▏    | 157/300 [00:43<01:56,  1.22it/s]
 53%|█████▎    | 158/300 [00:44<01:53,  1.25it/s]
 53%|█████▎    | 159/300 [00:44<01:46,  1.33it/s]
 53%|█████▎    | 160/300 [00:45<01:51,  1.25it/s]
 54%|█████▎    | 161/300 [00:46<01:49,  1.27it/s]
 54%|█████▍    | 162/300 [00:47<01:58,  1.17it/s]
 54%|█████▍    | 163/300 [00:48<01:53,  1.21it/s]
 55%|█████▍    | 164/300 [00:49<02:01,  1.12it/s]
 55%|█████▌    | 165/300 [00:49<01:50,  1.22it/s]
 55%|█████▌    | 166/300 [00:50<01:45,  1.28it/s]
 56%|█████▌    | 167/300 [00:51<01:40,  1.32it/s]
 56%|█████▌    | 168/300 [00:51<01:39,  1.33it/s]
 56%|█████▋    | 169/300 [00:52<01:35,  1.37it/s]
 57%|█████▋    | 170/300 [00:53<01:32,  1.41it/s]
 57%|█████▋    | 171/300 [00:53<01:28,  1.46it/s]
 57%|█████▋    | 172/300 [00:54<01:32,  1.39it/s]
 58%|█████▊    | 173/300 [00:55<01:40,  1.26it/s]
 58%|█████▊    | 174/300 [00:56<01:36,  1.30it/s]
 58%|█████▊    | 175/300 [00:56<01:28,  1.42it/s]
 59%|█████▊    | 176/300 [00:57<01:19,  1.56it/s]
 59%|█████▉    | 177/300 [00:58<01:17,  1.58it/s]
 59%|█████▉    | 178/300 [00:58<01:15,  1.62it/s]
 60%|█████▉    | 179/300 [00:59<01:10,  1.72it/s]
 60%|██████    | 180/300 [00:59<01:06,  1.81it/s]
 60%|██████    | 181/300 [01:00<01:05,  1.82it/s]
 61%|██████    | 182/300 [01:00<01:05,  1.80it/s]
 61%|██████    | 183/300 [01:01<01:03,  1.84it/s]
 61%|██████▏   | 184/300 [01:01<01:01,  1.88it/s]
 62%|██████▏   | 185/300 [01:02<00:57,  2.00it/s]
 62%|██████▏   | 186/300 [01:02<00:58,  1.96it/s]
 62%|██████▏   | 187/300 [01:03<00:56,  2.01it/s]
 63%|██████▎   | 188/300 [01:03<00:58,  1.92it/s]
 63%|██████▎   | 189/300 [01:04<00:54,  2.03it/s]
 63%|██████▎   | 190/300 [01:04<00:52,  2.11it/s]
 64%|██████▎   | 191/300 [01:05<00:50,  2.15it/s]
 64%|██████▍   | 192/300 [01:05<00:49,  2.17it/s]
 64%|██████▍   | 193/300 [01:05<00:48,  2.21it/s]
 65%|██████▍   | 194/300 [01:06<00:46,  2.26it/s]
 65%|██████▌   | 195/300 [01:06<00:45,  2.30it/s]
 65%|██████▌   | 196/300 [01:07<00:44,  2.31it/s]
 66%|██████▌   | 197/300 [01:07<00:44,  2.34it/s]
 66%|██████▌   | 198/300 [01:08<00:43,  2.34it/s]
 66%|██████▋   | 199/300 [01:08<00:44,  2.29it/s]
 67%|██████▋   | 200/300 [01:08<00:43,  2.29it/s]
 67%|██████▋   | 201/300 [01:09<00:42,  2.32it/s]
 67%|██████▋   | 202/300 [01:09<00:42,  2.30it/s]
 68%|██████▊   | 203/300 [01:10<00:41,  2.33it/s]
 68%|██████▊   | 204/300 [01:10<00:42,  2.24it/s]
 68%|██████▊   | 205/300 [01:11<00:41,  2.29it/s]
 69%|██████▊   | 206/300 [01:11<00:40,  2.30it/s]
 69%|██████▉   | 207/300 [01:12<00:41,  2.23it/s]
 69%|██████▉   | 208/300 [01:12<00:40,  2.30it/s]
 70%|██████▉   | 209/300 [01:12<00:39,  2.29it/s]
 70%|███████   | 210/300 [01:13<00:39,  2.27it/s]
 70%|███████   | 211/300 [01:13<00:39,  2.24it/s]
 71%|███████   | 212/300 [01:14<00:39,  2.24it/s]
 71%|███████   | 213/300 [01:14<00:38,  2.25it/s]
 71%|███████▏  | 214/300 [01:15<00:37,  2.28it/s]
 72%|███████▏  | 215/300 [01:15<00:37,  2.26it/s]
 72%|███████▏  | 216/300 [01:15<00:37,  2.24it/s]
 72%|███████▏  | 217/300 [01:16<00:36,  2.24it/s]
 73%|███████▎  | 218/300 [01:16<00:36,  2.25it/s]
 73%|███████▎  | 219/300 [01:17<00:35,  2.25it/s]
 73%|███████▎  | 220/300 [01:17<00:35,  2.23it/s]
 74%|███████▎  | 221/300 [01:18<00:35,  2.24it/s]
 74%|███████▍  | 222/300 [01:18<00:35,  2.20it/s]
 74%|███████▍  | 223/300 [01:19<00:35,  2.19it/s]
 75%|███████▍  | 224/300 [01:19<00:33,  2.25it/s]
 75%|███████▌  | 225/300 [01:20<00:33,  2.22it/s]
 75%|███████▌  | 226/300 [01:20<00:33,  2.21it/s]
 76%|███████▌  | 227/300 [01:20<00:32,  2.24it/s]
 76%|███████▌  | 228/300 [01:21<00:31,  2.27it/s]
 76%|███████▋  | 229/300 [01:21<00:30,  2.30it/s]
 77%|███████▋  | 230/300 [01:22<00:29,  2.34it/s]
 77%|███████▋  | 231/300 [01:22<00:29,  2.31it/s]
 77%|███████▋  | 232/300 [01:23<00:29,  2.30it/s]
 78%|███████▊  | 233/300 [01:23<00:29,  2.28it/s]
 78%|███████▊  | 234/300 [01:23<00:28,  2.30it/s]
 78%|███████▊  | 235/300 [01:24<00:28,  2.30it/s]
 79%|███████▊  | 236/300 [01:24<00:27,  2.30it/s]
 79%|███████▉  | 237/300 [01:25<00:27,  2.28it/s]
 79%|███████▉  | 238/300 [01:25<00:27,  2.28it/s]
 80%|███████▉  | 239/300 [01:26<00:25,  2.36it/s]
 80%|████████  | 240/300 [01:26<00:25,  2.33it/s]
 80%|████████  | 241/300 [01:26<00:25,  2.33it/s]
 81%|████████  | 242/300 [01:27<00:25,  2.31it/s]
 81%|████████  | 243/300 [01:27<00:24,  2.31it/s]
 81%|████████▏ | 244/300 [01:28<00:24,  2.25it/s]
 82%|████████▏ | 245/300 [01:28<00:24,  2.25it/s]
 82%|████████▏ | 246/300 [01:29<00:23,  2.27it/s]
 82%|████████▏ | 247/300 [01:29<00:23,  2.24it/s]
 83%|████████▎ | 248/300 [01:30<00:23,  2.20it/s]
 83%|████████▎ | 249/300 [01:30<00:23,  2.16it/s]
 83%|████████▎ | 250/300 [01:31<00:22,  2.20it/s]
 84%|████████▎ | 251/300 [01:31<00:22,  2.21it/s]
 84%|████████▍ | 252/300 [01:31<00:22,  2.14it/s]
 84%|████████▍ | 253/300 [01:32<00:22,  2.11it/s]
 85%|████████▍ | 254/300 [01:32<00:21,  2.13it/s]
 85%|████████▌ | 255/300 [01:33<00:21,  2.10it/s]
 85%|████████▌ | 256/300 [01:33<00:21,  2.07it/s]
 86%|████████▌ | 257/300 [01:34<00:21,  2.00it/s]
 86%|████████▌ | 258/300 [01:34<00:20,  2.02it/s]
 86%|████████▋ | 259/300 [01:35<00:20,  2.04it/s]
 87%|████████▋ | 260/300 [01:35<00:19,  2.05it/s]
 87%|████████▋ | 261/300 [01:36<00:18,  2.07it/s]
 87%|████████▋ | 262/300 [01:36<00:18,  2.03it/s]
 88%|████████▊ | 263/300 [01:37<00:17,  2.06it/s]
 88%|████████▊ | 264/300 [01:37<00:17,  2.08it/s]
 88%|████████▊ | 265/300 [01:38<00:16,  2.08it/s]
 89%|████████▊ | 266/300 [01:38<00:16,  2.12it/s]
 89%|████████▉ | 267/300 [01:39<00:15,  2.16it/s]
 89%|████████▉ | 268/300 [01:39<00:14,  2.15it/s]
 90%|████████▉ | 269/300 [01:40<00:14,  2.12it/s]
 90%|█████████ | 270/300 [01:40<00:14,  2.11it/s]
 90%|█████████ | 271/300 [01:41<00:13,  2.08it/s]
 91%|█████████ | 272/300 [01:41<00:13,  2.06it/s]
 91%|█████████ | 273/300 [01:42<00:13,  2.06it/s]
 91%|█████████▏| 274/300 [01:42<00:12,  2.01it/s]
 92%|█████████▏| 275/300 [01:43<00:12,  2.00it/s]
 92%|█████████▏| 276/300 [01:43<00:12,  1.91it/s]
 92%|█████████▏| 277/300 [01:44<00:12,  1.88it/s]
 93%|█████████▎| 278/300 [01:44<00:11,  1.85it/s]
 93%|█████████▎| 279/300 [01:45<00:11,  1.76it/s]
 93%|█████████▎| 280/300 [01:46<00:12,  1.63it/s]
 94%|█████████▎| 281/300 [01:46<00:12,  1.55it/s]
 94%|█████████▍| 282/300 [01:47<00:11,  1.56it/s]
 94%|█████████▍| 283/300 [01:48<00:11,  1.49it/s]
 95%|█████████▍| 284/300 [01:49<00:11,  1.44it/s]
 95%|█████████▌| 285/300 [01:49<00:11,  1.32it/s]
 95%|█████████▌| 286/300 [01:50<00:10,  1.28it/s]
 96%|█████████▌| 287/300 [01:51<00:10,  1.26it/s]
 96%|█████████▌| 288/300 [01:52<00:09,  1.27it/s]
 96%|█████████▋| 289/300 [01:53<00:09,  1.22it/s]
 97%|█████████▋| 290/300 [01:54<00:08,  1.18it/s]
 97%|█████████▋| 291/300 [01:55<00:07,  1.15it/s]
 97%|█████████▋| 292/300 [01:56<00:07,  1.09it/s]
 98%|█████████▊| 293/300 [01:57<00:07,  1.03s/it]
 98%|█████████▊| 294/300 [01:59<00:07,  1.25s/it]
 98%|█████████▊| 295/300 [02:01<00:07,  1.60s/it]
 99%|█████████▊| 296/300 [02:03<00:07,  1.76s/it]
 99%|█████████▉| 297/300 [02:05<00:05,  1.88s/it]
 99%|█████████▉| 298/300 [02:08<00:04,  2.00s/it]
100%|█████████▉| 299/300 [02:10<00:02,  2.14s/it]
100%|██████████| 300/300 [02:12<00:00,  2.18s/it]
100%|██████████| 300/300 [02:12<00:00,  2.26it/s]
