Bad value in file PosixPath('/home/heisenberg/Documentos/GitHub/RL-SAC/sac/utils/custom.mplstyle'), line 4 ("axes.prop_cycle : cycler('color', ['#0000FF', '#FFA500', '#006400', '#8B0000']) + cycler('linestyle', ['-'])"): Key axes.prop_cycle: "cycler('color', ['" is not a valid cycler construction: unterminated string literal (detected at line 1) (<unknown>, line 1)

  0%|          | 0/300 [00:00<?, ?it/s]
  4%|▎         | 11/300 [00:00<00:02, 103.41it/s]
  9%|▊         | 26/300 [00:00<00:02, 128.47it/s]
 14%|█▎        | 41/300 [00:00<00:01, 137.05it/s]
 18%|█▊        | 55/300 [00:00<00:02, 121.75it/s]
 24%|██▎       | 71/300 [00:00<00:01, 133.62it/s]
 30%|██▉       | 89/300 [00:00<00:01, 145.07it/s]
 35%|███▍      | 104/300 [00:01<00:05, 36.55it/s]
 38%|███▊      | 115/300 [00:02<00:07, 24.70it/s]
 41%|████      | 123/300 [00:07<00:27,  6.42it/s]
 43%|████▎     | 129/300 [00:11<00:41,  4.16it/s]
 44%|████▍     | 133/300 [00:13<00:49,  3.34it/s]
 45%|████▌     | 136/300 [00:15<00:55,  2.94it/s]
 46%|████▌     | 138/300 [00:16<00:58,  2.76it/s]
 47%|████▋     | 140/300 [00:17<01:01,  2.60it/s]
 47%|████▋     | 141/300 [00:18<01:04,  2.48it/s]
 47%|████▋     | 142/300 [00:18<01:06,  2.38it/s]
 48%|████▊     | 143/300 [00:19<01:08,  2.29it/s]
 48%|████▊     | 144/300 [00:19<01:10,  2.22it/s]
 48%|████▊     | 145/300 [00:20<01:12,  2.13it/s]
 49%|████▊     | 146/300 [00:20<01:15,  2.05it/s]
 49%|████▉     | 147/300 [00:21<01:18,  1.96it/s]
 49%|████▉     | 148/300 [00:22<01:17,  1.96it/s]
 50%|████▉     | 149/300 [00:22<01:19,  1.89it/s]
 50%|█████     | 150/300 [00:23<01:21,  1.85it/s]
 50%|█████     | 151/300 [00:24<01:31,  1.63it/s]
 51%|█████     | 152/300 [00:24<01:28,  1.67it/s]
 51%|█████     | 153/300 [00:25<01:23,  1.76it/s]
 51%|█████▏    | 154/300 [00:25<01:24,  1.73it/s]
 52%|█████▏    | 155/300 [00:26<01:29,  1.62it/s]
 52%|█████▏    | 156/300 [00:26<01:24,  1.71it/s]
 52%|█████▏    | 157/300 [00:27<01:19,  1.80it/s]
 53%|█████▎    | 158/300 [00:28<01:28,  1.61it/s]
 53%|█████▎    | 159/300 [00:28<01:26,  1.63it/s]
 53%|█████▎    | 160/300 [00:29<01:34,  1.49it/s]
 54%|█████▎    | 161/300 [00:30<01:28,  1.58it/s]
 54%|█████▍    | 162/300 [00:30<01:26,  1.59it/s]
 54%|█████▍    | 163/300 [00:31<01:22,  1.66it/s]
 55%|█████▍    | 164/300 [00:31<01:19,  1.71it/s]
 55%|█████▌    | 165/300 [00:32<01:16,  1.77it/s]
 55%|█████▌    | 166/300 [00:32<01:12,  1.84it/s]
 56%|█████▌    | 167/300 [00:33<01:07,  1.97it/s]
 56%|█████▌    | 168/300 [00:33<01:05,  2.00it/s]
 56%|█████▋    | 169/300 [00:34<01:07,  1.94it/s]
 57%|█████▋    | 170/300 [00:34<01:04,  2.02it/s]
 57%|█████▋    | 171/300 [00:35<01:07,  1.92it/s]
 57%|█████▋    | 172/300 [00:35<01:11,  1.80it/s]
 58%|█████▊    | 173/300 [00:36<01:08,  1.86it/s]
 58%|█████▊    | 174/300 [00:36<01:04,  1.94it/s]
 58%|█████▊    | 175/300 [00:37<01:01,  2.04it/s]
 59%|█████▊    | 176/300 [00:37<01:03,  1.96it/s]
 59%|█████▉    | 177/300 [00:38<01:00,  2.04it/s]
 59%|█████▉    | 178/300 [00:38<00:58,  2.10it/s]
 60%|█████▉    | 179/300 [00:39<01:00,  2.01it/s]
 60%|██████    | 180/300 [00:39<00:57,  2.10it/s]
 60%|██████    | 181/300 [00:40<00:55,  2.16it/s]
 61%|██████    | 182/300 [00:40<00:55,  2.11it/s]
 61%|██████    | 183/300 [00:41<00:53,  2.18it/s]
 61%|██████▏   | 184/300 [00:41<00:52,  2.19it/s]
 62%|██████▏   | 185/300 [00:42<00:52,  2.20it/s]
 62%|██████▏   | 186/300 [00:42<00:50,  2.27it/s]
 62%|██████▏   | 187/300 [00:42<00:49,  2.27it/s]
 63%|██████▎   | 188/300 [00:43<00:50,  2.24it/s]
 63%|██████▎   | 189/300 [00:43<00:49,  2.23it/s]
 63%|██████▎   | 190/300 [00:44<00:49,  2.24it/s]
 64%|██████▎   | 191/300 [00:44<00:48,  2.24it/s]
 64%|██████▍   | 192/300 [00:45<00:48,  2.24it/s]
 64%|██████▍   | 193/300 [00:45<00:47,  2.24it/s]
 65%|██████▍   | 194/300 [00:46<00:47,  2.24it/s]
 65%|██████▌   | 195/300 [00:46<00:47,  2.23it/s]
 65%|██████▌   | 196/300 [00:46<00:46,  2.26it/s]
 66%|██████▌   | 197/300 [00:47<00:47,  2.18it/s]
 66%|██████▌   | 198/300 [00:47<00:47,  2.17it/s]
 66%|██████▋   | 199/300 [00:48<00:49,  2.03it/s]
 67%|██████▋   | 200/300 [00:48<00:49,  2.03it/s]
 67%|██████▋   | 201/300 [00:49<00:48,  2.06it/s]
 67%|██████▋   | 202/300 [00:49<00:47,  2.06it/s]
 68%|██████▊   | 203/300 [00:50<00:46,  2.07it/s]
 68%|██████▊   | 204/300 [00:50<00:44,  2.14it/s]
 68%|██████▊   | 205/300 [00:51<00:44,  2.15it/s]
 69%|██████▊   | 206/300 [00:51<00:43,  2.18it/s]
 69%|██████▉   | 207/300 [00:52<00:42,  2.20it/s]
 69%|██████▉   | 208/300 [00:52<00:41,  2.23it/s]
 70%|██████▉   | 209/300 [00:52<00:40,  2.25it/s]
 70%|███████   | 210/300 [00:53<00:42,  2.11it/s]
 70%|███████   | 211/300 [00:54<00:41,  2.13it/s]
 71%|███████   | 212/300 [00:54<00:40,  2.20it/s]
 71%|███████   | 213/300 [00:54<00:39,  2.23it/s]
 71%|███████▏  | 214/300 [00:55<00:38,  2.26it/s]
 72%|███████▏  | 215/300 [00:55<00:37,  2.29it/s]
 72%|███████▏  | 216/300 [00:56<00:36,  2.31it/s]
 72%|███████▏  | 217/300 [00:56<00:35,  2.33it/s]
 73%|███████▎  | 218/300 [00:56<00:35,  2.34it/s]
 73%|███████▎  | 219/300 [00:57<00:34,  2.32it/s]
 73%|███████▎  | 220/300 [00:57<00:34,  2.30it/s]
 74%|███████▎  | 221/300 [00:58<00:34,  2.31it/s]
 74%|███████▍  | 222/300 [00:58<00:34,  2.24it/s]
 74%|███████▍  | 223/300 [00:59<00:38,  2.01it/s]
 75%|███████▍  | 224/300 [01:00<00:40,  1.87it/s]
 75%|███████▌  | 225/300 [01:00<00:41,  1.79it/s]
 75%|███████▌  | 226/300 [01:01<00:41,  1.78it/s]
 76%|███████▌  | 227/300 [01:01<00:39,  1.83it/s]
 76%|███████▌  | 228/300 [01:02<00:38,  1.86it/s]
 76%|███████▋  | 229/300 [01:02<00:40,  1.77it/s]
 77%|███████▋  | 230/300 [01:03<00:40,  1.72it/s]
 77%|███████▋  | 231/300 [01:04<00:39,  1.75it/s]
 77%|███████▋  | 232/300 [01:04<00:38,  1.77it/s]
 78%|███████▊  | 233/300 [01:05<00:37,  1.81it/s]
 78%|███████▊  | 234/300 [01:05<00:39,  1.68it/s]
 78%|███████▊  | 235/300 [01:06<00:41,  1.55it/s]
 79%|███████▊  | 236/300 [01:07<00:41,  1.56it/s]
 79%|███████▉  | 237/300 [01:07<00:43,  1.45it/s]
 79%|███████▉  | 238/300 [01:09<00:51,  1.21it/s]
 80%|███████▉  | 239/300 [01:09<00:45,  1.33it/s]
 80%|████████  | 240/300 [01:10<00:42,  1.42it/s]
 80%|████████  | 241/300 [01:10<00:38,  1.53it/s]
 81%|████████  | 242/300 [01:11<00:37,  1.55it/s]
 81%|████████  | 243/300 [01:12<00:35,  1.59it/s]
 81%|████████▏ | 244/300 [01:12<00:34,  1.63it/s]
 82%|████████▏ | 245/300 [01:13<00:35,  1.56it/s]
 82%|████████▏ | 246/300 [01:13<00:34,  1.57it/s]
 82%|████████▏ | 247/300 [01:14<00:33,  1.57it/s]
 83%|████████▎ | 248/300 [01:15<00:32,  1.60it/s]
 83%|████████▎ | 249/300 [01:15<00:31,  1.63it/s]
 83%|████████▎ | 250/300 [01:16<00:30,  1.64it/s]
 84%|████████▎ | 251/300 [01:17<00:30,  1.60it/s]
 84%|████████▍ | 252/300 [01:17<00:30,  1.58it/s]
 84%|████████▍ | 253/300 [01:18<00:31,  1.49it/s]
 85%|████████▍ | 254/300 [01:19<00:33,  1.36it/s]
 85%|████████▌ | 255/300 [01:20<00:35,  1.26it/s]
 85%|████████▌ | 256/300 [01:21<00:35,  1.25it/s]
 86%|████████▌ | 257/300 [01:21<00:34,  1.24it/s]
 86%|████████▌ | 258/300 [01:22<00:35,  1.18it/s]
 86%|████████▋ | 259/300 [01:23<00:37,  1.08it/s]
 87%|████████▋ | 260/300 [01:24<00:37,  1.07it/s]
 87%|████████▋ | 261/300 [01:25<00:36,  1.08it/s]
 87%|████████▋ | 262/300 [01:26<00:37,  1.00it/s]
 88%|████████▊ | 263/300 [01:28<00:40,  1.10s/it]
 88%|████████▊ | 264/300 [01:29<00:40,  1.13s/it]
 88%|████████▊ | 265/300 [01:30<00:41,  1.17s/it]
 89%|████████▊ | 266/300 [01:32<00:44,  1.30s/it]
 89%|████████▉ | 267/300 [01:34<00:52,  1.60s/it]
 89%|████████▉ | 268/300 [01:37<00:58,  1.82s/it]
 90%|████████▉ | 269/300 [01:38<00:57,  1.84s/it]
 90%|█████████ | 270/300 [01:41<00:59,  1.99s/it]
 90%|█████████ | 271/300 [01:43<00:59,  2.07s/it]
 91%|█████████ | 272/300 [01:45<00:58,  2.09s/it]
 91%|█████████ | 273/300 [01:48<01:01,  2.27s/it]
 91%|█████████▏| 274/300 [01:50<00:59,  2.30s/it]
 92%|█████████▏| 275/300 [01:52<00:52,  2.11s/it]
 92%|█████████▏| 276/300 [01:53<00:42,  1.76s/it]
 92%|█████████▏| 277/300 [01:54<00:39,  1.70s/it]
 93%|█████████▎| 278/300 [01:57<00:40,  1.86s/it]
 93%|█████████▎| 279/300 [01:58<00:36,  1.76s/it]
 93%|█████████▎| 280/300 [02:00<00:38,  1.90s/it]
 94%|█████████▎| 281/300 [02:02<00:37,  1.96s/it]
 94%|█████████▍| 282/300 [02:05<00:36,  2.01s/it]
 94%|█████████▍| 283/300 [02:07<00:34,  2.03s/it]
 95%|█████████▍| 284/300 [02:08<00:31,  1.97s/it]
 95%|█████████▌| 285/300 [02:11<00:30,  2.01s/it]
 95%|█████████▌| 286/300 [02:13<00:28,  2.06s/it]
 96%|█████████▌| 287/300 [02:15<00:27,  2.11s/it]
 96%|█████████▌| 288/300 [02:18<00:26,  2.23s/it]
 96%|█████████▋| 289/300 [02:20<00:25,  2.29s/it]
 97%|█████████▋| 290/300 [02:22<00:22,  2.22s/it]
 97%|█████████▋| 291/300 [02:24<00:19,  2.18s/it]
 97%|█████████▋| 292/300 [02:26<00:17,  2.14s/it]
 98%|█████████▊| 293/300 [02:28<00:14,  2.13s/it]
 98%|█████████▊| 294/300 [02:30<00:12,  2.11s/it]
 98%|█████████▊| 295/300 [02:32<00:10,  2.10s/it]
 99%|█████████▊| 296/300 [02:34<00:08,  2.09s/it]
 99%|█████████▉| 297/300 [02:37<00:06,  2.09s/it]
 99%|█████████▉| 298/300 [02:39<00:04,  2.08s/it]
100%|█████████▉| 299/300 [02:40<00:01,  1.90s/it]
100%|██████████| 300/300 [02:42<00:00,  1.95s/it]
100%|██████████| 300/300 [02:42<00:00,  1.84it/s]
