Bad value in file PosixPath('/home/heisenberg/Documentos/GitHub/RL-SAC/sac/utils/custom.mplstyle'), line 4 ("axes.prop_cycle : cycler('color', ['#0000FF', '#FFA500', '#006400', '#8B0000']) + cycler('linestyle', ['-'])"): Key axes.prop_cycle: "cycler('color', ['" is not a valid cycler construction: unterminated string literal (detected at line 1) (<unknown>, line 1)

  0%|          | 0/300 [00:00<?, ?it/s]
  4%|▎         | 11/300 [00:00<00:02, 101.64it/s]
  8%|▊         | 23/300 [00:00<00:02, 107.88it/s]
 13%|█▎        | 38/300 [00:00<00:02, 124.22it/s]
 17%|█▋        | 51/300 [00:00<00:01, 124.75it/s]
 22%|██▏       | 65/300 [00:00<00:01, 127.37it/s]
 27%|██▋       | 81/300 [00:00<00:01, 135.60it/s]
 32%|███▏      | 95/300 [00:01<00:03, 58.14it/s] 
 35%|███▌      | 105/300 [00:02<00:07, 26.00it/s]
 38%|███▊      | 113/300 [00:03<00:14, 12.90it/s]
 40%|███▉      | 119/300 [00:08<00:39,  4.61it/s]
 41%|████      | 123/300 [00:12<00:55,  3.20it/s]
 42%|████▏     | 126/300 [00:15<01:10,  2.46it/s]
 43%|████▎     | 128/300 [00:16<01:20,  2.14it/s]
 43%|████▎     | 130/300 [00:18<01:33,  1.82it/s]
 44%|████▎     | 131/300 [00:19<01:37,  1.74it/s]
 44%|████▍     | 132/300 [00:20<01:38,  1.70it/s]
 44%|████▍     | 133/300 [00:21<01:42,  1.63it/s]
 45%|████▍     | 134/300 [00:21<01:41,  1.63it/s]
 45%|████▌     | 135/300 [00:22<01:45,  1.57it/s]
 45%|████▌     | 136/300 [00:23<01:43,  1.59it/s]
 46%|████▌     | 137/300 [00:23<01:37,  1.67it/s]
 46%|████▌     | 138/300 [00:24<01:37,  1.66it/s]
 46%|████▋     | 139/300 [00:25<01:45,  1.52it/s]
 47%|████▋     | 140/300 [00:25<01:51,  1.43it/s]
 47%|████▋     | 141/300 [00:26<01:54,  1.38it/s]
 47%|████▋     | 142/300 [00:27<01:54,  1.38it/s]
 48%|████▊     | 143/300 [00:27<01:48,  1.45it/s]
 48%|████▊     | 144/300 [00:28<01:40,  1.55it/s]
 48%|████▊     | 145/300 [00:29<01:35,  1.62it/s]
 49%|████▊     | 146/300 [00:29<01:30,  1.70it/s]
 49%|████▉     | 147/300 [00:30<01:29,  1.71it/s]
 49%|████▉     | 148/300 [00:30<01:28,  1.71it/s]
 50%|████▉     | 149/300 [00:31<01:23,  1.81it/s]
 50%|█████     | 150/300 [00:31<01:22,  1.81it/s]
 50%|█████     | 151/300 [00:32<01:22,  1.80it/s]
 51%|█████     | 152/300 [00:32<01:24,  1.75it/s]
 51%|█████     | 153/300 [00:33<01:26,  1.71it/s]
 51%|█████▏    | 154/300 [00:34<01:22,  1.77it/s]
 52%|█████▏    | 155/300 [00:34<01:23,  1.74it/s]
 52%|█████▏    | 156/300 [00:35<01:24,  1.71it/s]
 52%|█████▏    | 157/300 [00:35<01:22,  1.73it/s]
 53%|█████▎    | 158/300 [00:36<01:22,  1.73it/s]
 53%|█████▎    | 159/300 [00:37<01:23,  1.69it/s]
 53%|█████▎    | 160/300 [00:37<01:30,  1.55it/s]
 54%|█████▎    | 161/300 [00:38<01:25,  1.62it/s]
 54%|█████▍    | 162/300 [00:38<01:23,  1.64it/s]
 54%|█████▍    | 163/300 [00:39<01:22,  1.65it/s]
 55%|█████▍    | 164/300 [00:40<01:21,  1.68it/s]
 55%|█████▌    | 165/300 [00:40<01:20,  1.68it/s]
 55%|█████▌    | 166/300 [00:41<01:19,  1.69it/s]
 56%|█████▌    | 167/300 [00:41<01:20,  1.65it/s]
 56%|█████▌    | 168/300 [00:42<01:15,  1.74it/s]
 56%|█████▋    | 169/300 [00:43<01:15,  1.73it/s]
 57%|█████▋    | 170/300 [00:43<01:14,  1.74it/s]
 57%|█████▋    | 171/300 [00:44<01:14,  1.73it/s]
 57%|█████▋    | 172/300 [00:44<01:11,  1.78it/s]
 58%|█████▊    | 173/300 [00:45<01:10,  1.80it/s]
 58%|█████▊    | 174/300 [00:45<01:07,  1.87it/s]
 58%|█████▊    | 175/300 [00:46<01:14,  1.68it/s]
 59%|█████▊    | 176/300 [00:47<01:13,  1.68it/s]
 59%|█████▉    | 177/300 [00:47<01:10,  1.74it/s]
 59%|█████▉    | 178/300 [00:48<01:10,  1.74it/s]
 60%|█████▉    | 179/300 [00:48<01:06,  1.81it/s]
 60%|██████    | 180/300 [00:49<01:06,  1.80it/s]
 60%|██████    | 181/300 [00:50<01:13,  1.63it/s]
 61%|██████    | 182/300 [00:50<01:16,  1.55it/s]
 61%|██████    | 183/300 [00:51<01:14,  1.58it/s]
 61%|██████▏   | 184/300 [00:51<01:12,  1.61it/s]
 62%|██████▏   | 185/300 [00:52<01:11,  1.60it/s]
 62%|██████▏   | 186/300 [00:53<01:09,  1.63it/s]
 62%|██████▏   | 187/300 [00:53<01:09,  1.62it/s]
 63%|██████▎   | 188/300 [00:54<01:07,  1.66it/s]
 63%|██████▎   | 189/300 [00:54<01:05,  1.69it/s]
 63%|██████▎   | 190/300 [00:55<01:03,  1.74it/s]
 64%|██████▎   | 191/300 [00:55<01:01,  1.78it/s]
 64%|██████▍   | 192/300 [00:56<00:57,  1.87it/s]
 64%|██████▍   | 193/300 [00:56<00:55,  1.91it/s]
 65%|██████▍   | 194/300 [00:57<00:55,  1.92it/s]
 65%|██████▌   | 195/300 [00:58<00:55,  1.89it/s]
 65%|██████▌   | 196/300 [00:58<00:53,  1.94it/s]
 66%|██████▌   | 197/300 [00:58<00:51,  1.99it/s]
 66%|██████▌   | 198/300 [00:59<00:50,  2.01it/s]
 66%|██████▋   | 199/300 [01:00<00:54,  1.86it/s]
 67%|██████▋   | 200/300 [01:00<00:56,  1.76it/s]
 67%|██████▋   | 201/300 [01:01<00:57,  1.71it/s]
 67%|██████▋   | 202/300 [01:01<00:57,  1.70it/s]
 68%|██████▊   | 203/300 [01:02<00:55,  1.74it/s]
 68%|██████▊   | 204/300 [01:03<00:55,  1.73it/s]
 68%|██████▊   | 205/300 [01:03<00:55,  1.70it/s]
 69%|██████▊   | 206/300 [01:04<00:55,  1.71it/s]
 69%|██████▉   | 207/300 [01:04<00:51,  1.81it/s]
 69%|██████▉   | 208/300 [01:05<00:56,  1.62it/s]
 70%|██████▉   | 209/300 [01:06<00:59,  1.52it/s]
 70%|███████   | 210/300 [01:06<00:58,  1.54it/s]
 70%|███████   | 211/300 [01:07<00:55,  1.61it/s]
 71%|███████   | 212/300 [01:08<00:58,  1.50it/s]
 71%|███████   | 213/300 [01:08<00:57,  1.52it/s]
 71%|███████▏  | 214/300 [01:09<00:54,  1.58it/s]
 72%|███████▏  | 215/300 [01:10<00:54,  1.57it/s]
 72%|███████▏  | 216/300 [01:10<00:52,  1.61it/s]
 72%|███████▏  | 217/300 [01:11<00:52,  1.59it/s]
 73%|███████▎  | 218/300 [01:11<00:51,  1.59it/s]
 73%|███████▎  | 219/300 [01:12<00:50,  1.60it/s]
 73%|███████▎  | 220/300 [01:13<00:50,  1.59it/s]
 74%|███████▎  | 221/300 [01:13<00:48,  1.62it/s]
 74%|███████▍  | 222/300 [01:14<00:47,  1.66it/s]
 74%|███████▍  | 223/300 [01:14<00:47,  1.63it/s]
 75%|███████▍  | 224/300 [01:15<00:45,  1.69it/s]
 75%|███████▌  | 225/300 [01:16<00:44,  1.67it/s]
 75%|███████▌  | 226/300 [01:17<00:53,  1.38it/s]
 76%|███████▌  | 227/300 [01:17<00:49,  1.46it/s]
 76%|███████▌  | 228/300 [01:18<00:46,  1.53it/s]
 76%|███████▋  | 229/300 [01:18<00:43,  1.63it/s]
 77%|███████▋  | 230/300 [01:19<00:43,  1.63it/s]
 77%|███████▋  | 231/300 [01:20<00:42,  1.61it/s]
 77%|███████▋  | 232/300 [01:20<00:43,  1.56it/s]
 78%|███████▊  | 233/300 [01:21<00:41,  1.60it/s]
 78%|███████▊  | 234/300 [01:22<00:43,  1.51it/s]
 78%|███████▊  | 235/300 [01:22<00:45,  1.44it/s]
 79%|███████▊  | 236/300 [01:23<00:45,  1.40it/s]
 79%|███████▉  | 237/300 [01:24<00:46,  1.37it/s]
 79%|███████▉  | 238/300 [01:25<00:42,  1.46it/s]
 80%|███████▉  | 239/300 [01:25<00:41,  1.46it/s]
 80%|████████  | 240/300 [01:26<00:40,  1.48it/s]
 80%|████████  | 241/300 [01:26<00:39,  1.50it/s]
 81%|████████  | 242/300 [01:27<00:41,  1.38it/s]
 81%|████████  | 243/300 [01:28<00:39,  1.45it/s]
 81%|████████▏ | 244/300 [01:29<00:38,  1.46it/s]
 82%|████████▏ | 245/300 [01:29<00:36,  1.51it/s]
 82%|████████▏ | 246/300 [01:30<00:33,  1.61it/s]
 82%|████████▏ | 247/300 [01:30<00:31,  1.66it/s]
 83%|████████▎ | 248/300 [01:31<00:30,  1.71it/s]
 83%|████████▎ | 249/300 [01:31<00:29,  1.73it/s]
 83%|████████▎ | 250/300 [01:32<00:28,  1.73it/s]
 84%|████████▎ | 251/300 [01:33<00:29,  1.68it/s]
 84%|████████▍ | 252/300 [01:33<00:28,  1.70it/s]
 84%|████████▍ | 253/300 [01:34<00:26,  1.76it/s]
 85%|████████▍ | 254/300 [01:34<00:25,  1.84it/s]
 85%|████████▌ | 255/300 [01:35<00:23,  1.94it/s]
 85%|████████▌ | 256/300 [01:35<00:23,  1.90it/s]
 86%|████████▌ | 257/300 [01:36<00:24,  1.73it/s]
 86%|████████▌ | 258/300 [01:37<00:25,  1.62it/s]
 86%|████████▋ | 259/300 [01:37<00:26,  1.57it/s]
 87%|████████▋ | 260/300 [01:38<00:25,  1.55it/s]
 87%|████████▋ | 261/300 [01:39<00:24,  1.60it/s]
 87%|████████▋ | 262/300 [01:39<00:22,  1.69it/s]
 88%|████████▊ | 263/300 [01:40<00:22,  1.63it/s]
 88%|████████▊ | 264/300 [01:41<00:23,  1.52it/s]
 88%|████████▊ | 265/300 [01:41<00:23,  1.48it/s]
 89%|████████▊ | 266/300 [01:42<00:23,  1.46it/s]
 89%|████████▉ | 267/300 [01:43<00:22,  1.47it/s]
 89%|████████▉ | 268/300 [01:43<00:22,  1.41it/s]
 90%|████████▉ | 269/300 [01:44<00:22,  1.40it/s]
 90%|█████████ | 270/300 [01:45<00:20,  1.45it/s]
 90%|█████████ | 271/300 [01:46<00:23,  1.23it/s]
 91%|█████████ | 272/300 [01:47<00:21,  1.29it/s]
 91%|█████████ | 273/300 [01:47<00:19,  1.39it/s]
 91%|█████████▏| 274/300 [01:48<00:17,  1.45it/s]
 92%|█████████▏| 275/300 [01:48<00:16,  1.53it/s]
 92%|█████████▏| 276/300 [01:49<00:15,  1.60it/s]
 92%|█████████▏| 277/300 [01:49<00:14,  1.62it/s]
 93%|█████████▎| 278/300 [01:50<00:13,  1.60it/s]
 93%|█████████▎| 279/300 [01:51<00:13,  1.60it/s]
 93%|█████████▎| 280/300 [01:51<00:12,  1.59it/s]
 94%|█████████▎| 281/300 [01:52<00:13,  1.37it/s]
 94%|█████████▍| 282/300 [01:53<00:14,  1.28it/s]
 94%|█████████▍| 283/300 [01:54<00:12,  1.31it/s]
 95%|█████████▍| 284/300 [01:55<00:11,  1.35it/s]
 95%|█████████▌| 285/300 [01:56<00:11,  1.26it/s]
 95%|█████████▌| 286/300 [01:57<00:12,  1.16it/s]
 96%|█████████▌| 287/300 [01:58<00:11,  1.13it/s]
 96%|█████████▌| 288/300 [01:59<00:11,  1.07it/s]
 96%|█████████▋| 289/300 [02:00<00:10,  1.01it/s]
 97%|█████████▋| 290/300 [02:01<00:11,  1.10s/it]
 97%|█████████▋| 291/300 [02:02<00:09,  1.08s/it]
 97%|█████████▋| 292/300 [02:03<00:09,  1.16s/it]
 98%|█████████▊| 293/300 [02:05<00:08,  1.21s/it]
 98%|█████████▊| 294/300 [02:06<00:07,  1.19s/it]
 98%|█████████▊| 295/300 [02:07<00:06,  1.23s/it]
 99%|█████████▊| 296/300 [02:09<00:05,  1.29s/it]
 99%|█████████▉| 297/300 [02:11<00:04,  1.58s/it]
 99%|█████████▉| 298/300 [02:13<00:03,  1.79s/it]
100%|█████████▉| 299/300 [02:16<00:02,  2.01s/it]
100%|██████████| 300/300 [02:18<00:00,  2.09s/it]
100%|██████████| 300/300 [02:18<00:00,  2.17it/s]
